2024-11-14 17:23:47,681 - log - INFO - 开始神魔抽卡模式
2024-11-14 17:23:47,741 - log - INFO - 时间窗口期  小时：2-50 分钟: 1-59
2024-11-14 17:23:47,741 - log - INFO - ================================时间符合:17:23
2024-11-14 17:23:47,741 - log - INFO - 当前库存数 白票:60, 红票:30, 水晶球:40
2024-11-14 17:23:49,773 - log - INFO - 进入主页面
2024-11-14 17:23:58,704 - log - INFO - 主页面跳转+调整时间完成
2024-11-14 17:24:10,227 - log - INFO - 开始普池第一抽
2024-11-14 17:24:36,763 - log - INFO - 普池第一抽颜色:GREEN
2024-11-14 17:24:36,763 - log - INFO - 普池第一抽绿色,重新开始
2024-11-14 17:24:36,763 - log - INFO - ================================时间符合:17:24
2024-11-14 17:24:36,763 - log - INFO - 当前库存数 白票:59, 红票:30, 水晶球:40
2024-11-14 17:24:48,903 - log - INFO - 进入主页面
2024-11-14 17:24:57,266 - log - INFO - 主页面跳转+调整时间完成
2024-11-14 17:25:08,997 - log - INFO - 开始普池第一抽
2024-11-14 17:26:01,075 - log - INFO - 普池第一抽颜色:PURPLE
2024-11-14 17:26:01,075 - log - INFO - 普池进入第二抽
2024-11-14 17:26:07,393 - log - INFO - 普池第二抽颜色:GREEN
2024-11-14 17:26:07,393 - log - INFO - 普池第二抽绿色,重新开始
2024-11-14 17:26:07,393 - log - INFO - ================================时间符合:17:26
2024-11-14 17:26:07,394 - log - INFO - 当前库存数 白票:57, 红票:30, 水晶球:40
2024-11-14 17:26:10,929 - log - INFO - 进入主页面失败,重新开始
