2024-11-21 14:07:44,445 - log - INFO - 开始史诗抽卡模式
2024-11-21 14:07:44,453 - log - INFO - 时间窗口期  小时：2-50 分钟: 1-300
2024-11-21 14:07:44,453 - log - INFO - ================================时间符合:14:7
2024-11-21 14:07:44,453 - log - INFO - 当前库存数 白票:60, 红票:30, 水晶球:40
2024-11-21 14:07:45,535 - log - INFO - 进入主页面失败,重新开始
2024-11-21 14:07:45,536 - log - INFO - ================================时间符合:14:7
2024-11-21 14:07:45,536 - log - INFO - 当前库存数 白票:60, 红票:30, 水晶球:40
2024-11-21 14:07:46,305 - log - INFO - 进入主页面失败,重新开始
2024-11-21 14:07:46,306 - log - INFO - ================================时间符合:14:7
2024-11-21 14:07:46,306 - log - INFO - 当前库存数 白票:60, 红票:30, 水晶球:40
2024-11-21 14:07:47,056 - log - INFO - 进入主页面失败,重新开始
2024-11-21 14:07:47,057 - log - INFO - ================================时间符合:14:7
2024-11-21 14:07:47,057 - log - INFO - 当前库存数 白票:60, 红票:30, 水晶球:40
2024-11-21 14:07:47,813 - log - INFO - 进入主页面失败,重新开始
2024-11-21 14:07:47,813 - log - INFO - ================================时间符合:14:7
2024-11-21 14:07:47,813 - log - INFO - 当前库存数 白票:60, 红票:30, 水晶球:40
2024-11-21 14:07:48,582 - log - INFO - 进入主页面失败,重新开始
2024-11-21 14:07:48,582 - log - INFO - ================================时间符合:14:7
2024-11-21 14:07:48,583 - log - INFO - 当前库存数 白票:60, 红票:30, 水晶球:40
2024-11-21 14:07:49,365 - log - INFO - 进入主页面失败,重新开始
2024-11-21 14:07:49,365 - log - INFO - ================================时间符合:14:7
2024-11-21 14:07:49,365 - log - INFO - 当前库存数 白票:60, 红票:30, 水晶球:40
2024-11-21 14:07:50,131 - log - INFO - 进入主页面失败,重新开始
2024-11-21 14:07:50,131 - log - INFO - ================================时间符合:14:7
2024-11-21 14:07:50,131 - log - INFO - 当前库存数 白票:60, 红票:30, 水晶球:40
2024-11-21 14:07:50,894 - log - INFO - 进入主页面失败,重新开始
2024-11-21 14:07:50,894 - log - INFO - ================================时间符合:14:7
2024-11-21 14:07:50,894 - log - INFO - 当前库存数 白票:60, 红票:30, 水晶球:40
2024-11-21 14:07:51,659 - log - INFO - 进入主页面失败,重新开始
2024-11-21 14:07:51,659 - log - INFO - ================================时间符合:14:7
2024-11-21 14:07:51,659 - log - INFO - 当前库存数 白票:60, 红票:30, 水晶球:40
2024-11-21 14:07:52,448 - log - INFO - 进入主页面失败,重新开始
2024-11-21 14:07:52,448 - log - INFO - ================================时间符合:14:7
2024-11-21 14:07:52,448 - log - INFO - 当前库存数 白票:60, 红票:30, 水晶球:40
2024-11-21 14:07:53,224 - log - INFO - 进入主页面失败,重新开始
2024-11-21 14:07:53,224 - log - INFO - ================================时间符合:14:7
2024-11-21 14:07:53,224 - log - INFO - 当前库存数 白票:60, 红票:30, 水晶球:40
2024-11-21 14:07:54,007 - log - INFO - 进入主页面失败,重新开始
2024-11-21 14:07:54,007 - log - INFO - ================================时间符合:14:7
2024-11-21 14:07:54,008 - log - INFO - 当前库存数 白票:60, 红票:30, 水晶球:40
2024-11-21 14:07:54,786 - log - INFO - 进入主页面失败,重新开始
2024-11-21 14:07:54,786 - log - INFO - ================================时间符合:14:7
2024-11-21 14:07:54,786 - log - INFO - 当前库存数 白票:60, 红票:30, 水晶球:40
2024-11-21 14:07:55,560 - log - INFO - 进入主页面失败,重新开始
2024-11-21 14:07:55,560 - log - INFO - ================================时间符合:14:7
2024-11-21 14:07:55,560 - log - INFO - 当前库存数 白票:60, 红票:30, 水晶球:40
2024-11-21 14:07:56,324 - log - INFO - 进入主页面失败,重新开始
2024-11-21 14:07:56,325 - log - INFO - ================================时间符合:14:7
2024-11-21 14:07:56,325 - log - INFO - 当前库存数 白票:60, 红票:30, 水晶球:40
2024-11-21 14:07:57,079 - log - INFO - 进入主页面失败,重新开始
2024-11-21 14:07:57,080 - log - INFO - ================================时间符合:14:7
2024-11-21 14:07:57,080 - log - INFO - 当前库存数 白票:60, 红票:30, 水晶球:40
2024-11-21 14:07:57,839 - log - INFO - 进入主页面失败,重新开始
2024-11-21 14:07:57,839 - log - INFO - ================================时间符合:14:7
2024-11-21 14:07:57,839 - log - INFO - 当前库存数 白票:60, 红票:30, 水晶球:40
2024-11-21 14:07:58,619 - log - INFO - 进入主页面失败,重新开始
2024-11-21 14:07:58,620 - log - INFO - ================================时间符合:14:7
2024-11-21 14:07:58,620 - log - INFO - 当前库存数 白票:60, 红票:30, 水晶球:40
2024-11-21 14:07:59,417 - log - INFO - 进入主页面失败,重新开始
2024-11-21 14:07:59,417 - log - INFO - ================================时间符合:14:7
2024-11-21 14:07:59,417 - log - INFO - 当前库存数 白票:60, 红票:30, 水晶球:40
2024-11-21 14:08:00,206 - log - INFO - 进入主页面失败,重新开始
