2024-11-27 09:15:18,104 - log - INFO - 开始自动挂机模式
2024-11-27 09:15:19,121 - log - INFO - 当前使用第1个通关作业,当前尝试次数:0
2024-11-27 09:15:19,121 - log - INFO - 进入准备战斗页面
2024-11-27 09:16:31,767 - log - INFO - 当前使用第1个通关作业,当前尝试次数:0
2024-11-27 09:16:31,767 - log - INFO - 进入准备战斗页面
2024-11-27 09:17:10,773 - log - INFO - 当前使用第1个通关作业,当前尝试次数:1
2024-11-27 09:17:10,773 - log - INFO - 进入准备战斗页面
2024-11-27 09:18:24,172 - log - INFO - 当前使用第1个通关作业,当前尝试次数:0
2024-11-27 09:18:24,172 - log - INFO - 进入准备战斗页面
2024-11-27 09:19:03,034 - log - INFO - 当前使用第1个通关作业,当前尝试次数:1
2024-11-27 09:19:03,034 - log - INFO - 进入准备战斗页面
2024-11-27 09:20:07,089 - log - INFO - 当前使用第1个通关作业,当前尝试次数:0
2024-11-27 09:20:07,090 - log - INFO - 进入准备战斗页面
2024-11-27 09:20:42,504 - log - INFO - 当前使用第1个通关作业,当前尝试次数:1
2024-11-27 09:20:42,504 - log - INFO - 进入准备战斗页面
2024-11-27 09:21:26,708 - log - INFO - 当前使用第1个通关作业,当前尝试次数:2
2024-11-27 09:21:26,709 - log - INFO - 进入准备战斗页面
2024-11-27 09:22:09,288 - log - INFO - 当前使用第1个通关作业,当前尝试次数:3
2024-11-27 09:22:09,288 - log - INFO - 进入准备战斗页面
2024-11-27 09:22:46,688 - log - INFO - 当前使用第1个通关作业,当前尝试次数:4
2024-11-27 09:22:46,688 - log - INFO - 进入准备战斗页面
2024-11-27 09:23:25,453 - log - INFO - 当前使用第1个通关作业,当前尝试次数:5
2024-11-27 09:23:25,454 - log - INFO - 进入准备战斗页面
2024-11-27 09:24:04,623 - log - INFO - 当前使用第1个通关作业,当前尝试次数:6
2024-11-27 09:24:04,623 - log - INFO - 进入准备战斗页面
2024-11-27 09:24:45,254 - log - INFO - 当前使用第2个通关作业,当前尝试次数:1
2024-11-27 09:24:45,254 - log - INFO - 进入准备战斗页面
2024-11-27 09:25:32,044 - log - INFO - 当前使用第2个通关作业,当前尝试次数:2
2024-11-27 09:25:32,045 - log - INFO - 进入准备战斗页面
2024-11-27 09:26:19,235 - log - INFO - 当前使用第2个通关作业,当前尝试次数:3
2024-11-27 09:26:19,235 - log - INFO - 进入准备战斗页面
2024-11-27 09:27:08,192 - log - INFO - 当前使用第2个通关作业,当前尝试次数:4
2024-11-27 09:27:08,192 - log - INFO - 进入准备战斗页面
2024-11-27 09:28:00,003 - log - INFO - 当前使用第2个通关作业,当前尝试次数:5
2024-11-27 09:28:00,006 - log - INFO - 进入准备战斗页面
2024-11-27 09:28:42,407 - log - INFO - 当前使用第2个通关作业,当前尝试次数:6
2024-11-27 09:28:42,407 - log - INFO - 进入准备战斗页面
2024-11-27 09:29:48,308 - log - INFO - 当前使用第1个通关作业,当前尝试次数:0
2024-11-27 09:29:48,308 - log - INFO - 进入准备战斗页面
2024-11-27 09:30:58,715 - log - INFO - 当前使用第1个通关作业,当前尝试次数:0
2024-11-27 09:30:58,716 - log - INFO - 进入准备战斗页面
2024-11-27 09:32:10,419 - log - INFO - 当前使用第1个通关作业,当前尝试次数:0
2024-11-27 09:32:10,420 - log - INFO - 进入准备战斗页面
2024-11-27 09:32:43,539 - log - INFO - 当前使用第1个通关作业,当前尝试次数:1
2024-11-27 09:32:43,539 - log - INFO - 进入准备战斗页面
2024-11-27 09:33:16,564 - log - INFO - 当前使用第1个通关作业,当前尝试次数:2
2024-11-27 09:33:16,566 - log - INFO - 进入准备战斗页面
2024-11-27 09:33:49,775 - log - INFO - 当前使用第1个通关作业,当前尝试次数:3
2024-11-27 09:33:49,775 - log - INFO - 进入准备战斗页面
2024-11-27 09:34:22,942 - log - INFO - 当前使用第1个通关作业,当前尝试次数:4
2024-11-27 09:34:22,942 - log - INFO - 进入准备战斗页面
2024-11-27 09:34:55,722 - log - INFO - 当前使用第1个通关作业,当前尝试次数:5
2024-11-27 09:34:55,722 - log - INFO - 进入准备战斗页面
2024-11-27 09:35:27,533 - log - INFO - 当前使用第1个通关作业,当前尝试次数:6
2024-11-27 09:35:27,533 - log - INFO - 进入准备战斗页面
2024-11-27 09:36:42,279 - log - INFO - 当前使用第1个通关作业,当前尝试次数:0
2024-11-27 09:36:42,279 - log - INFO - 进入准备战斗页面
2024-11-27 09:37:51,049 - log - INFO - 当前使用第1个通关作业,当前尝试次数:0
2024-11-27 09:37:51,049 - log - INFO - 进入准备战斗页面
2024-11-27 09:38:58,240 - log - INFO - 当前使用第1个通关作业,当前尝试次数:0
2024-11-27 09:38:58,241 - log - INFO - 进入准备战斗页面
2024-11-27 09:40:08,803 - log - INFO - 当前使用第1个通关作业,当前尝试次数:0
2024-11-27 09:40:08,803 - log - INFO - 进入准备战斗页面
2024-11-27 09:41:25,584 - log - INFO - 当前使用第1个通关作业,当前尝试次数:0
2024-11-27 09:41:25,584 - log - INFO - 进入准备战斗页面
2024-11-27 09:42:43,582 - log - INFO - 当前使用第1个通关作业,当前尝试次数:1
2024-11-27 09:42:43,582 - log - INFO - 进入准备战斗页面
2024-11-27 09:43:22,736 - log - INFO - 当前使用第1个通关作业,当前尝试次数:2
2024-11-27 09:43:22,736 - log - INFO - 进入准备战斗页面
2024-11-27 09:43:56,138 - log - INFO - 当前使用第1个通关作业,当前尝试次数:3
2024-11-27 09:43:56,138 - log - INFO - 进入准备战斗页面
2024-11-27 09:44:29,530 - log - INFO - 当前使用第1个通关作业,当前尝试次数:4
2024-11-27 09:44:29,530 - log - INFO - 进入准备战斗页面
2024-11-27 09:45:05,118 - log - INFO - 当前使用第1个通关作业,当前尝试次数:5
2024-11-27 09:45:05,118 - log - INFO - 进入准备战斗页面
2024-11-27 09:45:38,494 - log - INFO - 当前使用第1个通关作业,当前尝试次数:6
2024-11-27 09:45:38,494 - log - INFO - 进入准备战斗页面
2024-11-27 09:46:26,294 - log - INFO - 当前使用第1个通关作业,当前尝试次数:0
2024-11-27 09:46:26,294 - log - INFO - 进入准备战斗页面
2024-11-27 09:47:45,468 - log - INFO - 当前使用第1个通关作业,当前尝试次数:0
2024-11-27 09:47:45,468 - log - INFO - 进入准备战斗页面
2024-11-27 09:49:01,422 - log - INFO - 当前使用第1个通关作业,当前尝试次数:1
2024-11-27 09:49:01,423 - log - INFO - 进入准备战斗页面
2024-11-27 09:49:42,619 - log - INFO - 当前使用第1个通关作业,当前尝试次数:2
2024-11-27 09:49:42,619 - log - INFO - 进入准备战斗页面
2024-11-27 09:50:19,837 - log - INFO - 当前使用第1个通关作业,当前尝试次数:3
2024-11-27 09:50:19,837 - log - INFO - 进入准备战斗页面
2024-11-27 09:51:00,612 - log - INFO - 当前使用第1个通关作业,当前尝试次数:4
2024-11-27 09:51:00,612 - log - INFO - 进入准备战斗页面
2024-11-27 09:51:37,985 - log - INFO - 当前使用第1个通关作业,当前尝试次数:5
2024-11-27 09:51:37,985 - log - INFO - 进入准备战斗页面
2024-11-27 09:52:17,780 - log - INFO - 当前使用第1个通关作业,当前尝试次数:6
2024-11-27 09:52:17,780 - log - INFO - 进入准备战斗页面
2024-11-27 09:53:06,261 - log - INFO - 进入抄作业页面失败,重新开始
2024-11-27 09:53:07,620 - log - INFO - 当前使用第2个通关作业,当前尝试次数:0
2024-11-27 09:53:42,819 - log - INFO - 进入主页面失败,重新开始
2024-11-27 09:53:44,174 - log - INFO - 当前使用第2个通关作业,当前尝试次数:0
2024-11-27 09:54:19,241 - log - INFO - 进入主页面失败,重新开始
2024-11-27 09:54:20,585 - log - INFO - 当前使用第2个通关作业,当前尝试次数:0
2024-11-27 09:54:55,830 - log - INFO - 进入主页面失败,重新开始
2024-11-27 09:54:57,187 - log - INFO - 当前使用第2个通关作业,当前尝试次数:0
2024-11-27 09:55:32,389 - log - INFO - 进入主页面失败,重新开始
2024-11-27 09:55:33,730 - log - INFO - 当前使用第2个通关作业,当前尝试次数:0
2024-11-27 09:56:08,820 - log - INFO - 进入主页面失败,重新开始
2024-11-27 09:56:10,177 - log - INFO - 当前使用第2个通关作业,当前尝试次数:0
2024-11-27 09:56:45,338 - log - INFO - 进入主页面失败,重新开始
2024-11-27 09:56:46,714 - log - INFO - 当前使用第2个通关作业,当前尝试次数:0
2024-11-27 09:57:21,944 - log - INFO - 进入主页面失败,重新开始
2024-11-27 09:57:23,330 - log - INFO - 当前使用第2个通关作业,当前尝试次数:0
2024-11-27 09:57:58,532 - log - INFO - 进入主页面失败,重新开始
2024-11-27 09:57:59,904 - log - INFO - 当前使用第2个通关作业,当前尝试次数:0
2024-11-27 09:58:35,159 - log - INFO - 进入主页面失败,重新开始
2024-11-27 09:58:36,513 - log - INFO - 当前使用第2个通关作业,当前尝试次数:0
2024-11-27 09:59:33,518 - log - INFO - 进入主页面失败,重新开始
2024-11-27 09:59:34,874 - log - INFO - 当前使用第2个通关作业,当前尝试次数:0
2024-11-27 10:00:10,107 - log - INFO - 进入主页面失败,重新开始
2024-11-27 10:00:11,470 - log - INFO - 当前使用第2个通关作业,当前尝试次数:0
2024-11-27 10:00:46,736 - log - INFO - 进入主页面失败,重新开始
2024-11-27 10:00:48,098 - log - INFO - 当前使用第2个通关作业,当前尝试次数:0
2024-11-27 10:01:23,466 - log - INFO - 进入主页面失败,重新开始
2024-11-27 10:01:24,817 - log - INFO - 当前使用第2个通关作业,当前尝试次数:0
2024-11-27 10:01:59,882 - log - INFO - 进入主页面失败,重新开始
2024-11-27 10:02:01,234 - log - INFO - 当前使用第2个通关作业,当前尝试次数:0
2024-11-27 10:02:36,278 - log - INFO - 进入主页面失败,重新开始
2024-11-27 10:02:37,623 - log - INFO - 当前使用第2个通关作业,当前尝试次数:0
2024-11-27 10:03:12,811 - log - INFO - 进入主页面失败,重新开始
2024-11-27 10:03:14,170 - log - INFO - 当前使用第2个通关作业,当前尝试次数:0
2024-11-27 10:03:49,214 - log - INFO - 进入主页面失败,重新开始
2024-11-27 10:03:50,573 - log - INFO - 当前使用第2个通关作业,当前尝试次数:0
2024-11-27 10:04:25,459 - log - INFO - 进入主页面失败,重新开始
2024-11-27 10:04:26,816 - log - INFO - 当前使用第2个通关作业,当前尝试次数:0
2024-11-27 10:05:01,833 - log - INFO - 进入主页面失败,重新开始
2024-11-27 10:05:03,181 - log - INFO - 当前使用第2个通关作业,当前尝试次数:0
2024-11-27 10:06:14,385 - log - INFO - 进入主页面失败,重新开始
2024-11-27 10:06:15,760 - log - INFO - 当前使用第2个通关作业,当前尝试次数:0
2024-11-27 10:06:50,980 - log - INFO - 进入主页面失败,重新开始
2024-11-27 10:06:52,331 - log - INFO - 当前使用第2个通关作业,当前尝试次数:0
2024-11-27 10:07:27,384 - log - INFO - 进入主页面失败,重新开始
2024-11-27 10:07:28,740 - log - INFO - 当前使用第2个通关作业,当前尝试次数:0
2024-11-27 10:08:03,770 - log - INFO - 进入主页面失败,重新开始
2024-11-27 10:08:05,126 - log - INFO - 当前使用第2个通关作业,当前尝试次数:0
2024-11-27 10:08:40,324 - log - INFO - 进入主页面失败,重新开始
2024-11-27 10:08:41,680 - log - INFO - 当前使用第2个通关作业,当前尝试次数:0
2024-11-27 10:09:16,716 - log - INFO - 进入主页面失败,重新开始
2024-11-27 10:09:18,083 - log - INFO - 当前使用第2个通关作业,当前尝试次数:0
2024-11-27 10:09:53,150 - log - INFO - 进入主页面失败,重新开始
2024-11-27 10:09:54,499 - log - INFO - 当前使用第2个通关作业,当前尝试次数:0
2024-11-27 10:10:29,702 - log - INFO - 进入主页面失败,重新开始
2024-11-27 10:10:31,053 - log - INFO - 当前使用第2个通关作业,当前尝试次数:0
2024-11-27 10:11:06,305 - log - INFO - 进入主页面失败,重新开始
2024-11-27 10:11:07,668 - log - INFO - 当前使用第2个通关作业,当前尝试次数:0
2024-11-27 10:11:42,876 - log - INFO - 进入主页面失败,重新开始
2024-11-27 10:11:44,228 - log - INFO - 当前使用第2个通关作业,当前尝试次数:0
2024-11-27 10:12:45,853 - log - INFO - 进入主页面失败,重新开始
2024-11-27 10:12:47,219 - log - INFO - 当前使用第2个通关作业,当前尝试次数:0
2024-11-27 10:13:22,488 - log - INFO - 进入主页面失败,重新开始
2024-11-27 10:13:23,859 - log - INFO - 当前使用第2个通关作业,当前尝试次数:0
2024-11-27 10:13:58,866 - log - INFO - 进入主页面失败,重新开始
2024-11-27 10:14:00,218 - log - INFO - 当前使用第2个通关作业,当前尝试次数:0
2024-11-27 10:14:35,410 - log - INFO - 进入主页面失败,重新开始
2024-11-27 10:14:36,759 - log - INFO - 当前使用第2个通关作业,当前尝试次数:0
2024-11-27 10:15:11,634 - log - INFO - 进入主页面失败,重新开始
2024-11-27 10:15:12,989 - log - INFO - 当前使用第2个通关作业,当前尝试次数:0
2024-11-27 10:15:48,188 - log - INFO - 进入主页面失败,重新开始
2024-11-27 10:15:49,535 - log - INFO - 当前使用第2个通关作业,当前尝试次数:0
2024-11-27 10:16:24,783 - log - INFO - 进入主页面失败,重新开始
2024-11-27 10:16:26,120 - log - INFO - 当前使用第2个通关作业,当前尝试次数:0
2024-11-27 10:17:01,208 - log - INFO - 进入主页面失败,重新开始
2024-11-27 10:17:02,596 - log - INFO - 当前使用第2个通关作业,当前尝试次数:0
2024-11-27 10:17:37,790 - log - INFO - 进入主页面失败,重新开始
2024-11-27 10:17:39,157 - log - INFO - 当前使用第2个通关作业,当前尝试次数:0
2024-11-27 10:18:14,195 - log - INFO - 进入主页面失败,重新开始
2024-11-27 10:18:15,551 - log - INFO - 当前使用第2个通关作业,当前尝试次数:0
2024-11-27 10:19:17,325 - log - INFO - 进入主页面失败,重新开始
2024-11-27 10:19:18,706 - log - INFO - 当前使用第2个通关作业,当前尝试次数:0
2024-11-27 10:19:53,904 - log - INFO - 进入主页面失败,重新开始
2024-11-27 10:19:55,283 - log - INFO - 当前使用第2个通关作业,当前尝试次数:0
2024-11-27 10:20:30,354 - log - INFO - 进入主页面失败,重新开始
2024-11-27 10:20:31,721 - log - INFO - 当前使用第2个通关作业,当前尝试次数:0
2024-11-27 10:21:06,882 - log - INFO - 进入主页面失败,重新开始
2024-11-27 10:21:08,228 - log - INFO - 当前使用第2个通关作业,当前尝试次数:0
2024-11-27 10:21:43,284 - log - INFO - 进入主页面失败,重新开始
2024-11-27 10:21:44,651 - log - INFO - 当前使用第2个通关作业,当前尝试次数:0
2024-11-27 10:22:19,702 - log - INFO - 进入主页面失败,重新开始
2024-11-27 10:22:21,069 - log - INFO - 当前使用第2个通关作业,当前尝试次数:0
2024-11-27 10:22:56,259 - log - INFO - 进入主页面失败,重新开始
2024-11-27 10:22:57,614 - log - INFO - 当前使用第2个通关作业,当前尝试次数:0
2024-11-27 10:23:32,843 - log - INFO - 进入主页面失败,重新开始
2024-11-27 10:23:34,188 - log - INFO - 当前使用第2个通关作业,当前尝试次数:0
2024-11-27 10:24:09,433 - log - INFO - 进入主页面失败,重新开始
2024-11-27 10:24:10,795 - log - INFO - 当前使用第2个通关作业,当前尝试次数:0
2024-11-27 10:24:46,062 - log - INFO - 进入主页面失败,重新开始
2024-11-27 10:24:47,440 - log - INFO - 当前使用第2个通关作业,当前尝试次数:0
2024-11-27 10:25:24,713 - log - INFO - 进入主页面失败,重新开始
2024-11-27 10:25:26,217 - log - INFO - 当前使用第2个通关作业,当前尝试次数:0
2024-11-27 10:26:10,394 - log - INFO - 进入主页面失败,重新开始
2024-11-27 10:26:11,747 - log - INFO - 当前使用第2个通关作业,当前尝试次数:0
2024-11-27 10:26:46,977 - log - INFO - 进入主页面失败,重新开始
2024-11-27 10:26:48,330 - log - INFO - 当前使用第2个通关作业,当前尝试次数:0
2024-11-27 10:27:23,366 - log - INFO - 进入主页面失败,重新开始
2024-11-27 10:27:24,721 - log - INFO - 当前使用第2个通关作业,当前尝试次数:0
2024-11-27 10:27:59,596 - log - INFO - 进入主页面失败,重新开始
2024-11-27 10:28:00,973 - log - INFO - 当前使用第2个通关作业,当前尝试次数:0
2024-11-27 10:28:36,138 - log - INFO - 进入主页面失败,重新开始
2024-11-27 10:28:37,485 - log - INFO - 当前使用第2个通关作业,当前尝试次数:0
2024-11-27 10:29:12,585 - log - INFO - 进入主页面失败,重新开始
2024-11-27 10:29:13,942 - log - INFO - 当前使用第2个通关作业,当前尝试次数:0
2024-11-27 10:29:49,129 - log - INFO - 进入主页面失败,重新开始
2024-11-27 10:29:50,483 - log - INFO - 当前使用第2个通关作业,当前尝试次数:0
2024-11-27 10:30:25,522 - log - INFO - 进入主页面失败,重新开始
2024-11-27 10:30:26,884 - log - INFO - 当前使用第2个通关作业,当前尝试次数:0
2024-11-27 10:31:02,123 - log - INFO - 进入主页面失败,重新开始
2024-11-27 10:31:03,481 - log - INFO - 当前使用第2个通关作业,当前尝试次数:0
2024-11-27 10:31:38,701 - log - INFO - 进入主页面失败,重新开始
2024-11-27 10:31:40,053 - log - INFO - 当前使用第2个通关作业,当前尝试次数:0
2024-11-27 10:32:17,364 - log - INFO - 进入主页面失败,重新开始
2024-11-27 10:32:18,902 - log - INFO - 当前使用第2个通关作业,当前尝试次数:0
2024-11-27 10:33:16,678 - log - INFO - 进入主页面失败,重新开始
2024-11-27 10:33:18,039 - log - INFO - 当前使用第2个通关作业,当前尝试次数:0
2024-11-27 10:33:53,241 - log - INFO - 进入主页面失败,重新开始
2024-11-27 10:33:54,599 - log - INFO - 当前使用第2个通关作业,当前尝试次数:0
2024-11-27 10:34:29,689 - log - INFO - 进入主页面失败,重新开始
2024-11-27 10:34:31,038 - log - INFO - 当前使用第2个通关作业,当前尝试次数:0
2024-11-27 10:35:06,234 - log - INFO - 进入主页面失败,重新开始
2024-11-27 10:35:07,585 - log - INFO - 当前使用第2个通关作业,当前尝试次数:0
2024-11-27 10:35:42,811 - log - INFO - 进入主页面失败,重新开始
2024-11-27 10:35:44,150 - log - INFO - 当前使用第2个通关作业,当前尝试次数:0
2024-11-27 10:36:19,192 - log - INFO - 进入主页面失败,重新开始
2024-11-27 10:36:20,548 - log - INFO - 当前使用第2个通关作业,当前尝试次数:0
2024-11-27 10:36:55,800 - log - INFO - 进入主页面失败,重新开始
2024-11-27 10:36:57,171 - log - INFO - 当前使用第2个通关作业,当前尝试次数:0
2024-11-27 10:37:32,393 - log - INFO - 进入主页面失败,重新开始
2024-11-27 10:37:33,763 - log - INFO - 当前使用第2个通关作业,当前尝试次数:0
2024-11-27 10:38:09,007 - log - INFO - 进入主页面失败,重新开始
2024-11-27 10:38:10,367 - log - INFO - 当前使用第2个通关作业,当前尝试次数:0
2024-11-27 10:38:45,553 - log - INFO - 进入主页面失败,重新开始
2024-11-27 10:38:46,901 - log - INFO - 当前使用第2个通关作业,当前尝试次数:0
2024-11-27 10:39:48,319 - log - INFO - 进入主页面失败,重新开始
2024-11-27 10:39:49,675 - log - INFO - 当前使用第2个通关作业,当前尝试次数:0
2024-11-27 10:40:24,720 - log - INFO - 进入主页面失败,重新开始
2024-11-27 10:40:26,071 - log - INFO - 当前使用第2个通关作业,当前尝试次数:0
2024-11-27 10:41:01,321 - log - INFO - 进入主页面失败,重新开始
2024-11-27 10:41:02,674 - log - INFO - 当前使用第2个通关作业,当前尝试次数:0
2024-11-27 10:41:37,903 - log - INFO - 进入主页面失败,重新开始
2024-11-27 10:41:39,263 - log - INFO - 当前使用第2个通关作业,当前尝试次数:0
2024-11-27 10:42:14,478 - log - INFO - 进入主页面失败,重新开始
2024-11-27 10:42:15,821 - log - INFO - 当前使用第2个通关作业,当前尝试次数:0
2024-11-27 10:42:50,889 - log - INFO - 进入主页面失败,重新开始
2024-11-27 10:42:52,251 - log - INFO - 当前使用第2个通关作业,当前尝试次数:0
2024-11-27 10:43:27,466 - log - INFO - 进入主页面失败,重新开始
2024-11-27 10:43:28,813 - log - INFO - 当前使用第2个通关作业,当前尝试次数:0
2024-11-27 10:44:03,831 - log - INFO - 进入主页面失败,重新开始
2024-11-27 10:44:05,188 - log - INFO - 当前使用第2个通关作业,当前尝试次数:0
2024-11-27 10:44:40,253 - log - INFO - 进入主页面失败,重新开始
2024-11-27 10:44:41,613 - log - INFO - 当前使用第2个通关作业,当前尝试次数:0
2024-11-27 10:45:16,639 - log - INFO - 进入主页面失败,重新开始
2024-11-27 10:45:17,983 - log - INFO - 当前使用第2个通关作业,当前尝试次数:0
2024-11-27 10:46:29,016 - log - INFO - 进入主页面失败,重新开始
2024-11-27 10:46:30,346 - log - INFO - 当前使用第2个通关作业,当前尝试次数:0
2024-11-27 10:47:05,395 - log - INFO - 进入主页面失败,重新开始
2024-11-27 10:47:06,755 - log - INFO - 当前使用第2个通关作业,当前尝试次数:0
2024-11-27 10:47:41,985 - log - INFO - 进入主页面失败,重新开始
2024-11-27 10:47:43,342 - log - INFO - 当前使用第2个通关作业,当前尝试次数:0
2024-11-27 10:48:18,368 - log - INFO - 进入主页面失败,重新开始
2024-11-27 10:48:19,721 - log - INFO - 当前使用第2个通关作业,当前尝试次数:0
2024-11-27 10:48:54,615 - log - INFO - 进入主页面失败,重新开始
2024-11-27 10:48:55,977 - log - INFO - 当前使用第2个通关作业,当前尝试次数:0
2024-11-27 10:49:31,153 - log - INFO - 进入主页面失败,重新开始
2024-11-27 10:49:32,507 - log - INFO - 当前使用第2个通关作业,当前尝试次数:0
2024-11-27 10:50:07,557 - log - INFO - 进入主页面失败,重新开始
2024-11-27 10:50:08,904 - log - INFO - 当前使用第2个通关作业,当前尝试次数:0
2024-11-27 10:50:43,964 - log - INFO - 进入主页面失败,重新开始
2024-11-27 10:50:45,324 - log - INFO - 当前使用第2个通关作业,当前尝试次数:0
2024-11-27 10:51:20,362 - log - INFO - 进入主页面失败,重新开始
2024-11-27 10:51:21,718 - log - INFO - 当前使用第2个通关作业,当前尝试次数:0
2024-11-27 10:51:56,745 - log - INFO - 进入主页面失败,重新开始
2024-11-27 10:51:58,101 - log - INFO - 当前使用第2个通关作业,当前尝试次数:0
2024-11-27 10:53:08,694 - log - INFO - 进入主页面失败,重新开始
2024-11-27 10:53:10,051 - log - INFO - 当前使用第2个通关作业,当前尝试次数:0
2024-11-27 10:53:45,293 - log - INFO - 进入主页面失败,重新开始
2024-11-27 10:53:46,669 - log - INFO - 当前使用第2个通关作业,当前尝试次数:0
2024-11-27 10:54:21,846 - log - INFO - 进入主页面失败,重新开始
2024-11-27 10:54:23,192 - log - INFO - 当前使用第2个通关作业,当前尝试次数:0
2024-11-27 10:54:58,446 - log - INFO - 进入主页面失败,重新开始
2024-11-27 10:54:59,811 - log - INFO - 当前使用第2个通关作业,当前尝试次数:0
2024-11-27 10:55:35,043 - log - INFO - 进入主页面失败,重新开始
2024-11-27 10:55:36,394 - log - INFO - 当前使用第2个通关作业,当前尝试次数:0
2024-11-27 10:56:11,424 - log - INFO - 进入主页面失败,重新开始
2024-11-27 10:56:12,783 - log - INFO - 当前使用第2个通关作业,当前尝试次数:0
2024-11-27 10:56:47,807 - log - INFO - 进入主页面失败,重新开始
2024-11-27 10:56:49,161 - log - INFO - 当前使用第2个通关作业,当前尝试次数:0
2024-11-27 10:57:24,199 - log - INFO - 进入主页面失败,重新开始
2024-11-27 10:57:25,534 - log - INFO - 当前使用第2个通关作业,当前尝试次数:0
2024-11-27 10:58:00,586 - log - INFO - 进入主页面失败,重新开始
2024-11-27 10:58:01,947 - log - INFO - 当前使用第2个通关作业,当前尝试次数:0
2024-11-27 10:58:37,010 - log - INFO - 进入主页面失败,重新开始
2024-11-27 10:58:38,365 - log - INFO - 当前使用第2个通关作业,当前尝试次数:0
2024-11-27 10:59:15,460 - log - INFO - 进入主页面失败,重新开始
2024-11-27 10:59:16,934 - log - INFO - 当前使用第2个通关作业,当前尝试次数:0
2024-11-27 11:00:00,997 - log - INFO - 进入主页面失败,重新开始
2024-11-27 11:00:02,357 - log - INFO - 当前使用第2个通关作业,当前尝试次数:0
2024-11-27 11:00:37,522 - log - INFO - 进入主页面失败,重新开始
2024-11-27 11:00:38,878 - log - INFO - 当前使用第2个通关作业,当前尝试次数:0
2024-11-27 11:01:13,965 - log - INFO - 进入主页面失败,重新开始
2024-11-27 11:01:15,317 - log - INFO - 当前使用第2个通关作业,当前尝试次数:0
2024-11-27 11:01:50,509 - log - INFO - 进入主页面失败,重新开始
2024-11-27 11:01:51,871 - log - INFO - 当前使用第2个通关作业,当前尝试次数:0
2024-11-27 11:02:26,893 - log - INFO - 进入主页面失败,重新开始
2024-11-27 11:02:28,257 - log - INFO - 当前使用第2个通关作业,当前尝试次数:0
2024-11-27 11:03:03,284 - log - INFO - 进入主页面失败,重新开始
2024-11-27 11:03:04,645 - log - INFO - 当前使用第2个通关作业,当前尝试次数:0
2024-11-27 11:03:39,677 - log - INFO - 进入主页面失败,重新开始
2024-11-27 11:03:41,026 - log - INFO - 当前使用第2个通关作业,当前尝试次数:0
2024-11-27 11:04:16,067 - log - INFO - 进入主页面失败,重新开始
2024-11-27 11:04:17,412 - log - INFO - 当前使用第2个通关作业,当前尝试次数:0
2024-11-27 11:04:52,462 - log - INFO - 进入主页面失败,重新开始
2024-11-27 11:04:53,812 - log - INFO - 当前使用第2个通关作业,当前尝试次数:0
2024-11-27 11:05:29,038 - log - INFO - 进入主页面失败,重新开始
2024-11-27 11:05:30,398 - log - INFO - 当前使用第2个通关作业,当前尝试次数:0
2024-11-27 11:06:06,214 - log - INFO - 进入主页面失败,重新开始
2024-11-27 11:06:07,705 - log - INFO - 当前使用第2个通关作业,当前尝试次数:0
2024-11-27 11:07:14,804 - log - INFO - 进入主页面失败,重新开始
2024-11-27 11:07:16,162 - log - INFO - 当前使用第2个通关作业,当前尝试次数:0
2024-11-27 11:07:51,236 - log - INFO - 进入主页面失败,重新开始
2024-11-27 11:07:52,598 - log - INFO - 当前使用第2个通关作业,当前尝试次数:0
2024-11-27 11:08:27,791 - log - INFO - 进入主页面失败,重新开始
2024-11-27 11:08:29,153 - log - INFO - 当前使用第2个通关作业,当前尝试次数:0
2024-11-27 11:09:04,380 - log - INFO - 进入主页面失败,重新开始
2024-11-27 11:09:05,735 - log - INFO - 当前使用第2个通关作业,当前尝试次数:0
2024-11-27 11:09:40,802 - log - INFO - 进入主页面失败,重新开始
2024-11-27 11:09:42,164 - log - INFO - 当前使用第2个通关作业,当前尝试次数:0
2024-11-27 11:10:17,355 - log - INFO - 进入主页面失败,重新开始
2024-11-27 11:10:18,702 - log - INFO - 当前使用第2个通关作业,当前尝试次数:0
2024-11-27 11:10:53,786 - log - INFO - 进入主页面失败,重新开始
2024-11-27 11:10:55,150 - log - INFO - 当前使用第2个通关作业,当前尝试次数:0
2024-11-27 11:11:30,342 - log - INFO - 进入主页面失败,重新开始
2024-11-27 11:11:31,693 - log - INFO - 当前使用第2个通关作业,当前尝试次数:0
2024-11-27 11:12:06,743 - log - INFO - 进入主页面失败,重新开始
2024-11-27 11:12:08,086 - log - INFO - 当前使用第2个通关作业,当前尝试次数:0
2024-11-27 11:12:43,330 - log - INFO - 进入主页面失败,重新开始
2024-11-27 11:12:44,698 - log - INFO - 当前使用第2个通关作业,当前尝试次数:0
2024-11-27 11:13:51,080 - log - INFO - 进入主页面失败,重新开始
2024-11-27 11:13:52,435 - log - INFO - 当前使用第2个通关作业,当前尝试次数:0
2024-11-27 11:14:27,310 - log - INFO - 进入主页面失败,重新开始
2024-11-27 11:14:28,671 - log - INFO - 当前使用第2个通关作业,当前尝试次数:0
2024-11-27 11:15:03,864 - log - INFO - 进入主页面失败,重新开始
2024-11-27 11:15:05,219 - log - INFO - 当前使用第2个通关作业,当前尝试次数:0
2024-11-27 11:15:40,292 - log - INFO - 进入主页面失败,重新开始
2024-11-27 11:15:41,664 - log - INFO - 当前使用第2个通关作业,当前尝试次数:0
2024-11-27 11:16:16,842 - log - INFO - 进入主页面失败,重新开始
2024-11-27 11:16:18,185 - log - INFO - 当前使用第2个通关作业,当前尝试次数:0
2024-11-27 11:16:53,243 - log - INFO - 进入主页面失败,重新开始
2024-11-27 11:16:54,598 - log - INFO - 当前使用第2个通关作业,当前尝试次数:0
2024-11-27 11:17:29,849 - log - INFO - 进入主页面失败,重新开始
2024-11-27 11:17:31,217 - log - INFO - 当前使用第2个通关作业,当前尝试次数:0
2024-11-27 11:18:06,410 - log - INFO - 进入主页面失败,重新开始
2024-11-27 11:18:07,763 - log - INFO - 当前使用第2个通关作业,当前尝试次数:0
2024-11-27 11:18:42,828 - log - INFO - 进入主页面失败,重新开始
2024-11-27 11:18:44,191 - log - INFO - 当前使用第2个通关作业,当前尝试次数:0
2024-11-27 11:19:19,400 - log - INFO - 进入主页面失败,重新开始
2024-11-27 11:19:20,765 - log - INFO - 当前使用第2个通关作业,当前尝试次数:0
2024-11-27 11:19:57,345 - log - INFO - 进入主页面失败,重新开始
2024-11-27 11:19:58,852 - log - INFO - 当前使用第2个通关作业,当前尝试次数:0
2024-11-27 11:20:40,155 - log - INFO - 进入主页面失败,重新开始
2024-11-27 11:20:41,505 - log - INFO - 当前使用第2个通关作业,当前尝试次数:0
2024-11-27 11:21:16,566 - log - INFO - 进入主页面失败,重新开始
2024-11-27 11:21:17,914 - log - INFO - 当前使用第2个通关作业,当前尝试次数:0
2024-11-27 11:21:52,936 - log - INFO - 进入主页面失败,重新开始
2024-11-27 11:21:54,302 - log - INFO - 当前使用第2个通关作业,当前尝试次数:0
2024-11-27 11:22:29,335 - log - INFO - 进入主页面失败,重新开始
2024-11-27 11:22:30,682 - log - INFO - 当前使用第2个通关作业,当前尝试次数:0
2024-11-27 11:23:05,915 - log - INFO - 进入主页面失败,重新开始
2024-11-27 11:23:07,262 - log - INFO - 当前使用第2个通关作业,当前尝试次数:0
2024-11-27 11:23:42,357 - log - INFO - 进入主页面失败,重新开始
2024-11-27 11:23:43,700 - log - INFO - 当前使用第2个通关作业,当前尝试次数:0
2024-11-27 11:24:18,874 - log - INFO - 进入主页面失败,重新开始
2024-11-27 11:24:20,224 - log - INFO - 当前使用第2个通关作业,当前尝试次数:0
2024-11-27 11:24:55,118 - log - INFO - 进入主页面失败,重新开始
2024-11-27 11:24:56,472 - log - INFO - 当前使用第2个通关作业,当前尝试次数:0
2024-11-27 11:25:31,672 - log - INFO - 进入主页面失败,重新开始
2024-11-27 11:25:33,026 - log - INFO - 当前使用第2个通关作业,当前尝试次数:0
2024-11-27 11:26:08,103 - log - INFO - 进入主页面失败,重新开始
2024-11-27 11:26:09,463 - log - INFO - 当前使用第2个通关作业,当前尝试次数:0
2024-11-27 11:27:15,287 - log - INFO - 进入主页面失败,重新开始
2024-11-27 11:27:16,645 - log - INFO - 当前使用第2个通关作业,当前尝试次数:0
2024-11-27 11:27:51,827 - log - INFO - 进入主页面失败,重新开始
2024-11-27 11:27:53,188 - log - INFO - 当前使用第2个通关作业,当前尝试次数:0
2024-11-27 11:28:28,248 - log - INFO - 进入主页面失败,重新开始
2024-11-27 11:28:29,620 - log - INFO - 当前使用第2个通关作业,当前尝试次数:0
2024-11-27 11:29:05,022 - log - INFO - 进入主页面失败,重新开始
2024-11-27 11:29:06,383 - log - INFO - 当前使用第2个通关作业,当前尝试次数:0
2024-11-27 11:29:41,590 - log - INFO - 进入主页面失败,重新开始
2024-11-27 11:29:42,943 - log - INFO - 当前使用第2个通关作业,当前尝试次数:0
2024-11-27 11:30:18,368 - log - INFO - 进入主页面失败,重新开始
2024-11-27 11:30:19,739 - log - INFO - 当前使用第2个通关作业,当前尝试次数:0
2024-11-27 11:30:55,174 - log - INFO - 进入主页面失败,重新开始
2024-11-27 11:30:56,533 - log - INFO - 当前使用第2个通关作业,当前尝试次数:0
2024-11-27 11:31:31,569 - log - INFO - 进入主页面失败,重新开始
2024-11-27 11:31:32,923 - log - INFO - 当前使用第2个通关作业,当前尝试次数:0
2024-11-27 11:32:08,148 - log - INFO - 进入主页面失败,重新开始
2024-11-27 11:32:09,496 - log - INFO - 当前使用第2个通关作业,当前尝试次数:0
2024-11-27 11:32:44,534 - log - INFO - 进入主页面失败,重新开始
2024-11-27 11:32:45,934 - log - INFO - 当前使用第2个通关作业,当前尝试次数:0
2024-11-27 11:33:47,744 - log - INFO - 进入主页面失败,重新开始
2024-11-27 11:33:49,153 - log - INFO - 当前使用第2个通关作业,当前尝试次数:0
2024-11-27 11:34:24,301 - log - INFO - 进入主页面失败,重新开始
2024-11-27 11:34:25,656 - log - INFO - 当前使用第2个通关作业,当前尝试次数:0
2024-11-27 11:35:00,867 - log - INFO - 进入主页面失败,重新开始
2024-11-27 11:35:02,213 - log - INFO - 当前使用第2个通关作业,当前尝试次数:0
2024-11-27 11:35:37,112 - log - INFO - 进入主页面失败,重新开始
2024-11-27 11:35:38,467 - log - INFO - 当前使用第2个通关作业,当前尝试次数:0
2024-11-27 11:36:13,652 - log - INFO - 进入主页面失败,重新开始
2024-11-27 11:36:15,013 - log - INFO - 当前使用第2个通关作业,当前尝试次数:0
2024-11-27 11:36:50,087 - log - INFO - 进入主页面失败,重新开始
2024-11-27 11:36:51,447 - log - INFO - 当前使用第2个通关作业,当前尝试次数:0
2024-11-27 11:37:26,662 - log - INFO - 进入主页面失败,重新开始
2024-11-27 11:37:28,018 - log - INFO - 当前使用第2个通关作业,当前尝试次数:0
2024-11-27 11:38:03,218 - log - INFO - 进入主页面失败,重新开始
2024-11-27 11:38:04,625 - log - INFO - 当前使用第2个通关作业,当前尝试次数:0
2024-11-27 11:38:39,804 - log - INFO - 进入主页面失败,重新开始
2024-11-27 11:38:41,153 - log - INFO - 当前使用第2个通关作业,当前尝试次数:0
2024-11-27 11:39:16,199 - log - INFO - 进入主页面失败,重新开始
2024-11-27 11:39:17,597 - log - INFO - 当前使用第2个通关作业,当前尝试次数:0
2024-11-27 11:40:10,243 - log - INFO - 进入主页面失败,重新开始
2024-11-27 11:40:11,612 - log - INFO - 当前使用第2个通关作业,当前尝试次数:0
2024-11-27 11:40:46,811 - log - INFO - 进入主页面失败,重新开始
2024-11-27 11:40:48,183 - log - INFO - 当前使用第2个通关作业,当前尝试次数:0
2024-11-27 11:41:23,563 - log - INFO - 进入主页面失败,重新开始
2024-11-27 11:41:24,921 - log - INFO - 当前使用第2个通关作业,当前尝试次数:0
2024-11-27 11:42:00,179 - log - INFO - 进入主页面失败,重新开始
2024-11-27 11:42:01,535 - log - INFO - 当前使用第2个通关作业,当前尝试次数:0
2024-11-27 11:42:36,953 - log - INFO - 进入主页面失败,重新开始
2024-11-27 11:42:38,343 - log - INFO - 当前使用第2个通关作业,当前尝试次数:0
2024-11-27 11:43:13,961 - log - INFO - 进入主页面失败,重新开始
2024-11-27 11:43:15,327 - log - INFO - 当前使用第2个通关作业,当前尝试次数:0
2024-11-27 11:43:50,524 - log - INFO - 进入主页面失败,重新开始
2024-11-27 11:43:51,880 - log - INFO - 当前使用第2个通关作业,当前尝试次数:0
2024-11-27 11:44:27,333 - log - INFO - 进入主页面失败,重新开始
2024-11-27 11:44:28,676 - log - INFO - 当前使用第2个通关作业,当前尝试次数:0
2024-11-27 11:45:03,743 - log - INFO - 进入主页面失败,重新开始
2024-11-27 11:45:05,105 - log - INFO - 当前使用第2个通关作业,当前尝试次数:0
2024-11-27 11:45:40,308 - log - INFO - 进入主页面失败,重新开始
2024-11-27 11:45:41,673 - log - INFO - 当前使用第2个通关作业,当前尝试次数:0
2024-11-27 11:46:31,482 - log - INFO - 进入主页面失败,重新开始
2024-11-27 11:46:32,835 - log - INFO - 当前使用第2个通关作业,当前尝试次数:0
2024-11-27 11:47:08,057 - log - INFO - 进入主页面失败,重新开始
2024-11-27 11:47:09,405 - log - INFO - 当前使用第2个通关作业,当前尝试次数:0
2024-11-27 11:47:44,668 - log - INFO - 进入主页面失败,重新开始
2024-11-27 11:47:46,023 - log - INFO - 当前使用第2个通关作业,当前尝试次数:0
2024-11-27 11:48:21,488 - log - INFO - 进入主页面失败,重新开始
2024-11-27 11:48:22,853 - log - INFO - 当前使用第2个通关作业,当前尝试次数:0
2024-11-27 11:48:58,040 - log - INFO - 进入主页面失败,重新开始
2024-11-27 11:48:59,404 - log - INFO - 当前使用第2个通关作业,当前尝试次数:0
2024-11-27 11:49:34,431 - log - INFO - 进入主页面失败,重新开始
2024-11-27 11:49:35,782 - log - INFO - 当前使用第2个通关作业,当前尝试次数:0
2024-11-27 11:50:10,994 - log - INFO - 进入主页面失败,重新开始
2024-11-27 11:50:12,343 - log - INFO - 当前使用第2个通关作业,当前尝试次数:0
2024-11-27 11:50:47,785 - log - INFO - 进入主页面失败,重新开始
2024-11-27 11:50:49,136 - log - INFO - 当前使用第2个通关作业,当前尝试次数:0
2024-11-27 11:51:24,380 - log - INFO - 进入主页面失败,重新开始
2024-11-27 11:51:25,730 - log - INFO - 当前使用第2个通关作业,当前尝试次数:0
2024-11-27 11:52:01,185 - log - INFO - 进入主页面失败,重新开始
2024-11-27 11:52:02,535 - log - INFO - 当前使用第2个通关作业,当前尝试次数:0
2024-11-27 11:52:55,164 - log - INFO - 进入主页面失败,重新开始
2024-11-27 11:52:56,514 - log - INFO - 当前使用第2个通关作业,当前尝试次数:0
2024-11-27 11:53:31,729 - log - INFO - 进入主页面失败,重新开始
2024-11-27 11:53:33,110 - log - INFO - 当前使用第2个通关作业,当前尝试次数:0
2024-11-27 11:54:08,318 - log - INFO - 进入主页面失败,重新开始
2024-11-27 11:54:09,666 - log - INFO - 当前使用第2个通关作业,当前尝试次数:0
2024-11-27 11:54:44,901 - log - INFO - 进入主页面失败,重新开始
2024-11-27 11:54:46,267 - log - INFO - 当前使用第2个通关作业,当前尝试次数:0
2024-11-27 11:55:21,339 - log - INFO - 进入主页面失败,重新开始
2024-11-27 11:55:22,702 - log - INFO - 当前使用第2个通关作业,当前尝试次数:0
2024-11-27 11:55:57,916 - log - INFO - 进入主页面失败,重新开始
2024-11-27 11:55:59,275 - log - INFO - 当前使用第2个通关作业,当前尝试次数:0
2024-11-27 11:56:34,475 - log - INFO - 进入主页面失败,重新开始
2024-11-27 11:56:35,813 - log - INFO - 当前使用第2个通关作业,当前尝试次数:0
2024-11-27 11:57:11,075 - log - INFO - 进入主页面失败,重新开始
2024-11-27 11:57:12,445 - log - INFO - 当前使用第2个通关作业,当前尝试次数:0
2024-11-27 11:57:47,495 - log - INFO - 进入主页面失败,重新开始
2024-11-27 11:57:48,849 - log - INFO - 当前使用第2个通关作业,当前尝试次数:0
2024-11-27 11:58:24,426 - log - INFO - 进入主页面失败,重新开始
2024-11-27 11:58:25,780 - log - INFO - 当前使用第2个通关作业,当前尝试次数:0
2024-11-27 11:59:18,615 - log - INFO - 进入主页面失败,重新开始
2024-11-27 11:59:19,985 - log - INFO - 当前使用第2个通关作业,当前尝试次数:0
2024-11-27 11:59:55,193 - log - INFO - 进入主页面失败,重新开始
2024-11-27 11:59:56,548 - log - INFO - 当前使用第2个通关作业,当前尝试次数:0
2024-11-27 12:00:31,787 - log - INFO - 进入主页面失败,重新开始
2024-11-27 12:00:33,141 - log - INFO - 当前使用第2个通关作业,当前尝试次数:0
2024-11-27 12:01:08,584 - log - INFO - 进入主页面失败,重新开始
2024-11-27 12:01:09,939 - log - INFO - 当前使用第2个通关作业,当前尝试次数:0
2024-11-27 12:01:45,376 - log - INFO - 进入主页面失败,重新开始
2024-11-27 12:01:46,751 - log - INFO - 当前使用第2个通关作业,当前尝试次数:0
2024-11-27 12:02:22,002 - log - INFO - 进入主页面失败,重新开始
2024-11-27 12:02:23,387 - log - INFO - 当前使用第2个通关作业,当前尝试次数:0
2024-11-27 12:02:58,766 - log - INFO - 进入主页面失败,重新开始
2024-11-27 12:03:00,119 - log - INFO - 当前使用第2个通关作业,当前尝试次数:0
2024-11-27 12:03:35,339 - log - INFO - 进入主页面失败,重新开始
2024-11-27 12:03:36,696 - log - INFO - 当前使用第2个通关作业,当前尝试次数:0
2024-11-27 12:04:11,919 - log - INFO - 进入主页面失败,重新开始
2024-11-27 12:04:13,273 - log - INFO - 当前使用第2个通关作业,当前尝试次数:0
2024-11-27 12:04:48,579 - log - INFO - 进入主页面失败,重新开始
2024-11-27 12:04:49,950 - log - INFO - 当前使用第2个通关作业,当前尝试次数:0
2024-11-27 12:05:39,561 - log - INFO - 进入主页面失败,重新开始
2024-11-27 12:05:40,940 - log - INFO - 当前使用第2个通关作业,当前尝试次数:0
2024-11-27 12:06:16,317 - log - INFO - 进入主页面失败,重新开始
2024-11-27 12:06:17,659 - log - INFO - 当前使用第2个通关作业,当前尝试次数:0
2024-11-27 12:06:52,886 - log - INFO - 进入主页面失败,重新开始
2024-11-27 12:06:54,252 - log - INFO - 当前使用第2个通关作业,当前尝试次数:0
2024-11-27 12:07:29,879 - log - INFO - 进入主页面失败,重新开始
2024-11-27 12:07:31,252 - log - INFO - 当前使用第2个通关作业,当前尝试次数:0
2024-11-27 12:08:06,713 - log - INFO - 进入主页面失败,重新开始
2024-11-27 12:08:08,068 - log - INFO - 当前使用第2个通关作业,当前尝试次数:0
2024-11-27 12:08:43,484 - log - INFO - 进入主页面失败,重新开始
2024-11-27 12:08:44,888 - log - INFO - 当前使用第2个通关作业,当前尝试次数:0
2024-11-27 12:09:20,030 - log - INFO - 进入主页面失败,重新开始
2024-11-27 12:09:21,373 - log - INFO - 当前使用第2个通关作业,当前尝试次数:0
2024-11-27 12:09:56,628 - log - INFO - 进入主页面失败,重新开始
2024-11-27 12:09:57,990 - log - INFO - 当前使用第2个通关作业,当前尝试次数:0
2024-11-27 12:10:33,194 - log - INFO - 进入主页面失败,重新开始
2024-11-27 12:10:34,551 - log - INFO - 当前使用第2个通关作业,当前尝试次数:0
2024-11-27 12:11:10,209 - log - INFO - 进入主页面失败,重新开始
2024-11-27 12:11:11,574 - log - INFO - 当前使用第2个通关作业,当前尝试次数:0
2024-11-27 12:12:04,026 - log - INFO - 进入主页面失败,重新开始
2024-11-27 12:12:05,398 - log - INFO - 当前使用第2个通关作业,当前尝试次数:0
2024-11-27 12:12:40,651 - log - INFO - 进入主页面失败,重新开始
2024-11-27 12:12:42,068 - log - INFO - 当前使用第2个通关作业,当前尝试次数:0
2024-11-27 12:13:17,347 - log - INFO - 进入主页面失败,重新开始
2024-11-27 12:13:18,725 - log - INFO - 当前使用第2个通关作业,当前尝试次数:0
2024-11-27 12:13:54,152 - log - INFO - 进入主页面失败,重新开始
2024-11-27 12:13:55,526 - log - INFO - 当前使用第2个通关作业,当前尝试次数:0
2024-11-27 12:14:30,917 - log - INFO - 进入主页面失败,重新开始
2024-11-27 12:14:32,281 - log - INFO - 当前使用第2个通关作业,当前尝试次数:0
2024-11-27 12:15:07,531 - log - INFO - 进入主页面失败,重新开始
2024-11-27 12:15:08,883 - log - INFO - 当前使用第2个通关作业,当前尝试次数:0
2024-11-27 12:15:44,311 - log - INFO - 进入主页面失败,重新开始
2024-11-27 12:15:45,676 - log - INFO - 当前使用第2个通关作业,当前尝试次数:0
2024-11-27 12:16:20,931 - log - INFO - 进入主页面失败,重新开始
2024-11-27 12:16:22,287 - log - INFO - 当前使用第2个通关作业,当前尝试次数:0
2024-11-27 12:16:57,760 - log - INFO - 进入主页面失败,重新开始
2024-11-27 12:16:59,141 - log - INFO - 当前使用第2个通关作业,当前尝试次数:0
2024-11-27 12:17:10,631 - log - INFO - 进入主页面失败,重新开始
