2024-11-15 00:30:13,753 - log - INFO - 开始神魔抽卡模式
2024-11-15 00:30:13,764 - log - INFO - 时间窗口期  小时：2-50 分钟: 1-300
2024-11-15 00:30:31,646 - log - INFO - 开始神魔抽卡模式
2024-11-15 00:30:31,655 - log - INFO - 时间窗口期  小时：0-50 分钟: 1-300
2024-11-15 00:30:31,655 - log - INFO - ================================时间符合:0:30
2024-11-15 00:30:31,655 - log - INFO - 当前库存数 白票:60, 红票:30, 水晶球:40
2024-11-15 00:30:34,276 - log - INFO - 进入主页面
2024-11-15 00:30:43,843 - log - INFO - 主页面跳转+调整时间完成
2024-11-15 00:31:05,911 - log - INFO - 开始普池第一抽
2024-11-15 00:31:38,153 - log - INFO - 普池第一抽颜色:GREEN
2024-11-15 00:31:38,153 - log - INFO - 普池第一抽绿色,重新开始
2024-11-15 00:31:38,153 - log - INFO - ================================时间符合:0:31
2024-11-15 00:31:38,154 - log - INFO - 当前库存数 白票:59, 红票:30, 水晶球:40
2024-11-15 00:31:52,434 - log - INFO - 进入主页面
2024-11-15 00:32:02,118 - log - INFO - 主页面跳转+调整时间完成
2024-11-15 00:32:16,717 - log - INFO - 开始普池第一抽
2024-11-15 00:32:48,953 - log - INFO - 普池第一抽颜色:GREEN
2024-11-15 00:32:48,953 - log - INFO - 普池第一抽绿色,重新开始
2024-11-15 00:32:48,953 - log - INFO - ================================时间符合:0:32
2024-11-15 00:32:48,953 - log - INFO - 当前库存数 白票:58, 红票:30, 水晶球:40
2024-11-15 00:33:03,259 - log - INFO - 进入主页面
2024-11-15 00:33:12,286 - log - INFO - 主页面跳转+调整时间完成
2024-11-15 00:33:26,891 - log - INFO - 开始普池第一抽
2024-11-15 00:33:54,446 - log - INFO - 普池第一抽颜色:PURPLE
2024-11-15 00:33:54,446 - log - INFO - 普池进入第二抽
2024-11-15 00:34:01,410 - log - INFO - 普池第二抽颜色:GREEN
2024-11-15 00:34:01,411 - log - INFO - 普池第二抽绿色,重新开始
2024-11-15 00:34:01,411 - log - INFO - ================================时间符合:0:34
2024-11-15 00:34:01,411 - log - INFO - 当前库存数 白票:56, 红票:30, 水晶球:40
2024-11-15 00:34:15,654 - log - INFO - 进入主页面
2024-11-15 00:34:19,549 - log - INFO - 主页面跳转+调整时间完成
2024-11-15 00:34:47,691 - log - INFO - 开始普池第一抽
2024-11-15 00:35:14,959 - log - INFO - 普池第一抽颜色:GREEN
2024-11-15 00:35:14,959 - log - INFO - 普池第一抽绿色,重新开始
2024-11-15 00:35:14,959 - log - INFO - ================================时间符合:0:35
2024-11-15 00:35:14,959 - log - INFO - 当前库存数 白票:55, 红票:30, 水晶球:40
2024-11-15 00:35:29,403 - log - INFO - 进入主页面
2024-11-15 00:35:39,254 - log - INFO - 主页面跳转+调整时间完成
2024-11-15 00:35:51,410 - log - INFO - 开始普池第一抽
2024-11-15 00:36:28,005 - log - INFO - 普池第一抽颜色:GREEN
2024-11-15 00:36:28,005 - log - INFO - 普池第一抽绿色,重新开始
2024-11-15 00:36:28,005 - log - INFO - ================================时间符合:0:36
2024-11-15 00:36:28,005 - log - INFO - 当前库存数 白票:54, 红票:30, 水晶球:40
2024-11-15 00:36:42,387 - log - INFO - 进入主页面
2024-11-15 00:36:51,787 - log - INFO - 主页面跳转+调整时间完成
2024-11-15 00:37:06,630 - log - INFO - 开始普池第一抽
2024-11-15 00:37:38,477 - log - INFO - 普池第一抽颜色:GREEN
2024-11-15 00:37:38,477 - log - INFO - 普池第一抽绿色,重新开始
2024-11-15 00:37:38,477 - log - INFO - ================================时间符合:0:37
2024-11-15 00:37:38,477 - log - INFO - 当前库存数 白票:53, 红票:30, 水晶球:40
2024-11-15 00:37:52,932 - log - INFO - 进入主页面
2024-11-15 00:38:02,758 - log - INFO - 主页面跳转+调整时间完成
2024-11-15 00:38:14,743 - log - INFO - 开始普池第一抽
2024-11-15 00:39:02,301 - log - INFO - 普池第一抽颜色:GOLD
2024-11-15 00:39:02,301 - log - INFO - 普池进入第二抽
2024-11-15 00:39:09,132 - log - INFO - 普池第二抽颜色:GREEN
2024-11-15 00:39:09,133 - log - INFO - 普池第二抽绿色,重新开始
2024-11-15 00:39:09,134 - log - INFO - ================================时间符合:0:39
2024-11-15 00:39:09,134 - log - INFO - 当前库存数 白票:51, 红票:30, 水晶球:40
2024-11-15 00:39:26,356 - log - INFO - 进入主页面
2024-11-15 00:39:35,564 - log - INFO - 主页面跳转+调整时间完成
2024-11-15 00:39:47,542 - log - INFO - 开始普池第一抽
2024-11-15 00:40:28,511 - log - INFO - 普池第一抽颜色:GREEN
2024-11-15 00:40:28,511 - log - INFO - 普池第一抽绿色,重新开始
2024-11-15 00:40:28,511 - log - INFO - ================================时间符合:0:40
2024-11-15 00:40:28,511 - log - INFO - 当前库存数 白票:50, 红票:30, 水晶球:40
2024-11-15 00:40:42,887 - log - INFO - 进入主页面
2024-11-15 00:40:52,701 - log - INFO - 主页面跳转+调整时间完成
2024-11-15 00:41:04,705 - log - INFO - 开始普池第一抽
2024-11-15 00:41:31,789 - log - INFO - 普池第一抽颜色:GREEN
2024-11-15 00:41:31,789 - log - INFO - 普池第一抽绿色,重新开始
2024-11-15 00:41:31,789 - log - INFO - ================================时间符合:0:41
2024-11-15 00:41:31,789 - log - INFO - 当前库存数 白票:49, 红票:30, 水晶球:40
2024-11-15 00:41:45,918 - log - INFO - 进入主页面
2024-11-15 00:41:49,835 - log - INFO - 主页面跳转+调整时间完成
2024-11-15 00:42:13,868 - log - INFO - 开始普池第一抽
2024-11-15 00:42:46,064 - log - INFO - 普池第一抽颜色:PURPLE
2024-11-15 00:42:46,064 - log - INFO - 普池进入第二抽
2024-11-15 00:42:53,113 - log - INFO - 普池第二抽颜色:PURPLE
2024-11-15 00:42:53,113 - log - INFO - 进入史诗页面
2024-11-15 00:43:18,738 - log - INFO - 开始史诗第一抽
2024-11-15 00:43:30,348 - log - INFO - 史诗第一抽颜色:GREEN
2024-11-15 00:43:30,348 - log - INFO - 史诗第一抽绿色,重新开始
2024-11-15 00:43:30,348 - log - INFO - ================================时间符合:0:43
2024-11-15 00:43:30,348 - log - INFO - 当前库存数 白票:47, 红票:29, 水晶球:40
2024-11-15 00:43:44,282 - log - INFO - 进入主页面
