2024-11-26 10:30:01,292 - log - INFO - 开始自动挂机模式
2024-11-26 10:30:02,308 - log - INFO - 当前使用第1个通关作业,当前尝试次数:0
2024-11-26 10:30:02,308 - log - INFO - 进入准备战斗页面
2024-11-26 10:30:58,265 - log - INFO - 进入抄作业页面失败,重新开始
2024-11-26 10:30:59,314 - log - INFO - 当前使用第1个通关作业,当前尝试次数:0
2024-11-26 10:31:42,854 - log - INFO - 进入主页面失败,重新开始
2024-11-26 10:31:43,892 - log - INFO - 当前使用第1个通关作业,当前尝试次数:0
2024-11-26 10:32:27,455 - log - INFO - 进入主页面失败,重新开始
2024-11-26 10:32:28,472 - log - INFO - 当前使用第1个通关作业,当前尝试次数:0
2024-11-26 10:33:11,812 - log - INFO - 进入主页面失败,重新开始
2024-11-26 10:33:12,836 - log - INFO - 当前使用第1个通关作业,当前尝试次数:0
2024-11-26 10:33:56,419 - log - INFO - 进入主页面失败,重新开始
2024-11-26 10:33:57,470 - log - INFO - 当前使用第1个通关作业,当前尝试次数:0
2024-11-26 10:34:40,983 - log - INFO - 进入主页面失败,重新开始
2024-11-26 10:34:42,010 - log - INFO - 当前使用第1个通关作业,当前尝试次数:0
2024-11-26 10:35:25,584 - log - INFO - 进入主页面失败,重新开始
2024-11-26 10:35:26,613 - log - INFO - 当前使用第1个通关作业,当前尝试次数:0
2024-11-26 10:36:10,178 - log - INFO - 进入主页面失败,重新开始
2024-11-26 10:36:11,207 - log - INFO - 当前使用第1个通关作业,当前尝试次数:0
2024-11-26 10:37:32,144 - log - INFO - 进入主页面失败,重新开始
2024-11-26 10:37:33,148 - log - INFO - 当前使用第1个通关作业,当前尝试次数:0
2024-11-26 10:38:16,523 - log - INFO - 进入主页面失败,重新开始
2024-11-26 10:38:17,520 - log - INFO - 当前使用第1个通关作业,当前尝试次数:0
2024-11-26 10:39:00,905 - log - INFO - 进入主页面失败,重新开始
2024-11-26 10:39:01,938 - log - INFO - 当前使用第1个通关作业,当前尝试次数:0
2024-11-26 10:39:45,520 - log - INFO - 进入主页面失败,重新开始
2024-11-26 10:39:46,525 - log - INFO - 当前使用第1个通关作业,当前尝试次数:0
2024-11-26 10:40:30,091 - log - INFO - 进入主页面失败,重新开始
2024-11-26 10:40:31,098 - log - INFO - 当前使用第1个通关作业,当前尝试次数:0
2024-11-26 10:41:14,483 - log - INFO - 进入主页面失败,重新开始
2024-11-26 10:41:15,512 - log - INFO - 当前使用第1个通关作业,当前尝试次数:0
2024-11-26 10:41:59,057 - log - INFO - 进入主页面失败,重新开始
2024-11-26 10:42:00,087 - log - INFO - 当前使用第1个通关作业,当前尝试次数:0
2024-11-26 10:42:43,640 - log - INFO - 进入主页面失败,重新开始
2024-11-26 10:42:44,672 - log - INFO - 当前使用第1个通关作业,当前尝试次数:0
2024-11-26 10:44:02,415 - log - INFO - 进入主页面失败,重新开始
2024-11-26 10:44:03,443 - log - INFO - 当前使用第1个通关作业,当前尝试次数:0
2024-11-26 10:44:46,986 - log - INFO - 进入主页面失败,重新开始
2024-11-26 10:44:48,022 - log - INFO - 当前使用第1个通关作业,当前尝试次数:0
