2024-11-14 12:18:33,882 - log - INFO - 开始神魔抽卡模式
2024-11-14 12:18:33,882 - log - INFO - 时间窗口期  小时：2-50 分钟: 1-300
2024-11-14 12:18:33,883 - log - INFO - ================================时间符合:12:18
2024-11-14 12:18:33,883 - log - INFO - 当前库存数 白票:60, 红票:30, 水晶球:40
2024-11-14 12:18:35,812 - log - INFO - 进入主页面
2024-11-14 12:18:44,552 - log - INFO - 主页面跳转+调整时间完成
2024-11-14 12:18:55,784 - log - INFO - 开始普池第一抽
2024-11-14 12:19:16,544 - log - INFO - 普池第一抽颜色:BLUE
2024-11-14 12:19:16,545 - log - INFO - 普池进入第二抽
2024-11-14 12:19:22,567 - log - INFO - 普池第二抽颜色:PURPLE
2024-11-14 12:19:22,567 - log - INFO - 进入史诗页面
2024-11-14 12:19:30,190 - log - INFO - 开始史诗第一抽
2024-11-14 12:19:41,499 - log - INFO - 史诗第一抽颜色:BLUE
2024-11-14 12:19:41,500 - log - INFO - 进入神魔模式，开始史诗第二抽
2024-11-14 12:19:47,341 - log - INFO - 史诗第二抽颜色:BLUE
2024-11-14 12:19:47,341 - log - INFO - 史诗第二抽蓝紫金，跳转神魔十连
2024-11-14 12:20:22,633 - log - INFO - 开始神魔十连
2024-11-14 12:20:27,936 - log - INFO - 截图保存
2024-11-14 12:20:28,421 - log - INFO - ================================时间符合:12:20
2024-11-14 12:20:28,421 - log - INFO - 当前库存数 白票:58, 红票:28, 水晶球:30
2024-11-14 12:20:40,034 - log - INFO - 进入主页面
2024-11-14 12:20:43,736 - log - INFO - 主页面跳转+调整时间完成
