2024-11-27 08:48:06,625 - log - INFO - 开始自动挂机模式
2024-11-27 08:48:08,181 - log - INFO - 当前使用第1个通关作业,当前尝试次数:0
2024-11-27 08:48:16,914 - log - INFO - 进入准备战斗页面
2024-11-27 08:49:24,191 - log - INFO - 当前使用第1个通关作业,当前尝试次数:0
2024-11-27 08:49:24,191 - log - INFO - 进入准备战斗页面
2024-11-27 08:50:00,605 - log - INFO - 当前使用第1个通关作业,当前尝试次数:1
2024-11-27 08:50:00,605 - log - INFO - 进入准备战斗页面
2024-11-27 08:50:36,812 - log - INFO - 当前使用第1个通关作业,当前尝试次数:2
2024-11-27 08:50:36,813 - log - INFO - 进入准备战斗页面
2024-11-27 08:51:13,557 - log - INFO - 当前使用第1个通关作业,当前尝试次数:3
2024-11-27 08:51:13,557 - log - INFO - 进入准备战斗页面
2024-11-27 08:51:53,582 - log - INFO - 当前使用第1个通关作业,当前尝试次数:4
2024-11-27 08:51:53,582 - log - INFO - 进入准备战斗页面
2024-11-27 08:53:07,764 - log - INFO - 当前使用第1个通关作业,当前尝试次数:0
2024-11-27 08:53:07,764 - log - INFO - 进入准备战斗页面
2024-11-27 08:54:17,313 - log - INFO - 当前使用第1个通关作业,当前尝试次数:0
2024-11-27 08:54:17,313 - log - INFO - 进入准备战斗页面
2024-11-27 08:54:49,976 - log - INFO - 当前使用第1个通关作业,当前尝试次数:1
2024-11-27 08:54:49,977 - log - INFO - 进入准备战斗页面
2024-11-27 08:55:32,091 - log - INFO - 当前使用第1个通关作业,当前尝试次数:2
2024-11-27 08:55:32,091 - log - INFO - 进入准备战斗页面
2024-11-27 08:56:37,521 - log - INFO - 当前使用第1个通关作业,当前尝试次数:0
2024-11-27 08:56:37,522 - log - INFO - 进入准备战斗页面
2024-11-27 08:57:26,180 - log - INFO - 进入抄作业页面失败,重新开始
2024-11-27 08:57:27,670 - log - INFO - 当前使用第1个通关作业,当前尝试次数:0
2024-11-27 08:58:04,759 - log - INFO - 进入主页面失败,重新开始
2024-11-27 08:58:06,251 - log - INFO - 当前使用第1个通关作业,当前尝试次数:0
2024-11-27 08:58:43,173 - log - INFO - 进入主页面失败,重新开始
2024-11-27 08:58:44,681 - log - INFO - 当前使用第1个通关作业,当前尝试次数:0
2024-11-27 08:59:21,571 - log - INFO - 进入主页面失败,重新开始
2024-11-27 08:59:23,082 - log - INFO - 当前使用第1个通关作业,当前尝试次数:0
2024-11-27 08:59:41,308 - log - INFO - 进入准备战斗页面
2024-11-27 08:59:55,312 - log - INFO - 进入抄作业页面失败,重新开始
