2024-11-25 01:26:03,078 - log - INFO - 开始全英雄定向金抽卡模式
2024-11-25 01:26:03,078 - log - INFO - 时间窗口期  小时：1-5 分钟: 58-3
2024-11-25 01:58:00,000 - log - INFO - ================================时间符合:1:58
2024-11-25 01:58:00,000 - log - INFO - 当前次数限制:60,当前已抽次数:0
2024-11-25 01:58:14,441 - log - INFO - 进入主页面
2024-11-25 01:58:25,416 - log - INFO - 主页面跳转+调整时间完成
2024-11-25 01:58:38,854 - log - INFO - 开始普池抽卡
2024-11-25 01:58:51,645 - log - INFO - 普池抽卡颜色:BLUE
2024-11-25 01:58:52,147 - log - INFO - 开始普池抽卡
2024-11-25 01:59:09,045 - log - INFO - 普池抽卡颜色:GREEN
2024-11-25 01:59:09,046 - log - INFO - 普池抽卡颜色:GREEN,重新开始
2024-11-25 01:59:09,046 - log - INFO - ================================时间符合:1:59
2024-11-25 01:59:09,046 - log - INFO - 当前次数限制:60,当前已抽次数:2
2024-11-25 01:59:21,606 - log - INFO - 进入主页面
2024-11-25 01:59:31,963 - log - INFO - 主页面跳转+调整时间完成
2024-11-25 01:59:48,641 - log - INFO - 开始普池抽卡
2024-11-25 02:00:01,379 - log - INFO - 普池抽卡颜色:GREEN
2024-11-25 02:00:01,379 - log - INFO - 普池抽卡颜色:GREEN,重新开始
2024-11-25 02:00:01,379 - log - INFO - ================================时间符合:2:0
2024-11-25 02:00:01,379 - log - INFO - 当前次数限制:60,当前已抽次数:3
2024-11-25 02:00:14,376 - log - INFO - 进入主页面
2024-11-25 02:00:24,385 - log - INFO - 主页面跳转+调整时间完成
2024-11-25 02:00:38,008 - log - INFO - 开始普池抽卡
2024-11-25 02:00:50,823 - log - INFO - 普池抽卡颜色:GREEN
2024-11-25 02:00:50,824 - log - INFO - 普池抽卡颜色:GREEN,重新开始
2024-11-25 02:00:50,824 - log - INFO - ================================时间符合:2:0
2024-11-25 02:00:50,824 - log - INFO - 当前次数限制:60,当前已抽次数:4
2024-11-25 02:01:03,756 - log - INFO - 进入主页面
2024-11-25 02:01:13,331 - log - INFO - 主页面跳转+调整时间完成
2024-11-25 02:01:27,006 - log - INFO - 开始普池抽卡
2024-11-25 02:01:39,850 - log - INFO - 普池抽卡颜色:PURPLE
2024-11-25 02:01:40,350 - log - INFO - 开始普池抽卡
2024-11-25 02:01:57,151 - log - INFO - 普池抽卡颜色:GREEN
2024-11-25 02:01:57,151 - log - INFO - 普池抽卡颜色:GREEN,重新开始
2024-11-25 02:01:57,151 - log - INFO - ================================时间符合:2:1
2024-11-25 02:01:57,151 - log - INFO - 当前次数限制:60,当前已抽次数:6
2024-11-25 02:02:09,960 - log - INFO - 进入主页面
2024-11-25 02:02:21,096 - log - INFO - 主页面跳转+调整时间完成
2024-11-25 02:02:37,774 - log - INFO - 开始普池抽卡
2024-11-25 02:02:50,819 - log - INFO - 普池抽卡颜色:PURPLE
2024-11-25 02:02:51,321 - log - INFO - 开始普池抽卡
2024-11-25 02:03:08,174 - log - INFO - 普池抽卡颜色:GREEN
2024-11-25 02:03:08,174 - log - INFO - 普池抽卡颜色:GREEN,重新开始
2024-11-25 02:03:08,174 - log - INFO - ================================时间符合:2:3
2024-11-25 02:03:08,174 - log - INFO - 当前次数限制:60,当前已抽次数:8
2024-11-25 02:03:21,079 - log - INFO - 进入主页面
2024-11-25 02:03:31,865 - log - INFO - 主页面跳转+调整时间完成
2024-11-25 02:03:45,549 - log - INFO - 开始普池抽卡
2024-11-25 02:03:58,304 - log - INFO - 普池抽卡颜色:GREEN
2024-11-25 02:03:58,305 - log - INFO - 普池抽卡颜色:GREEN,重新开始
2024-11-25 02:03:58,305 - log - INFO - ================================时间符合:2:3
2024-11-25 02:03:58,305 - log - INFO - 当前次数限制:60,当前已抽次数:9
2024-11-25 02:04:11,291 - log - INFO - 进入主页面
2024-11-25 02:04:21,269 - log - INFO - 主页面跳转+调整时间完成
2024-11-25 02:04:38,121 - log - INFO - 开始普池抽卡
2024-11-25 02:04:50,912 - log - INFO - 普池抽卡颜色:GREEN
2024-11-25 02:04:50,912 - log - INFO - 普池抽卡颜色:GREEN,重新开始
2024-11-25 02:58:00,000 - log - INFO - ================================时间符合:2:58
2024-11-25 02:58:00,000 - log - INFO - 当前次数限制:60,当前已抽次数:10
2024-11-25 02:58:32,880 - log - INFO - 进入主页面
2024-11-25 02:58:44,037 - log - INFO - 主页面跳转+调整时间完成
2024-11-25 02:58:57,496 - log - INFO - 开始普池抽卡
2024-11-25 02:59:10,328 - log - INFO - 普池抽卡颜色:PURPLE
2024-11-25 02:59:10,829 - log - INFO - 开始普池抽卡
2024-11-25 02:59:27,666 - log - INFO - 普池抽卡颜色:GREEN
2024-11-25 02:59:27,666 - log - INFO - 普池抽卡颜色:GREEN,重新开始
2024-11-25 02:59:27,666 - log - INFO - ================================时间符合:2:59
2024-11-25 02:59:27,666 - log - INFO - 当前次数限制:60,当前已抽次数:12
2024-11-25 02:59:40,211 - log - INFO - 进入主页面
2024-11-25 02:59:50,429 - log - INFO - 主页面跳转+调整时间完成
2024-11-25 03:00:04,073 - log - INFO - 开始普池抽卡
2024-11-25 03:00:16,836 - log - INFO - 普池抽卡颜色:GREEN
2024-11-25 03:00:16,836 - log - INFO - 普池抽卡颜色:GREEN,重新开始
2024-11-25 03:00:16,837 - log - INFO - ================================时间符合:3:0
2024-11-25 03:00:16,840 - log - INFO - 当前次数限制:60,当前已抽次数:13
2024-11-25 03:00:29,427 - log - INFO - 进入主页面
2024-11-25 03:00:43,782 - log - INFO - 主页面跳转+调整时间完成
2024-11-25 03:00:57,483 - log - INFO - 开始普池抽卡
2024-11-25 03:01:10,322 - log - INFO - 普池抽卡颜色:PURPLE
2024-11-25 03:01:10,823 - log - INFO - 开始普池抽卡
2024-11-25 03:01:27,811 - log - INFO - 普池抽卡颜色:GREEN
2024-11-25 03:01:27,811 - log - INFO - 普池抽卡颜色:GREEN,重新开始
2024-11-25 03:01:27,813 - log - INFO - ================================时间符合:3:1
2024-11-25 03:01:27,814 - log - INFO - 当前次数限制:60,当前已抽次数:15
2024-11-25 03:01:40,595 - log - INFO - 进入主页面
2024-11-25 03:01:50,170 - log - INFO - 主页面跳转+调整时间完成
2024-11-25 03:02:07,055 - log - INFO - 开始普池抽卡
2024-11-25 03:02:19,806 - log - INFO - 普池抽卡颜色:GREEN
2024-11-25 03:02:19,806 - log - INFO - 普池抽卡颜色:GREEN,重新开始
2024-11-25 03:02:19,807 - log - INFO - ================================时间符合:3:2
2024-11-25 03:02:19,807 - log - INFO - 当前次数限制:60,当前已抽次数:16
2024-11-25 03:02:32,586 - log - INFO - 进入主页面
2024-11-25 03:02:48,157 - log - INFO - 主页面跳转+调整时间完成
2024-11-25 03:03:04,822 - log - INFO - 开始普池抽卡
2024-11-25 03:03:17,577 - log - INFO - 普池抽卡颜色:BLUE
2024-11-25 03:03:18,079 - log - INFO - 开始普池抽卡
2024-11-25 03:03:34,955 - log - INFO - 普池抽卡颜色:BLUE
2024-11-25 03:03:35,457 - log - INFO - 开始普池抽卡
2024-11-25 03:03:52,161 - log - INFO - 普池抽卡颜色:BLUE
2024-11-25 03:03:52,662 - log - INFO - 开始普池抽卡
2024-11-25 03:04:09,565 - log - INFO - 普池抽卡颜色:GREEN
2024-11-25 03:04:09,565 - log - INFO - 普池抽卡颜色:GREEN,重新开始
2024-11-25 03:58:00,000 - log - INFO - ================================时间符合:3:58
2024-11-25 03:58:00,000 - log - INFO - 当前次数限制:60,当前已抽次数:20
2024-11-25 03:58:21,122 - log - INFO - 进入主页面
2024-11-25 03:58:30,505 - log - INFO - 主页面跳转+调整时间完成
2024-11-25 03:58:44,164 - log - INFO - 开始普池抽卡
2024-11-25 03:58:56,932 - log - INFO - 普池抽卡颜色:GREEN
2024-11-25 03:58:56,932 - log - INFO - 普池抽卡颜色:GREEN,重新开始
2024-11-25 03:58:56,932 - log - INFO - ================================时间符合:3:58
2024-11-25 03:58:56,932 - log - INFO - 当前次数限制:60,当前已抽次数:21
2024-11-25 03:59:09,887 - log - INFO - 进入主页面
2024-11-25 03:59:20,872 - log - INFO - 主页面跳转+调整时间完成
2024-11-25 03:59:37,343 - log - INFO - 开始普池抽卡
2024-11-25 03:59:50,109 - log - INFO - 普池抽卡颜色:GREEN
2024-11-25 03:59:50,110 - log - INFO - 普池抽卡颜色:GREEN,重新开始
2024-11-25 03:59:50,110 - log - INFO - ================================时间符合:3:59
2024-11-25 03:59:50,110 - log - INFO - 当前次数限制:60,当前已抽次数:22
2024-11-25 04:00:02,901 - log - INFO - 进入主页面
2024-11-25 04:00:13,085 - log - INFO - 主页面跳转+调整时间完成
2024-11-25 04:00:26,738 - log - INFO - 开始普池抽卡
2024-11-25 04:00:39,489 - log - INFO - 普池抽卡颜色:GREEN
2024-11-25 04:00:39,489 - log - INFO - 普池抽卡颜色:GREEN,重新开始
2024-11-25 04:00:39,489 - log - INFO - ================================时间符合:4:0
2024-11-25 04:00:39,489 - log - INFO - 当前次数限制:60,当前已抽次数:23
2024-11-25 04:00:52,307 - log - INFO - 进入主页面
2024-11-25 04:01:02,248 - log - INFO - 主页面跳转+调整时间完成
2024-11-25 04:01:19,306 - log - INFO - 开始普池抽卡
2024-11-25 04:01:32,369 - log - INFO - 普池抽卡颜色:PURPLE
2024-11-25 04:01:32,870 - log - INFO - 开始普池抽卡
2024-11-25 04:01:50,146 - log - INFO - 普池抽卡颜色:PURPLE
2024-11-25 04:01:50,647 - log - INFO - 开始普池抽卡
2024-11-25 04:02:07,460 - log - INFO - 普池抽卡颜色:BLUE
2024-11-25 04:02:07,961 - log - INFO - 开始普池抽卡
2024-11-25 04:02:24,865 - log - INFO - 普池抽卡颜色:BLUE
2024-11-25 04:02:25,366 - log - INFO - 开始普池抽卡
2024-11-25 04:02:42,230 - log - INFO - 普池抽卡颜色:BLUE
2024-11-25 04:02:42,731 - log - INFO - 开始普池抽卡
2024-11-25 04:02:59,711 - log - INFO - 普池抽卡颜色:PURPLE
2024-11-25 04:03:00,212 - log - INFO - 开始普池抽卡
2024-11-25 04:03:17,071 - log - INFO - 普池抽卡颜色:GREEN
2024-11-25 04:03:17,071 - log - INFO - 普池抽卡颜色:GREEN,重新开始
2024-11-25 04:03:17,071 - log - INFO - ================================时间符合:4:3
2024-11-25 04:03:17,071 - log - INFO - 当前次数限制:60,当前已抽次数:30
2024-11-25 04:03:25,962 - log - INFO - 进入主页面
2024-11-25 04:03:37,369 - log - INFO - 主页面跳转+调整时间失败
2024-11-25 04:03:37,369 - log - INFO - ================================时间符合:4:3
2024-11-25 04:03:37,369 - log - INFO - 当前次数限制:60,当前已抽次数:30
2024-11-25 04:03:42,126 - log - INFO - 进入主页面
2024-11-25 04:03:52,568 - log - INFO - 主页面跳转+调整时间完成
2024-11-25 04:04:09,655 - log - INFO - 开始普池抽卡
2024-11-25 04:04:22,403 - log - INFO - 普池抽卡颜色:GREEN
2024-11-25 04:04:22,404 - log - INFO - 普池抽卡颜色:GREEN,重新开始
2024-11-25 04:58:00,000 - log - INFO - ================================时间符合:4:58
2024-11-25 04:58:00,001 - log - INFO - 当前次数限制:60,当前已抽次数:31
2024-11-25 04:58:34,242 - log - INFO - 进入主页面失败,重新开始
2024-11-25 04:58:34,243 - log - INFO - ================================时间符合:4:58
2024-11-25 04:58:34,243 - log - INFO - 当前次数限制:60,当前已抽次数:31
2024-11-25 04:58:49,955 - log - INFO - 进入主页面
2024-11-25 04:59:00,566 - log - INFO - 主页面跳转+调整时间完成
2024-11-25 04:59:17,370 - log - INFO - 开始普池抽卡
2024-11-25 04:59:30,196 - log - INFO - 普池抽卡颜色:GREEN
2024-11-25 04:59:30,196 - log - INFO - 普池抽卡颜色:GREEN,重新开始
2024-11-25 04:59:30,196 - log - INFO - ================================时间符合:4:59
2024-11-25 04:59:30,196 - log - INFO - 当前次数限制:60,当前已抽次数:32
2024-11-25 04:59:42,975 - log - INFO - 进入主页面
2024-11-25 04:59:52,924 - log - INFO - 主页面跳转+调整时间完成
2024-11-25 05:00:06,383 - log - INFO - 开始普池抽卡
2024-11-25 05:00:19,157 - log - INFO - 普池抽卡颜色:GREEN
2024-11-25 05:00:19,157 - log - INFO - 普池抽卡颜色:GREEN,重新开始
2024-11-25 05:00:19,157 - log - INFO - ================================时间符合:5:0
2024-11-25 05:00:19,157 - log - INFO - 当前次数限制:60,当前已抽次数:33
2024-11-25 05:00:31,933 - log - INFO - 进入主页面
2024-11-25 05:00:41,304 - log - INFO - 主页面跳转+调整时间完成
2024-11-25 05:00:54,943 - log - INFO - 开始普池抽卡
2024-11-25 05:01:07,752 - log - INFO - 普池抽卡颜色:GREEN
2024-11-25 05:01:07,752 - log - INFO - 普池抽卡颜色:GREEN,重新开始
2024-11-25 05:01:07,752 - log - INFO - ================================时间符合:5:1
2024-11-25 05:01:07,752 - log - INFO - 当前次数限制:60,当前已抽次数:34
2024-11-25 05:01:20,639 - log - INFO - 进入主页面
2024-11-25 05:01:31,488 - log - INFO - 主页面跳转+调整时间完成
2024-11-25 05:01:44,956 - log - INFO - 开始普池抽卡
2024-11-25 05:01:57,731 - log - INFO - 普池抽卡颜色:BLUE
2024-11-25 05:01:58,232 - log - INFO - 开始普池抽卡
2024-11-25 05:02:15,152 - log - INFO - 普池抽卡颜色:PURPLE
2024-11-25 05:02:15,653 - log - INFO - 开始普池抽卡
2024-11-25 05:02:32,508 - log - INFO - 普池抽卡颜色:BLUE
2024-11-25 05:02:33,008 - log - INFO - 开始普池抽卡
2024-11-25 05:02:49,943 - log - INFO - 普池抽卡颜色:PURPLE
2024-11-25 05:02:50,445 - log - INFO - 开始普池抽卡
2024-11-25 05:03:07,517 - log - INFO - 普池抽卡颜色:PURPLE
2024-11-25 05:03:08,020 - log - INFO - 开始普池抽卡
2024-11-25 05:03:24,890 - log - INFO - 普池抽卡颜色:GREEN
2024-11-25 05:03:24,891 - log - INFO - 普池抽卡颜色:GREEN,重新开始
2024-11-25 05:03:24,891 - log - INFO - ================================时间符合:5:3
2024-11-25 05:03:24,891 - log - INFO - 当前次数限制:60,当前已抽次数:40
2024-11-25 05:03:44,080 - log - INFO - 进入主页面
2024-11-25 05:03:54,434 - log - INFO - 主页面跳转+调整时间完成
2024-11-25 05:04:14,446 - log - INFO - 开始普池抽卡
2024-11-25 05:04:27,336 - log - INFO - 普池抽卡颜色:PURPLE
2024-11-25 05:04:27,837 - log - INFO - 开始普池抽卡
2024-11-25 05:04:44,660 - log - INFO - 普池抽卡颜色:GREEN
2024-11-25 05:04:44,660 - log - INFO - 普池抽卡颜色:GREEN,重新开始
2024-11-25 05:58:00,000 - log - INFO - ================================时间符合:5:58
2024-11-25 05:58:00,000 - log - INFO - 当前次数限制:60,当前已抽次数:42
2024-11-25 05:58:18,396 - log - INFO - 进入主页面
2024-11-25 05:58:28,969 - log - INFO - 主页面跳转+调整时间完成
2024-11-25 05:58:42,654 - log - INFO - 开始普池抽卡
2024-11-25 05:58:55,416 - log - INFO - 普池抽卡颜色:GREEN
2024-11-25 05:58:55,416 - log - INFO - 普池抽卡颜色:GREEN,重新开始
2024-11-25 05:58:55,416 - log - INFO - ================================时间符合:5:58
2024-11-25 05:58:55,416 - log - INFO - 当前次数限制:60,当前已抽次数:43
2024-11-25 05:59:08,234 - log - INFO - 进入主页面
2024-11-25 05:59:18,366 - log - INFO - 主页面跳转+调整时间完成
2024-11-25 05:59:35,022 - log - INFO - 开始普池抽卡
2024-11-25 05:59:47,813 - log - INFO - 普池抽卡颜色:GREEN
2024-11-25 05:59:47,814 - log - INFO - 普池抽卡颜色:GREEN,重新开始
2024-11-25 05:59:47,814 - log - INFO - ================================时间符合:5:59
2024-11-25 05:59:47,814 - log - INFO - 当前次数限制:60,当前已抽次数:44
2024-11-25 06:00:00,514 - log - INFO - 进入主页面
2024-11-25 06:00:09,943 - log - INFO - 主页面跳转+调整时间完成
2024-11-25 06:00:26,991 - log - INFO - 开始普池抽卡
2024-11-25 06:00:39,874 - log - INFO - 普池抽卡颜色:PURPLE
2024-11-25 06:00:40,375 - log - INFO - 开始普池抽卡
2024-11-25 06:00:57,271 - log - INFO - 普池抽卡颜色:PURPLE
2024-11-25 06:00:57,772 - log - INFO - 开始普池抽卡
2024-11-25 06:01:14,567 - log - INFO - 普池抽卡颜色:GREEN
2024-11-25 06:01:14,567 - log - INFO - 普池抽卡颜色:GREEN,重新开始
