2024-11-17 00:28:07,699 - log - INFO - 开始神魔抽卡模式
2024-11-17 00:28:07,708 - log - INFO - 时间窗口期  小时：2-50 分钟: 1-300
2024-11-17 00:29:06,214 - log - INFO - 开始神魔抽卡模式
2024-11-17 00:29:06,221 - log - INFO - 时间窗口期  小时：0-50 分钟: 1-300
2024-11-17 00:29:06,222 - log - INFO - ================================时间符合:0:29
2024-11-17 00:29:06,222 - log - INFO - 当前库存数 白票:60, 红票:30, 水晶球:40
2024-11-17 00:29:08,739 - log - INFO - 进入主页面
2024-11-17 00:29:18,667 - log - INFO - 主页面跳转+调整时间完成
2024-11-17 00:29:32,970 - log - INFO - 开始普池第一抽
2024-11-17 00:29:44,628 - log - INFO - 普池第一抽颜色:GREEN
2024-11-17 00:29:44,629 - log - INFO - 普池第一抽绿色,重新开始
2024-11-17 00:29:44,629 - log - INFO - ================================时间符合:0:29
2024-11-17 00:29:44,629 - log - INFO - 当前库存数 白票:59, 红票:30, 水晶球:40
2024-11-17 00:29:58,530 - log - INFO - 进入主页面
2024-11-17 00:30:07,828 - log - INFO - 主页面跳转+调整时间完成
2024-11-17 00:30:22,305 - log - INFO - 开始普池第一抽
2024-11-17 00:30:33,997 - log - INFO - 普池第一抽颜色:GREEN
2024-11-17 00:30:33,998 - log - INFO - 普池第一抽绿色,重新开始
2024-11-17 00:30:33,998 - log - INFO - ================================时间符合:0:30
2024-11-17 00:30:33,998 - log - INFO - 当前库存数 白票:58, 红票:30, 水晶球:40
2024-11-17 00:30:48,140 - log - INFO - 进入主页面
2024-11-17 00:30:59,016 - log - INFO - 主页面跳转+调整时间完成
2024-11-17 00:31:10,526 - log - INFO - 开始普池第一抽
2024-11-17 00:31:22,340 - log - INFO - 普池第一抽颜色:GREEN
2024-11-17 00:31:22,340 - log - INFO - 普池第一抽绿色,重新开始
2024-11-17 00:31:22,340 - log - INFO - ================================时间符合:0:31
2024-11-17 00:31:22,340 - log - INFO - 当前库存数 白票:57, 红票:30, 水晶球:40
2024-11-17 00:31:36,133 - log - INFO - 进入主页面
2024-11-17 00:31:49,797 - log - INFO - 主页面跳转+调整时间完成
2024-11-17 00:32:04,120 - log - INFO - 开始普池第一抽
2024-11-17 00:32:33,350 - log - INFO - 普池第一抽颜色:PURPLE
2024-11-17 00:32:33,350 - log - INFO - 普池进入第二抽
2024-11-17 00:32:42,342 - log - INFO - 普池第二抽颜色:GOLD
2024-11-17 00:32:42,343 - log - INFO - 进入史诗页面
2024-11-17 00:32:51,813 - log - INFO - 开始史诗第一抽
2024-11-17 00:33:03,270 - log - INFO - 史诗第一抽颜色:GREEN
2024-11-17 00:33:03,270 - log - INFO - 史诗第一抽绿色,重新开始
2024-11-17 00:33:03,270 - log - INFO - ================================时间符合:0:33
2024-11-17 00:33:03,270 - log - INFO - 当前库存数 白票:55, 红票:29, 水晶球:40
2024-11-17 00:33:17,020 - log - INFO - 进入主页面
2024-11-17 00:33:27,941 - log - INFO - 主页面跳转+调整时间完成
2024-11-17 00:33:42,250 - log - INFO - 开始普池第一抽
2024-11-17 00:34:09,184 - log - INFO - 普池第一抽颜色:PURPLE
2024-11-17 00:34:09,184 - log - INFO - 普池进入第二抽
2024-11-17 00:34:15,988 - log - INFO - 普池第二抽颜色:GREEN
2024-11-17 00:34:15,988 - log - INFO - 普池第二抽绿色,重新开始
2024-11-17 00:34:15,988 - log - INFO - ================================时间符合:0:34
2024-11-17 00:34:15,988 - log - INFO - 当前库存数 白票:53, 红票:29, 水晶球:40
2024-11-17 00:34:29,772 - log - INFO - 进入主页面
2024-11-17 00:34:39,934 - log - INFO - 主页面跳转+调整时间完成
2024-11-17 00:34:54,198 - log - INFO - 开始普池第一抽
2024-11-17 00:35:23,570 - log - INFO - 普池第一抽颜色:PURPLE
2024-11-17 00:35:23,570 - log - INFO - 普池进入第二抽
2024-11-17 00:35:30,297 - log - INFO - 普池第二抽颜色:PURPLE
2024-11-17 00:35:30,297 - log - INFO - 进入史诗页面
2024-11-17 00:35:39,713 - log - INFO - 开始史诗第一抽
2024-11-17 00:35:51,100 - log - INFO - 史诗第一抽颜色:GREEN
2024-11-17 00:35:51,101 - log - INFO - 史诗第一抽绿色,重新开始
2024-11-17 00:35:51,101 - log - INFO - ================================时间符合:0:35
2024-11-17 00:35:51,101 - log - INFO - 当前库存数 白票:51, 红票:28, 水晶球:40
2024-11-17 00:36:04,947 - log - INFO - 进入主页面
2024-11-17 00:36:15,726 - log - INFO - 主页面跳转+调整时间完成
2024-11-17 00:36:29,777 - log - INFO - 开始普池第一抽
2024-11-17 00:36:58,623 - log - INFO - 普池第一抽颜色:GREEN
2024-11-17 00:36:58,624 - log - INFO - 普池第一抽绿色,重新开始
2024-11-17 00:36:58,624 - log - INFO - ================================时间符合:0:36
2024-11-17 00:36:58,625 - log - INFO - 当前库存数 白票:50, 红票:28, 水晶球:40
2024-11-17 00:37:12,150 - log - INFO - 进入主页面
2024-11-17 00:37:22,288 - log - INFO - 主页面跳转+调整时间完成
2024-11-17 00:37:36,734 - log - INFO - 开始普池第一抽
2024-11-17 00:38:03,236 - log - INFO - 普池第一抽颜色:GREEN
2024-11-17 00:38:03,236 - log - INFO - 普池第一抽绿色,重新开始
2024-11-17 00:38:03,236 - log - INFO - ================================时间符合:0:38
2024-11-17 00:38:03,236 - log - INFO - 当前库存数 白票:49, 红票:28, 水晶球:40
2024-11-17 00:38:17,151 - log - INFO - 进入主页面
2024-11-17 00:38:26,855 - log - INFO - 主页面跳转+调整时间完成
2024-11-17 00:38:41,147 - log - INFO - 开始普池第一抽
2024-11-17 00:39:07,187 - log - INFO - 普池第一抽颜色:BLUE
2024-11-17 00:39:07,187 - log - INFO - 普池进入第二抽
2024-11-17 00:39:13,917 - log - INFO - 普池第二抽颜色:PURPLE
2024-11-17 00:39:13,918 - log - INFO - 进入史诗页面
2024-11-17 00:39:23,183 - log - INFO - 开始史诗第一抽
2024-11-17 00:39:34,814 - log - INFO - 史诗第一抽颜色:PURPLE
2024-11-17 00:39:34,814 - log - INFO - 进入神魔模式，开始史诗第二抽
2024-11-17 00:39:41,316 - log - INFO - 史诗第二抽颜色:PURPLE
2024-11-17 00:39:41,317 - log - INFO - 史诗第二抽蓝紫金，跳转神魔十连
2024-11-17 00:39:45,180 - log - INFO - 去神魔页面失败，重新开始
2024-11-17 00:39:45,180 - log - INFO - 抽卡统计:
2024-11-17 00:39:45,180 - log - INFO - 总金卡概率:0/17=0.00
2024-11-17 00:39:45,180 - log - INFO - 总紫卡概率:7/17=0.41
2024-11-17 00:39:45,180 - log - INFO - 全英雄卡池金卡概率:0/13=0.00
2024-11-17 00:39:45,180 - log - INFO - 全英雄卡池紫卡概率:5/13=0.38
2024-11-17 00:39:45,180 - log - INFO - 史诗卡池金卡概率:0/4=0.00
2024-11-17 00:39:45,180 - log - INFO - 史诗卡池紫卡概率:2/4=0.50
