2024-11-26 03:00:46,792 - log - INFO - 开始全英雄定向金抽卡模式
2024-11-26 03:00:46,792 - log - INFO - 时间窗口期  小时：1-5 分钟: 58-3
2024-11-26 03:00:47,379 - log - INFO - ================================时间符合:3:0
2024-11-26 03:00:47,379 - log - INFO - 当前次数限制:60,当前已抽次数:0
2024-11-26 03:00:50,894 - log - INFO - 进入主页面
2024-11-26 03:01:10,648 - log - INFO - 主页面跳转+调整时间完成
2024-11-26 03:02:20,653 - log - INFO - 普池模式，调整心愿单失败，重新开始
2024-11-26 03:02:20,653 - log - INFO - ================================时间符合:3:2
2024-11-26 03:02:20,653 - log - INFO - 当前次数限制:60,当前已抽次数:0
2024-11-26 03:02:29,641 - log - INFO - 进入主页面失败,重新开始
2024-11-26 03:02:40,293 - log - INFO - 开始全英雄定向金抽卡模式
2024-11-26 03:02:40,294 - log - INFO - 时间窗口期  小时：1-5 分钟: 58-3
2024-11-26 03:02:40,723 - log - INFO - ================================时间符合:3:2
2024-11-26 03:02:40,723 - log - INFO - 当前次数限制:60,当前已抽次数:0
2024-11-26 03:02:43,791 - log - INFO - 进入主页面
2024-11-26 03:02:54,033 - log - INFO - 主页面跳转+调整时间完成
2024-11-26 03:05:15,703 - log - INFO - 开始普池抽卡
2024-11-26 03:05:37,574 - log - INFO - 普池抽卡颜色:GREEN
2024-11-26 03:05:37,575 - log - INFO - 普池抽卡颜色:GREEN,重新开始
2024-11-26 03:05:38,598 - log - INFO - 抽卡统计:
2024-11-26 03:05:38,598 - log - INFO - 全英雄卡池金卡概率:0/1=0.00
2024-11-26 03:05:38,598 - log - INFO - 全英雄卡池紫卡概率:0/1=0.00
