2024-11-22 00:17:33,784 - log - INFO - 开始全英雄定向金抽卡模式
2024-11-22 00:17:33,785 - log - INFO - 时间窗口期  小时：0-5 分钟: 1-300
2024-11-22 00:17:33,794 - log - INFO - ================================时间符合:0:17
2024-11-22 00:17:33,794 - log - INFO - 当前次数限制:60,当前已抽次数:0
2024-11-22 00:17:42,642 - log - INFO - 进入主页面
2024-11-22 00:17:52,005 - log - INFO - 主页面跳转+调整时间完成
2024-11-22 00:19:22,988 - log - INFO - 开始普池抽卡
2024-11-22 00:19:35,778 - log - INFO - 普池抽卡颜色:GREEN
2024-11-22 00:19:35,779 - log - INFO - 普池抽卡颜色:GREEN,重新开始
2024-11-22 00:19:35,781 - log - INFO - ================================时间符合:0:19
2024-11-22 00:19:35,781 - log - INFO - 当前次数限制:60,当前已抽次数:1
2024-11-22 00:19:48,423 - log - INFO - 进入主页面
2024-11-22 00:19:59,359 - log - INFO - 主页面跳转+调整时间完成
2024-11-22 00:20:11,556 - log - INFO - 开始普池抽卡
2024-11-22 00:20:24,172 - log - INFO - 普池抽卡颜色:BLUE
2024-11-22 00:20:24,673 - log - INFO - 开始普池抽卡
2024-11-22 00:20:41,262 - log - INFO - 普池抽卡颜色:PURPLE
2024-11-22 00:20:41,763 - log - INFO - 开始普池抽卡
2024-11-22 00:20:58,548 - log - INFO - 普池抽卡颜色:BLUE
2024-11-22 00:20:59,049 - log - INFO - 开始普池抽卡
2024-11-22 00:21:15,606 - log - INFO - 普池抽卡颜色:PURPLE
2024-11-22 00:21:16,107 - log - INFO - 开始普池抽卡
2024-11-22 00:21:32,910 - log - INFO - 普池抽卡颜色:GREEN
2024-11-22 00:21:32,910 - log - INFO - 普池抽卡颜色:GREEN,重新开始
2024-11-22 00:21:32,910 - log - INFO - ================================时间符合:0:21
2024-11-22 00:21:32,911 - log - INFO - 当前次数限制:60,当前已抽次数:6
