2024-11-14 11:36:52,210 - log - INFO - 开始神魔抽卡模式
2024-11-14 11:36:52,210 - log - INFO - 时间窗口期  小时：2-50 分钟: 1-300
2024-11-14 11:36:52,211 - log - INFO - ================================时间符合:11:36
2024-11-14 11:36:52,211 - log - INFO - 当前库存数 白票:60, 红票:30, 水晶球:40
2024-11-14 11:36:54,307 - log - INFO - 进入主页面
2024-11-14 11:37:03,515 - log - INFO - 主页面跳转+调整时间完成
2024-11-14 11:37:14,440 - log - INFO - 开始普池第一抽
2024-11-14 11:37:25,740 - log - INFO - 普池第一抽颜色:GREEN
2024-11-14 11:37:25,741 - log - INFO - 普池第一抽绿色,重新开始
2024-11-14 11:37:25,741 - log - INFO - ================================时间符合:11:37
2024-11-14 11:37:25,741 - log - INFO - 当前库存数 白票:59, 红票:30, 水晶球:40
2024-11-14 11:37:37,276 - log - INFO - 进入主页面
2024-11-14 11:37:45,913 - log - INFO - 主页面跳转+调整时间完成
2024-11-14 11:37:57,099 - log - INFO - 开始普池第一抽
2024-11-14 11:38:08,378 - log - INFO - 普池第一抽颜色:BLUE
2024-11-14 11:38:08,379 - log - INFO - 普池进入第二抽
2024-11-14 11:38:13,069 - log - INFO - 普池第二抽颜色:BLUE
2024-11-14 11:38:13,069 - log - INFO - 进入史诗页面
2024-11-14 11:38:20,520 - log - INFO - 开始史诗第一抽
2024-11-14 11:38:31,755 - log - INFO - 史诗第一抽颜色:GREEN
2024-11-14 11:38:31,756 - log - INFO - 史诗第一抽绿色,重新开始
2024-11-14 11:38:31,756 - log - INFO - ================================时间符合:11:38
2024-11-14 11:38:31,756 - log - INFO - 当前库存数 白票:57, 红票:29, 水晶球:40
2024-11-14 11:38:43,223 - log - INFO - 进入主页面
2024-11-14 11:38:51,464 - log - INFO - 主页面跳转+调整时间完成
2024-11-14 11:39:02,701 - log - INFO - 开始普池第一抽
2024-11-14 11:39:13,619 - log - INFO - 普池第一抽颜色:GREEN
2024-11-14 11:39:13,619 - log - INFO - 普池第一抽绿色,重新开始
2024-11-14 11:39:13,619 - log - INFO - ================================时间符合:11:39
2024-11-14 11:39:13,619 - log - INFO - 当前库存数 白票:56, 红票:29, 水晶球:40
2024-11-14 11:39:25,063 - log - INFO - 进入主页面
2024-11-14 11:39:32,680 - log - INFO - 主页面跳转+调整时间完成
2024-11-14 11:39:43,759 - log - INFO - 开始普池第一抽
2024-11-14 11:39:55,086 - log - INFO - 普池第一抽颜色:GREEN
2024-11-14 11:39:55,086 - log - INFO - 普池第一抽绿色,重新开始
2024-11-14 11:39:55,086 - log - INFO - ================================时间符合:11:39
2024-11-14 11:39:55,086 - log - INFO - 当前库存数 白票:55, 红票:29, 水晶球:40
2024-11-14 11:40:06,756 - log - INFO - 进入主页面
2024-11-14 11:40:16,023 - log - INFO - 主页面跳转+调整时间完成
2024-11-14 11:40:26,916 - log - INFO - 开始普池第一抽
2024-11-14 11:40:38,057 - log - INFO - 普池第一抽颜色:GREEN
2024-11-14 11:40:38,057 - log - INFO - 普池第一抽绿色,重新开始
2024-11-14 11:40:38,058 - log - INFO - ================================时间符合:11:40
2024-11-14 11:40:38,058 - log - INFO - 当前库存数 白票:54, 红票:29, 水晶球:40
2024-11-14 11:40:49,435 - log - INFO - 进入主页面
2024-11-14 11:40:58,041 - log - INFO - 主页面跳转+调整时间完成
2024-11-14 11:41:09,288 - log - INFO - 开始普池第一抽
2024-11-14 11:41:20,450 - log - INFO - 普池第一抽颜色:GREEN
2024-11-14 11:41:20,451 - log - INFO - 普池第一抽绿色,重新开始
2024-11-14 11:41:20,451 - log - INFO - ================================时间符合:11:41
2024-11-14 11:41:20,451 - log - INFO - 当前库存数 白票:53, 红票:29, 水晶球:40
2024-11-14 11:41:32,002 - log - INFO - 进入主页面
2024-11-14 11:41:40,180 - log - INFO - 主页面跳转+调整时间完成
2024-11-14 11:41:51,496 - log - INFO - 开始普池第一抽
2024-11-14 11:42:13,548 - log - INFO - 普池第一抽颜色:PURPLE
2024-11-14 11:42:13,549 - log - INFO - 普池进入第二抽
2024-11-14 11:42:24,732 - log - INFO - 普池第二抽颜色:UNKNOWN
2024-11-14 11:42:24,732 - log - INFO - ================================时间符合:11:42
2024-11-14 11:42:24,732 - log - INFO - 当前库存数 白票:51, 红票:29, 水晶球:40
