2024-11-13 23:07:10,154 - log - INFO - 开始神魔抽卡模式
2024-11-13 23:07:10,154 - log - INFO - 时间窗口期  小时：2-5 分钟: 58-3
2024-11-14 02:00:00,508 - log - INFO - ================================时间符合:2:0
2024-11-14 02:00:00,511 - log - INFO - 当前库存数 白票:94, 红票:26, 水晶球:61
2024-11-14 02:00:07,094 - log - INFO - 进入主页面
2024-11-14 02:00:16,960 - log - INFO - 主页面跳转+调整时间完成
2024-11-14 02:00:28,100 - log - INFO - 开始普池第一抽
2024-11-14 02:00:39,790 - log - INFO - 普池第一抽颜色:PURPLE
2024-11-14 02:00:39,790 - log - INFO - 普池进入第二抽
2024-11-14 02:00:44,782 - log - INFO - 普池第二抽颜色:BLUE
2024-11-14 02:00:44,782 - log - INFO - 进入史诗页面
2024-11-14 02:00:52,482 - log - INFO - 开始史诗第一抽
2024-11-14 02:01:04,071 - log - INFO - 史诗第一抽颜色:PURPLE
2024-11-14 02:01:04,071 - log - INFO - 进入神魔模式，开始史诗第二抽
2024-11-14 02:01:09,010 - log - INFO - 史诗第二抽颜色:GREEN
2024-11-14 02:01:09,010 - log - INFO - 史诗第二抽绿色,重新开始
2024-11-14 02:01:09,010 - log - INFO - ================================时间符合:2:1
2024-11-14 02:01:09,010 - log - INFO - 当前库存数 白票:92, 红票:24, 水晶球:61
2024-11-14 02:01:20,852 - log - INFO - 进入主页面
2024-11-14 02:01:29,774 - log - INFO - 主页面跳转+调整时间完成
2024-11-14 02:01:40,932 - log - INFO - 开始普池第一抽
2024-11-14 02:01:52,424 - log - INFO - 普池第一抽颜色:GREEN
2024-11-14 02:01:52,424 - log - INFO - 普池第一抽绿色,重新开始
2024-11-14 02:01:52,424 - log - INFO - ================================时间符合:2:1
2024-11-14 02:01:52,424 - log - INFO - 当前库存数 白票:91, 红票:24, 水晶球:61
2024-11-14 02:02:04,268 - log - INFO - 进入主页面
2024-11-14 02:02:12,746 - log - INFO - 主页面跳转+调整时间完成
2024-11-14 02:02:23,877 - log - INFO - 开始普池第一抽
2024-11-14 02:02:35,476 - log - INFO - 普池第一抽颜色:PURPLE
2024-11-14 02:02:35,476 - log - INFO - 普池进入第二抽
2024-11-14 02:02:40,365 - log - INFO - 普池第二抽颜色:GREEN
2024-11-14 02:02:40,365 - log - INFO - 普池第二抽绿色,重新开始
2024-11-14 02:02:40,365 - log - INFO - ================================时间符合:2:2
2024-11-14 02:02:40,365 - log - INFO - 当前库存数 白票:89, 红票:24, 水晶球:61
2024-11-14 02:02:52,213 - log - INFO - 进入主页面
2024-11-14 02:03:00,126 - log - INFO - 主页面跳转+调整时间完成
2024-11-14 02:03:11,291 - log - INFO - 开始普池第一抽
2024-11-14 02:03:22,781 - log - INFO - 普池第一抽颜色:GREEN
2024-11-14 02:03:22,781 - log - INFO - 普池第一抽绿色,重新开始
2024-11-14 02:03:22,781 - log - INFO - ================================时间符合:2:3
2024-11-14 02:03:22,781 - log - INFO - 当前库存数 白票:88, 红票:24, 水晶球:61
2024-11-14 02:03:34,617 - log - INFO - 进入主页面
2024-11-14 02:03:44,310 - log - INFO - 主页面跳转+调整时间完成
2024-11-14 02:03:55,473 - log - INFO - 开始普池第一抽
2024-11-14 02:04:07,002 - log - INFO - 普池第一抽颜色:PURPLE
2024-11-14 02:04:07,002 - log - INFO - 普池进入第二抽
2024-11-14 02:04:11,961 - log - INFO - 普池第二抽颜色:PURPLE
2024-11-14 02:04:11,961 - log - INFO - 进入史诗页面
2024-11-14 02:04:19,621 - log - INFO - 开始史诗第一抽
2024-11-14 02:04:32,585 - log - INFO - 史诗第一抽颜色:GOLD
2024-11-14 02:04:32,585 - log - INFO - ,神魔模式：史诗第一抽金色,去神魔界面
2024-11-14 02:04:43,052 - log - INFO - 开始神魔十连
2024-11-14 02:04:48,395 - log - INFO - 截图保存
