2024-11-17 00:48:15,467 - log - INFO - 开始神魔抽卡模式
2024-11-17 00:48:15,475 - log - INFO - 时间窗口期  小时：0-5 分钟: 1-300
2024-11-17 00:48:15,476 - log - INFO - ================================时间符合:0:48
2024-11-17 00:48:15,476 - log - INFO - 当前库存数 白票:60, 红票:30, 水晶球:40
2024-11-17 00:48:21,785 - log - INFO - 进入主页面
2024-11-17 00:48:32,863 - log - INFO - 主页面跳转+调整时间完成
2024-11-17 00:48:47,187 - log - INFO - 开始普池第一抽
2024-11-17 00:49:16,726 - log - INFO - 普池第一抽颜色:PURPLE
2024-11-17 00:49:16,726 - log - INFO - 普池进入第二抽
2024-11-17 00:49:23,500 - log - INFO - 普池第二抽颜色:PURPLE
2024-11-17 00:49:23,500 - log - INFO - 进入史诗页面
2024-11-17 00:49:32,899 - log - INFO - 开始史诗第一抽
2024-11-17 00:49:44,472 - log - INFO - 史诗第一抽颜色:BLUE
2024-11-17 00:49:44,473 - log - INFO - 进入神魔模式，开始史诗第二抽
2024-11-17 00:49:50,773 - log - INFO - 史诗第二抽颜色:PURPLE
2024-11-17 00:49:50,779 - log - INFO - 史诗第二抽蓝紫金，跳转神魔十连
2024-11-17 00:50:00,450 - log - INFO - 去神魔页面失败，重新开始
2024-11-17 00:50:00,450 - log - INFO - 抽卡统计:
2024-11-17 00:50:00,451 - log - INFO - 总金卡概率:0/4=0.00
2024-11-17 00:50:00,451 - log - INFO - 总紫卡概率:3/4=0.75
2024-11-17 00:50:00,451 - log - INFO - 全英雄卡池金卡概率:0/2=0.00
2024-11-17 00:50:00,451 - log - INFO - 全英雄卡池紫卡概率:2/2=1.00
2024-11-17 00:50:00,451 - log - INFO - 史诗卡池金卡概率:0/2=0.00
2024-11-17 00:50:00,451 - log - INFO - 史诗卡池紫卡概率:1/2=0.50
