2024-11-14 11:50:15,267 - log - INFO - 开始神魔抽卡模式
2024-11-14 11:50:15,268 - log - INFO - 时间窗口期  小时：2-50 分钟: 1-300
2024-11-14 11:50:15,268 - log - INFO - ================================时间符合:11:50
2024-11-14 11:50:15,268 - log - INFO - 当前库存数 白票:60, 红票:30, 水晶球:40
2024-11-14 11:50:23,823 - log - INFO - 进入主页面
2024-11-14 11:50:32,681 - log - INFO - 主页面跳转+调整时间完成
2024-11-14 11:50:53,696 - log - INFO - 开始普池第一抽
2024-11-14 11:51:14,430 - log - INFO - 普池第一抽颜色:GREEN
2024-11-14 11:51:14,431 - log - INFO - 普池第一抽绿色,重新开始
2024-11-14 11:51:14,431 - log - INFO - ================================时间符合:11:51
2024-11-14 11:51:14,432 - log - INFO - 当前库存数 白票:59, 红票:30, 水晶球:40
2024-11-14 11:51:26,155 - log - INFO - 进入主页面
2024-11-14 11:51:34,950 - log - INFO - 主页面跳转+调整时间完成
2024-11-14 11:51:55,766 - log - INFO - 开始普池第一抽
2024-11-14 11:52:16,276 - log - INFO - 普池第一抽颜色:GREEN
2024-11-14 11:52:16,277 - log - INFO - 普池第一抽绿色,重新开始
2024-11-14 11:52:16,277 - log - INFO - ================================时间符合:11:52
2024-11-14 11:52:16,277 - log - INFO - 当前库存数 白票:58, 红票:30, 水晶球:40
2024-11-14 11:52:27,966 - log - INFO - 进入主页面
2024-11-14 11:52:36,729 - log - INFO - 主页面跳转+调整时间完成
2024-11-14 11:52:57,346 - log - INFO - 开始普池第一抽
2024-11-14 11:53:18,000 - log - INFO - 普池第一抽颜色:GREEN
2024-11-14 11:53:18,000 - log - INFO - 普池第一抽绿色,重新开始
2024-11-14 11:53:18,000 - log - INFO - ================================时间符合:11:53
2024-11-14 11:53:18,000 - log - INFO - 当前库存数 白票:57, 红票:30, 水晶球:40
2024-11-14 11:53:29,891 - log - INFO - 进入主页面
2024-11-14 11:53:39,379 - log - INFO - 主页面跳转+调整时间完成
2024-11-14 11:53:50,528 - log - INFO - 开始普池第一抽
2024-11-14 11:54:13,006 - log - INFO - 普池第一抽颜色:PURPLE
2024-11-14 11:54:13,007 - log - INFO - 普池进入第二抽
2024-11-14 11:54:24,204 - log - INFO - 普池第二抽颜色:UNKNOWN
2024-11-14 11:54:24,205 - log - INFO - ================================时间符合:11:54
2024-11-14 11:54:24,205 - log - INFO - 当前库存数 白票:55, 红票:30, 水晶球:40
2024-11-14 11:54:32,995 - log - INFO - 进入主页面失败,重新开始
