2024-11-15 12:08:02,141 - log - INFO - 开始神魔抽卡模式
2024-11-15 12:08:02,149 - log - INFO - 时间窗口期  小时：2-50 分钟: 1-300
2024-11-15 12:08:02,149 - log - INFO - ================================时间符合:12:8
2024-11-15 12:08:02,149 - log - INFO - 当前库存数 白票:60, 红票:30, 水晶球:40
2024-11-15 12:08:04,718 - log - INFO - 进入主页面
2024-11-15 12:08:31,070 - log - INFO - 主页面跳转+调整时间完成
2024-11-15 12:08:46,120 - log - INFO - 开始普池第一抽
2024-11-15 12:09:13,625 - log - INFO - 普池第一抽颜色:GREEN
2024-11-15 12:09:13,625 - log - INFO - 普池第一抽绿色,重新开始
2024-11-15 12:09:13,625 - log - INFO - ================================时间符合:12:9
2024-11-15 12:09:13,625 - log - INFO - 当前库存数 白票:59, 红票:30, 水晶球:40
2024-11-15 12:09:28,130 - log - INFO - 进入主页面
2024-11-15 12:09:39,619 - log - INFO - 主页面跳转+调整时间完成
2024-11-15 12:09:54,307 - log - INFO - 开始普池第一抽
2024-11-15 12:10:26,613 - log - INFO - 普池第一抽颜色:GREEN
2024-11-15 12:10:26,613 - log - INFO - 普池第一抽绿色,重新开始
2024-11-15 12:10:26,613 - log - INFO - ================================时间符合:12:10
2024-11-15 12:10:26,613 - log - INFO - 当前库存数 白票:58, 红票:30, 水晶球:40
2024-11-15 12:10:41,050 - log - INFO - 进入主页面
2024-11-15 12:10:51,985 - log - INFO - 主页面跳转+调整时间完成
2024-11-15 12:11:06,873 - log - INFO - 开始普池第一抽
2024-11-15 12:11:38,995 - log - INFO - 普池第一抽颜色:GREEN
2024-11-15 12:11:38,995 - log - INFO - 普池第一抽绿色,重新开始
2024-11-15 12:11:38,996 - log - INFO - ================================时间符合:12:11
2024-11-15 12:11:38,996 - log - INFO - 当前库存数 白票:57, 红票:30, 水晶球:40
2024-11-15 12:11:53,484 - log - INFO - 进入主页面
2024-11-15 12:12:04,987 - log - INFO - 主页面跳转+调整时间完成
2024-11-15 12:12:19,669 - log - INFO - 开始普池第一抽
2024-11-15 12:12:56,721 - log - INFO - 普池第一抽颜色:GREEN
2024-11-15 12:12:56,722 - log - INFO - 普池第一抽绿色,重新开始
2024-11-15 12:12:56,722 - log - INFO - ================================时间符合:12:12
2024-11-15 12:12:56,722 - log - INFO - 当前库存数 白票:56, 红票:30, 水晶球:40
2024-11-15 12:13:11,003 - log - INFO - 进入主页面
2024-11-15 12:13:21,921 - log - INFO - 主页面跳转+调整时间完成
2024-11-15 12:13:33,847 - log - INFO - 开始普池第一抽
2024-11-15 12:14:06,088 - log - INFO - 普池第一抽颜色:BLUE
2024-11-15 12:14:06,089 - log - INFO - 普池进入第二抽
2024-11-15 12:14:13,021 - log - INFO - 普池第二抽颜色:PURPLE
2024-11-15 12:14:13,021 - log - INFO - 进入史诗页面
2024-11-15 12:14:22,766 - log - INFO - 开始史诗第一抽
2024-11-15 12:14:34,510 - log - INFO - 史诗第一抽颜色:GREEN
2024-11-15 12:14:34,510 - log - INFO - 史诗第一抽绿色,重新开始
2024-11-15 12:14:34,510 - log - INFO - ================================时间符合:12:14
2024-11-15 12:14:34,511 - log - INFO - 当前库存数 白票:54, 红票:29, 水晶球:40
2024-11-15 12:14:48,760 - log - INFO - 进入主页面
2024-11-15 12:15:00,139 - log - INFO - 主页面跳转+调整时间完成
2024-11-15 12:15:14,788 - log - INFO - 开始普池第一抽
2024-11-15 12:15:41,908 - log - INFO - 普池第一抽颜色:GREEN
2024-11-15 12:15:41,908 - log - INFO - 普池第一抽绿色,重新开始
2024-11-15 12:15:41,908 - log - INFO - ================================时间符合:12:15
2024-11-15 12:15:41,908 - log - INFO - 当前库存数 白票:53, 红票:29, 水晶球:40
2024-11-15 12:15:56,189 - log - INFO - 进入主页面
2024-11-15 12:16:10,701 - log - INFO - 主页面跳转+调整时间完成
2024-11-15 12:16:25,377 - log - INFO - 开始普池第一抽
2024-11-15 12:17:01,867 - log - INFO - 普池第一抽颜色:GREEN
2024-11-15 12:17:01,867 - log - INFO - 普池第一抽绿色,重新开始
2024-11-15 12:17:01,867 - log - INFO - ================================时间符合:12:17
2024-11-15 12:17:01,867 - log - INFO - 当前库存数 白票:52, 红票:29, 水晶球:40
2024-11-15 12:17:16,333 - log - INFO - 进入主页面
2024-11-15 12:17:31,265 - log - INFO - 主页面跳转+调整时间完成
2024-11-15 12:17:45,932 - log - INFO - 开始普池第一抽
2024-11-15 12:18:17,986 - log - INFO - 普池第一抽颜色:GREEN
2024-11-15 12:18:17,986 - log - INFO - 普池第一抽绿色,重新开始
2024-11-15 12:18:17,987 - log - INFO - ================================时间符合:12:18
2024-11-15 12:18:17,987 - log - INFO - 当前库存数 白票:51, 红票:29, 水晶球:40
2024-11-15 12:18:32,511 - log - INFO - 进入主页面
2024-11-15 12:18:43,263 - log - INFO - 主页面跳转+调整时间完成
2024-11-15 12:18:55,167 - log - INFO - 开始普池第一抽
2024-11-15 12:19:26,394 - log - INFO - 普池第一抽颜色:GREEN
2024-11-15 12:19:26,394 - log - INFO - 普池第一抽绿色,重新开始
2024-11-15 12:19:26,395 - log - INFO - ================================时间符合:12:19
2024-11-15 12:19:26,395 - log - INFO - 当前库存数 白票:50, 红票:29, 水晶球:40
2024-11-15 12:19:40,892 - log - INFO - 进入主页面
2024-11-15 12:19:52,416 - log - INFO - 主页面跳转+调整时间完成
2024-11-15 12:20:07,101 - log - INFO - 开始普池第一抽
2024-11-15 12:20:39,378 - log - INFO - 普池第一抽颜色:GREEN
2024-11-15 12:20:39,378 - log - INFO - 普池第一抽绿色,重新开始
2024-11-15 12:20:39,378 - log - INFO - ================================时间符合:12:20
2024-11-15 12:20:39,379 - log - INFO - 当前库存数 白票:49, 红票:29, 水晶球:40
2024-11-15 12:20:53,725 - log - INFO - 进入主页面
2024-11-15 12:21:04,425 - log - INFO - 主页面跳转+调整时间完成
2024-11-15 12:21:16,441 - log - INFO - 开始普池第一抽
2024-11-15 12:21:43,615 - log - INFO - 普池第一抽颜色:BLUE
2024-11-15 12:21:43,616 - log - INFO - 普池进入第二抽
2024-11-15 12:21:50,440 - log - INFO - 普池第二抽颜色:BLUE
2024-11-15 12:21:50,440 - log - INFO - 进入史诗页面
2024-11-15 12:21:59,992 - log - INFO - 开始史诗第一抽
2024-11-15 12:22:11,770 - log - INFO - 史诗第一抽颜色:GREEN
2024-11-15 12:22:11,770 - log - INFO - 史诗第一抽绿色,重新开始
2024-11-15 12:22:11,770 - log - INFO - ================================时间符合:12:22
2024-11-15 12:22:11,770 - log - INFO - 当前库存数 白票:47, 红票:28, 水晶球:40
2024-11-15 12:22:25,684 - log - INFO - 进入主页面
2024-11-15 12:22:36,974 - log - INFO - 主页面跳转+调整时间完成
2024-11-15 12:22:51,612 - log - INFO - 开始普池第一抽
2024-11-15 12:23:18,901 - log - INFO - 普池第一抽颜色:GREEN
2024-11-15 12:23:18,901 - log - INFO - 普池第一抽绿色,重新开始
2024-11-15 12:23:18,901 - log - INFO - ================================时间符合:12:23
2024-11-15 12:23:18,901 - log - INFO - 当前库存数 白票:46, 红票:28, 水晶球:40
2024-11-15 12:23:33,217 - log - INFO - 进入主页面
2024-11-15 12:23:44,156 - log - INFO - 主页面跳转+调整时间完成
2024-11-15 12:23:58,605 - log - INFO - 开始普池第一抽
2024-11-15 12:24:30,833 - log - INFO - 普池第一抽颜色:PURPLE
2024-11-15 12:24:30,833 - log - INFO - 普池进入第二抽
2024-11-15 12:24:37,822 - log - INFO - 普池第二抽颜色:PURPLE
2024-11-15 12:24:37,822 - log - INFO - 进入史诗页面
2024-11-15 12:24:47,528 - log - INFO - 开始史诗第一抽
2024-11-15 12:25:03,973 - log - INFO - 史诗第一抽颜色:PURPLE
2024-11-15 12:25:03,973 - log - INFO - 进入神魔模式，开始史诗第二抽
2024-11-15 12:25:10,329 - log - INFO - 史诗第二抽颜色:PURPLE
2024-11-15 12:25:10,330 - log - INFO - 史诗第二抽蓝紫金，跳转神魔十连
2024-11-15 12:25:19,987 - log - INFO - 去神魔页面失败，重新开始
