2024-11-21 16:32:42,700 - log - INFO - 开始神魔抽卡模式
2024-11-21 16:32:42,708 - log - INFO - 时间窗口期  小时：1-20 分钟: 1-300
2024-11-21 16:32:42,708 - log - INFO - ================================时间符合:16:32
2024-11-21 16:32:42,709 - log - INFO - 当前库存数 白票:60, 红票:30, 水晶球:40
2024-11-21 16:32:47,772 - log - INFO - 进入主页面
2024-11-21 16:32:57,869 - log - INFO - 主页面跳转+调整时间完成
2024-11-21 16:33:09,975 - log - INFO - 开始普池第一抽
2024-11-21 16:33:22,737 - log - INFO - 普池第一抽颜色:PURPLE
2024-11-21 16:33:22,737 - log - INFO - 普池进入第二抽
2024-11-21 16:33:22,737 - log - INFO - 开始普池第二抽
2024-11-21 16:33:40,318 - log - INFO - 普池第二抽颜色:PURPLE
2024-11-21 16:33:40,319 - log - INFO - 进入史诗页面
2024-11-21 16:33:48,118 - log - INFO - 开始史诗第一抽
2024-11-21 16:34:00,676 - log - INFO - 史诗第一抽颜色:BLUE
2024-11-21 16:34:00,680 - log - INFO - 进入神魔模式，开始史诗第二抽
2024-11-21 16:34:17,089 - log - INFO - 史诗第二抽颜色:GREEN
2024-11-21 16:34:17,089 - log - INFO - 史诗第二抽绿色,重新开始
2024-11-21 16:34:51,101 - log - INFO - ================================时间符合:16:34
2024-11-21 16:34:51,101 - log - INFO - 当前库存数 白票:58, 红票:28, 水晶球:40
2024-11-21 16:35:03,480 - log - INFO - 进入主页面
2024-11-21 16:35:14,252 - log - INFO - 主页面跳转+调整时间完成
2024-11-21 16:35:30,021 - log - INFO - 开始普池第一抽
2024-11-21 16:35:42,653 - log - INFO - 普池第一抽颜色:GREEN
2024-11-21 16:35:42,653 - log - INFO - 普池第一抽绿色,重新开始
2024-11-21 16:35:42,653 - log - INFO - ================================时间符合:16:35
2024-11-21 16:35:42,653 - log - INFO - 当前库存数 白票:57, 红票:28, 水晶球:40
2024-11-21 16:35:55,084 - log - INFO - 进入主页面
2024-11-21 16:36:05,219 - log - INFO - 主页面跳转+调整时间完成
2024-11-21 16:36:17,483 - log - INFO - 开始普池第一抽
2024-11-21 16:36:30,094 - log - INFO - 普池第一抽颜色:PURPLE
2024-11-21 16:36:30,094 - log - INFO - 普池进入第二抽
2024-11-21 16:36:30,094 - log - INFO - 开始普池第二抽
2024-11-21 16:36:47,623 - log - INFO - 普池第二抽颜色:BLUE
2024-11-21 16:36:47,623 - log - INFO - 进入史诗页面
2024-11-21 16:36:55,436 - log - INFO - 开始史诗第一抽
2024-11-21 16:37:08,020 - log - INFO - 史诗第一抽颜色:BLUE
2024-11-21 16:37:08,020 - log - INFO - 进入神魔模式，开始史诗第二抽
2024-11-21 16:37:24,625 - log - INFO - 史诗第二抽颜色:GREEN
2024-11-21 16:37:24,625 - log - INFO - 史诗第二抽绿色,重新开始
2024-11-21 16:37:24,625 - log - INFO - ================================时间符合:16:37
2024-11-21 16:37:24,625 - log - INFO - 当前库存数 白票:55, 红票:26, 水晶球:40
2024-11-21 16:37:36,857 - log - INFO - 进入主页面
2024-11-21 16:37:47,602 - log - INFO - 主页面跳转+调整时间完成
2024-11-21 16:37:59,878 - log - INFO - 开始普池第一抽
2024-11-21 16:38:12,386 - log - INFO - 普池第一抽颜色:BLUE
2024-11-21 16:38:12,388 - log - INFO - 普池进入第二抽
2024-11-21 16:38:12,388 - log - INFO - 开始普池第二抽
2024-11-21 16:38:29,977 - log - INFO - 普池第二抽颜色:GREEN
2024-11-21 16:38:29,977 - log - INFO - 普池第二抽绿色,重新开始
2024-11-21 16:38:29,977 - log - INFO - ================================时间符合:16:38
2024-11-21 16:38:29,977 - log - INFO - 当前库存数 白票:53, 红票:26, 水晶球:40
2024-11-21 16:38:45,857 - log - INFO - 进入主页面
2024-11-21 16:38:56,152 - log - INFO - 主页面跳转+调整时间完成
2024-11-21 16:39:08,456 - log - INFO - 开始普池第一抽
2024-11-21 16:39:21,015 - log - INFO - 普池第一抽颜色:GREEN
2024-11-21 16:39:21,038 - log - INFO - 普池第一抽绿色,重新开始
2024-11-21 16:39:21,038 - log - INFO - ================================时间符合:16:39
2024-11-21 16:39:21,038 - log - INFO - 当前库存数 白票:52, 红票:26, 水晶球:40
2024-11-21 16:39:33,416 - log - INFO - 进入主页面
2024-11-21 16:39:42,957 - log - INFO - 主页面跳转+调整时间完成
2024-11-21 16:39:58,433 - log - INFO - 开始普池第一抽
2024-11-21 16:40:10,949 - log - INFO - 普池第一抽颜色:GREEN
2024-11-21 16:40:10,949 - log - INFO - 普池第一抽绿色,重新开始
2024-11-21 16:40:10,949 - log - INFO - ================================时间符合:16:40
2024-11-21 16:40:10,949 - log - INFO - 当前库存数 白票:51, 红票:26, 水晶球:40
2024-11-21 16:40:27,188 - log - INFO - 进入主页面
2024-11-21 16:40:36,317 - log - INFO - 主页面跳转+调整时间完成
2024-11-21 16:40:48,844 - log - INFO - 开始普池第一抽
2024-11-21 16:41:01,534 - log - INFO - 普池第一抽颜色:GREEN
2024-11-21 16:41:01,534 - log - INFO - 普池第一抽绿色,重新开始
2024-11-21 16:41:01,534 - log - INFO - ================================时间符合:16:41
2024-11-21 16:41:01,534 - log - INFO - 当前库存数 白票:50, 红票:26, 水晶球:40
2024-11-21 16:41:13,989 - log - INFO - 进入主页面
2024-11-21 16:41:24,709 - log - INFO - 主页面跳转+调整时间完成
2024-11-21 16:41:36,953 - log - INFO - 开始普池第一抽
2024-11-21 16:41:49,509 - log - INFO - 普池第一抽颜色:BLUE
2024-11-21 16:41:49,510 - log - INFO - 普池进入第二抽
2024-11-21 16:41:49,510 - log - INFO - 开始普池第二抽
2024-11-21 16:42:06,903 - log - INFO - 普池第二抽颜色:BLUE
2024-11-21 16:42:06,903 - log - INFO - 进入史诗页面
2024-11-21 16:42:14,547 - log - INFO - 开始史诗第一抽
2024-11-21 16:42:27,136 - log - INFO - 史诗第一抽颜色:GREEN
2024-11-21 16:42:27,136 - log - INFO - 史诗第一抽绿色,重新开始
2024-11-21 16:42:27,136 - log - INFO - ================================时间符合:16:42
2024-11-21 16:42:27,136 - log - INFO - 当前库存数 白票:48, 红票:25, 水晶球:40
2024-11-21 16:42:39,297 - log - INFO - 进入主页面
2024-11-21 16:42:49,502 - log - INFO - 主页面跳转+调整时间完成
2024-11-21 16:43:05,090 - log - INFO - 开始普池第一抽
2024-11-21 16:43:17,692 - log - INFO - 普池第一抽颜色:BLUE
2024-11-21 16:43:17,692 - log - INFO - 普池进入第二抽
2024-11-21 16:43:17,692 - log - INFO - 开始普池第二抽
2024-11-21 16:43:35,178 - log - INFO - 普池第二抽颜色:PURPLE
2024-11-21 16:43:35,179 - log - INFO - 进入史诗页面
2024-11-21 16:43:42,932 - log - INFO - 开始史诗第一抽
2024-11-21 16:43:55,491 - log - INFO - 史诗第一抽颜色:GREEN
2024-11-21 16:43:55,491 - log - INFO - 史诗第一抽绿色,重新开始
2024-11-21 16:43:55,491 - log - INFO - ================================时间符合:16:43
2024-11-21 16:43:55,491 - log - INFO - 当前库存数 白票:46, 红票:24, 水晶球:40
2024-11-21 16:44:11,367 - log - INFO - 进入主页面
2024-11-21 16:44:22,083 - log - INFO - 主页面跳转+调整时间完成
2024-11-21 16:44:37,522 - log - INFO - 开始普池第一抽
2024-11-21 16:44:50,085 - log - INFO - 普池第一抽颜色:BLUE
2024-11-21 16:44:50,085 - log - INFO - 普池进入第二抽
2024-11-21 16:44:50,085 - log - INFO - 开始普池第二抽
2024-11-21 16:45:07,705 - log - INFO - 普池第二抽颜色:GREEN
2024-11-21 16:45:07,705 - log - INFO - 普池第二抽绿色,重新开始
2024-11-21 16:45:07,705 - log - INFO - ================================时间符合:16:45
2024-11-21 16:45:07,705 - log - INFO - 当前库存数 白票:44, 红票:24, 水晶球:40
2024-11-21 16:45:23,877 - log - INFO - 进入主页面
2024-11-21 16:45:40,647 - log - INFO - 主页面跳转+调整时间完成
2024-11-21 16:45:56,102 - log - INFO - 开始普池第一抽
2024-11-21 16:46:08,877 - log - INFO - 普池第一抽颜色:PURPLE
2024-11-21 16:46:08,877 - log - INFO - 普池进入第二抽
2024-11-21 16:46:08,877 - log - INFO - 开始普池第二抽
2024-11-21 16:46:26,452 - log - INFO - 普池第二抽颜色:GREEN
2024-11-21 16:46:26,453 - log - INFO - 普池第二抽绿色,重新开始
2024-11-21 16:46:26,453 - log - INFO - ================================时间符合:16:46
2024-11-21 16:46:26,453 - log - INFO - 当前库存数 白票:42, 红票:24, 水晶球:40
2024-11-21 16:46:38,686 - log - INFO - 进入主页面
2024-11-21 16:46:49,430 - log - INFO - 主页面跳转+调整时间完成
2024-11-21 16:47:01,700 - log - INFO - 开始普池第一抽
2024-11-21 16:47:14,254 - log - INFO - 普池第一抽颜色:GREEN
2024-11-21 16:47:14,254 - log - INFO - 普池第一抽绿色,重新开始
2024-11-21 16:47:14,254 - log - INFO - ================================时间符合:16:47
2024-11-21 16:47:14,254 - log - INFO - 当前库存数 白票:41, 红票:24, 水晶球:40
2024-11-21 16:47:28,909 - log - INFO - 进入主页面
2024-11-21 16:47:39,019 - log - INFO - 主页面跳转+调整时间完成
2024-11-21 16:47:54,587 - log - INFO - 开始普池第一抽
2024-11-21 16:48:07,222 - log - INFO - 普池第一抽颜色:GREEN
2024-11-21 16:48:07,222 - log - INFO - 普池第一抽绿色,重新开始
2024-11-21 16:48:07,223 - log - INFO - ================================时间符合:16:48
2024-11-21 16:48:07,223 - log - INFO - 当前库存数 白票:40, 红票:24, 水晶球:40
2024-11-21 16:48:19,611 - log - INFO - 进入主页面
2024-11-21 16:48:42,391 - log - INFO - 主页面跳转+调整时间完成
2024-11-21 16:49:00,001 - log - INFO - 开始普池第一抽
2024-11-21 16:49:12,592 - log - INFO - 普池第一抽颜色:GREEN
2024-11-21 16:49:12,592 - log - INFO - 普池第一抽绿色,重新开始
2024-11-21 16:49:12,592 - log - INFO - ================================时间符合:16:49
2024-11-21 16:49:12,592 - log - INFO - 当前库存数 白票:39, 红票:24, 水晶球:40
2024-11-21 16:49:24,863 - log - INFO - 进入主页面
2024-11-21 16:49:37,349 - log - INFO - 主页面跳转+调整时间完成
2024-11-21 16:49:49,614 - log - INFO - 开始普池第一抽
2024-11-21 16:50:02,223 - log - INFO - 普池第一抽颜色:PURPLE
2024-11-21 16:50:02,223 - log - INFO - 普池进入第二抽
2024-11-21 16:50:02,224 - log - INFO - 开始普池第二抽
2024-11-21 16:50:19,744 - log - INFO - 普池第二抽颜色:GREEN
2024-11-21 16:50:19,745 - log - INFO - 普池第二抽绿色,重新开始
2024-11-21 16:50:19,745 - log - INFO - ================================时间符合:16:50
2024-11-21 16:50:19,747 - log - INFO - 当前库存数 白票:37, 红票:24, 水晶球:40
2024-11-21 16:50:32,206 - log - INFO - 进入主页面
2024-11-21 16:50:42,956 - log - INFO - 主页面跳转+调整时间完成
2024-11-21 16:50:55,340 - log - INFO - 开始普池第一抽
2024-11-21 16:51:07,937 - log - INFO - 普池第一抽颜色:GREEN
2024-11-21 16:51:07,937 - log - INFO - 普池第一抽绿色,重新开始
2024-11-21 16:51:07,938 - log - INFO - ================================时间符合:16:51
2024-11-21 16:51:07,938 - log - INFO - 当前库存数 白票:36, 红票:24, 水晶球:40
2024-11-21 16:51:20,198 - log - INFO - 进入主页面
2024-11-21 16:51:30,842 - log - INFO - 主页面跳转+调整时间完成
2024-11-21 16:51:43,002 - log - INFO - 开始普池第一抽
2024-11-21 16:52:19,461 - log - INFO - 普池第一抽颜色:GREEN
2024-11-21 16:52:19,461 - log - INFO - 普池第一抽绿色,重新开始
2024-11-21 16:52:19,461 - log - INFO - ================================时间符合:16:52
2024-11-21 16:52:19,461 - log - INFO - 当前库存数 白票:35, 红票:24, 水晶球:40
2024-11-21 16:52:37,596 - log - INFO - 进入主页面
2024-11-21 16:52:50,918 - log - INFO - 主页面跳转+调整时间完成
2024-11-21 16:53:06,518 - log - INFO - 开始普池第一抽
2024-11-21 16:53:42,916 - log - INFO - 普池第一抽颜色:PURPLE
2024-11-21 16:53:42,917 - log - INFO - 普池进入第二抽
2024-11-21 16:53:42,917 - log - INFO - 开始普池第二抽
2024-11-21 16:54:24,434 - log - INFO - 普池第二抽颜色:GREEN
2024-11-21 16:54:24,434 - log - INFO - 普池第二抽绿色,重新开始
2024-11-21 16:54:24,434 - log - INFO - ================================时间符合:16:54
2024-11-21 16:54:24,434 - log - INFO - 当前库存数 白票:33, 红票:24, 水晶球:40
2024-11-21 16:54:36,770 - log - INFO - 进入主页面
2024-11-21 16:54:47,495 - log - INFO - 主页面跳转+调整时间完成
2024-11-21 16:54:59,548 - log - INFO - 开始普池第一抽
2024-11-21 16:55:33,228 - log - INFO - 普池第一抽颜色:GREEN
2024-11-21 16:55:33,228 - log - INFO - 普池第一抽绿色,重新开始
2024-11-21 16:55:33,228 - log - INFO - 十次没有进入史诗，暂停
2024-11-21 17:00:34,229 - log - INFO - 抽卡统计:
2024-11-21 17:00:34,229 - log - INFO - 总金卡概率:0/34=0.00
2024-11-21 17:00:34,229 - log - INFO - 总紫卡概率:7/34=0.21
2024-11-21 17:00:34,229 - log - INFO - 全英雄卡池金卡概率:0/28=0.00
2024-11-21 17:00:34,229 - log - INFO - 全英雄卡池紫卡概率:7/28=0.25
2024-11-21 17:00:34,229 - log - INFO - 史诗卡池金卡概率:0/6=0.00
2024-11-21 17:00:34,229 - log - INFO - 史诗卡池紫卡概率:0/6=0.00
2024-11-21 17:00:50,177 - log - INFO - 开始神魔抽卡模式
2024-11-21 17:00:50,184 - log - INFO - 时间窗口期  小时：1-20 分钟: 1-300
2024-11-21 17:01:00,188 - log - INFO - ================================时间符合:17:1
2024-11-21 17:01:00,188 - log - INFO - 当前库存数 白票:60, 红票:30, 水晶球:40
2024-11-21 17:01:03,504 - log - INFO - 进入主页面
2024-11-21 17:01:31,013 - log - INFO - 主页面跳转+调整时间失败
2024-11-21 17:01:31,013 - log - INFO - ================================时间符合:17:1
2024-11-21 17:01:31,013 - log - INFO - 当前库存数 白票:60, 红票:30, 水晶球:40
2024-11-21 17:01:34,204 - log - INFO - 进入主页面
2024-11-21 17:01:59,634 - log - INFO - 主页面跳转+调整时间失败
2024-11-21 17:01:59,634 - log - INFO - ================================时间符合:17:1
2024-11-21 17:01:59,634 - log - INFO - 当前库存数 白票:60, 红票:30, 水晶球:40
2024-11-21 17:02:18,039 - log - INFO - 进入主页面
2024-11-21 17:02:40,263 - log - INFO - 主页面跳转+调整时间失败
2024-11-21 17:02:40,263 - log - INFO - ================================时间符合:17:2
2024-11-21 17:02:40,263 - log - INFO - 当前库存数 白票:60, 红票:30, 水晶球:40
2024-11-21 17:02:58,773 - log - INFO - 进入主页面
2024-11-21 17:03:23,474 - log - INFO - 主页面跳转+调整时间失败
2024-11-21 17:03:23,475 - log - INFO - ================================时间符合:17:3
2024-11-21 17:03:23,475 - log - INFO - 当前库存数 白票:60, 红票:30, 水晶球:40
2024-11-21 17:03:27,013 - log - INFO - 进入主页面
2024-11-21 17:03:52,868 - log - INFO - 主页面跳转+调整时间失败
2024-11-21 17:03:52,869 - log - INFO - ================================时间符合:17:3
2024-11-21 17:03:52,869 - log - INFO - 当前库存数 白票:60, 红票:30, 水晶球:40
2024-11-21 17:03:56,373 - log - INFO - 进入主页面
2024-11-21 17:04:21,159 - log - INFO - 主页面跳转+调整时间失败
2024-11-21 17:04:21,159 - log - INFO - ================================时间符合:17:4
2024-11-21 17:04:21,159 - log - INFO - 当前库存数 白票:60, 红票:30, 水晶球:40
2024-11-21 17:04:39,380 - log - INFO - 进入主页面
2024-11-21 17:05:04,884 - log - INFO - 主页面跳转+调整时间失败
2024-11-21 17:05:04,884 - log - INFO - ================================时间符合:17:5
2024-11-21 17:05:04,884 - log - INFO - 当前库存数 白票:60, 红票:30, 水晶球:40
2024-11-21 17:05:08,305 - log - INFO - 进入主页面
2024-11-21 17:05:36,659 - log - INFO - 主页面跳转+调整时间失败
2024-11-21 17:05:36,659 - log - INFO - ================================时间符合:17:5
2024-11-21 17:05:36,659 - log - INFO - 当前库存数 白票:60, 红票:30, 水晶球:40
2024-11-21 17:05:40,097 - log - INFO - 进入主页面
2024-11-21 17:06:04,054 - log - INFO - 主页面跳转+调整时间完成
2024-11-21 17:06:21,914 - log - INFO - 开始普池第一抽
2024-11-21 17:06:34,478 - log - INFO - 普池第一抽颜色:GREEN
2024-11-21 17:06:34,479 - log - INFO - 普池第一抽绿色,重新开始
2024-11-21 17:06:34,479 - log - INFO - ================================时间符合:17:6
2024-11-21 17:06:34,479 - log - INFO - 当前库存数 白票:59, 红票:30, 水晶球:40
2024-11-21 17:06:50,882 - log - INFO - 进入主页面
2024-11-21 17:07:00,638 - log - INFO - 主页面跳转+调整时间完成
2024-11-21 17:07:16,598 - log - INFO - 开始普池第一抽
2024-11-21 17:07:29,220 - log - INFO - 普池第一抽颜色:GREEN
2024-11-21 17:07:29,221 - log - INFO - 普池第一抽绿色,重新开始
2024-11-21 17:07:29,221 - log - INFO - ================================时间符合:17:7
2024-11-21 17:07:29,222 - log - INFO - 当前库存数 白票:58, 红票:30, 水晶球:40
2024-11-21 17:07:41,741 - log - INFO - 进入主页面
2024-11-21 17:07:51,002 - log - INFO - 主页面跳转+调整时间完成
2024-11-21 17:08:06,438 - log - INFO - 开始普池第一抽
2024-11-21 17:08:39,373 - log - INFO - 普池第一抽颜色:GREEN
2024-11-21 17:08:39,373 - log - INFO - 普池第一抽绿色,重新开始
2024-11-21 17:08:39,373 - log - INFO - ================================时间符合:17:8
2024-11-21 17:08:39,374 - log - INFO - 当前库存数 白票:57, 红票:30, 水晶球:40
2024-11-21 17:08:51,714 - log - INFO - 进入主页面
2024-11-21 17:09:02,419 - log - INFO - 主页面跳转+调整时间完成
2024-11-21 17:09:18,243 - log - INFO - 开始普池第一抽
2024-11-21 17:09:55,237 - log - INFO - 普池第一抽颜色:PURPLE
2024-11-21 17:09:55,237 - log - INFO - 普池进入第二抽
2024-11-21 17:09:55,237 - log - INFO - 开始普池第二抽
2024-11-21 17:10:33,328 - log - INFO - 普池第二抽颜色:GREEN
2024-11-21 17:10:33,328 - log - INFO - 普池第二抽绿色,重新开始
2024-11-21 17:10:33,328 - log - INFO - ================================时间符合:17:10
2024-11-21 17:10:33,328 - log - INFO - 当前库存数 白票:55, 红票:30, 水晶球:40
2024-11-21 17:10:45,632 - log - INFO - 进入主页面
2024-11-21 17:10:55,958 - log - INFO - 主页面跳转+调整时间完成
2024-11-21 17:11:13,971 - log - INFO - 开始普池第一抽
2024-11-21 17:11:50,320 - log - INFO - 普池第一抽颜色:PURPLE
2024-11-21 17:11:50,320 - log - INFO - 普池进入第二抽
2024-11-21 17:11:50,320 - log - INFO - 开始普池第二抽
2024-11-21 17:12:28,475 - log - INFO - 普池第二抽颜色:GREEN
2024-11-21 17:12:28,476 - log - INFO - 普池第二抽绿色,重新开始
2024-11-21 17:12:28,476 - log - INFO - ================================时间符合:17:12
2024-11-21 17:12:28,476 - log - INFO - 当前库存数 白票:53, 红票:30, 水晶球:40
2024-11-21 17:12:45,007 - log - INFO - 进入主页面
2024-11-21 17:12:55,914 - log - INFO - 主页面跳转+调整时间完成
2024-11-21 17:13:11,738 - log - INFO - 开始普池第一抽
2024-11-21 17:13:42,805 - log - INFO - 普池第一抽颜色:GREEN
2024-11-21 17:13:42,805 - log - INFO - 普池第一抽绿色,重新开始
2024-11-21 17:13:42,805 - log - INFO - ================================时间符合:17:13
2024-11-21 17:13:42,805 - log - INFO - 当前库存数 白票:52, 红票:30, 水晶球:40
2024-11-21 17:13:55,190 - log - INFO - 进入主页面
2024-11-21 17:14:08,539 - log - INFO - 主页面跳转+调整时间完成
2024-11-21 17:14:20,569 - log - INFO - 开始普池第一抽
2024-11-21 17:14:57,045 - log - INFO - 普池第一抽颜色:GREEN
2024-11-21 17:14:57,045 - log - INFO - 普池第一抽绿色,重新开始
2024-11-21 17:14:57,045 - log - INFO - ================================时间符合:17:14
2024-11-21 17:14:57,045 - log - INFO - 当前库存数 白票:51, 红票:30, 水晶球:40
2024-11-21 17:15:09,524 - log - INFO - 进入主页面
2024-11-21 17:15:26,708 - log - INFO - 主页面跳转+调整时间完成
2024-11-21 17:15:42,296 - log - INFO - 开始普池第一抽
2024-11-21 17:16:18,827 - log - INFO - 普池第一抽颜色:GREEN
2024-11-21 17:16:18,827 - log - INFO - 普池第一抽绿色,重新开始
2024-11-21 17:16:18,827 - log - INFO - ================================时间符合:17:16
2024-11-21 17:16:18,827 - log - INFO - 当前库存数 白票:50, 红票:30, 水晶球:40
2024-11-21 17:16:30,944 - log - INFO - 进入主页面
2024-11-21 17:16:41,065 - log - INFO - 主页面跳转+调整时间完成
2024-11-21 17:16:56,697 - log - INFO - 开始普池第一抽
2024-11-21 17:17:29,230 - log - INFO - 普池第一抽颜色:GOLD
2024-11-21 17:17:29,230 - log - INFO - 普池进入第二抽
2024-11-21 17:17:29,230 - log - INFO - 开始普池第二抽
2024-11-21 17:18:10,780 - log - INFO - 普池第二抽颜色:BLUE
2024-11-21 17:18:10,781 - log - INFO - 进入史诗页面
2024-11-21 17:18:18,453 - log - INFO - 开始史诗第一抽
2024-11-21 17:18:31,037 - log - INFO - 史诗第一抽颜色:BLUE
2024-11-21 17:18:31,037 - log - INFO - 进入神魔模式，开始史诗第二抽
2024-11-21 17:18:47,718 - log - INFO - 史诗第二抽颜色:PURPLE
2024-11-21 17:18:47,718 - log - INFO - 史诗第二抽蓝紫金，跳转神魔十连
2024-11-21 17:19:03,874 - log - INFO - 开始神魔十连
2024-11-21 17:19:57,373 - log - INFO - 抽象神魔十连失败，重新开始
2024-11-21 17:20:29,389 - log - INFO - ================================时间符合:17:20
2024-11-21 17:20:29,389 - log - INFO - 当前库存数 白票:48, 红票:28, 水晶球:40
