2024-11-27 12:20:17,992 - log - INFO - 开始自动挂机模式
2024-11-27 12:20:19,334 - log - INFO - 当前使用第1个通关作业,当前尝试次数:0
2024-11-27 12:20:27,273 - log - INFO - 进入准备战斗页面
2024-11-27 12:21:44,324 - log - INFO - 当前使用第1个通关作业,当前尝试次数:1
2024-11-27 12:21:44,324 - log - INFO - 进入准备战斗页面
2024-11-27 12:22:21,536 - log - INFO - 当前使用第1个通关作业,当前尝试次数:2
2024-11-27 12:22:21,537 - log - INFO - 进入准备战斗页面
2024-11-27 12:22:58,744 - log - INFO - 当前使用第1个通关作业,当前尝试次数:3
2024-11-27 12:22:58,744 - log - INFO - 进入准备战斗页面
2024-11-27 12:23:36,133 - log - INFO - 当前使用第1个通关作业,当前尝试次数:4
2024-11-27 12:23:36,133 - log - INFO - 进入准备战斗页面
2024-11-27 12:24:13,306 - log - INFO - 当前使用第1个通关作业,当前尝试次数:5
2024-11-27 12:24:13,306 - log - INFO - 进入准备战斗页面
2024-11-27 12:24:50,508 - log - INFO - 当前使用第1个通关作业,当前尝试次数:6
2024-11-27 12:24:50,508 - log - INFO - 进入准备战斗页面
2024-11-27 12:25:39,777 - log - INFO - 进入抄作业页面失败,重新开始
2024-11-27 12:25:41,113 - log - INFO - 当前使用第2个通关作业,当前尝试次数:0
2024-11-27 12:26:16,154 - log - INFO - 进入主页面失败,重新开始
2024-11-27 12:26:17,530 - log - INFO - 当前使用第2个通关作业,当前尝试次数:0
2024-11-27 12:26:52,704 - log - INFO - 进入主页面失败,重新开始
2024-11-27 12:26:54,078 - log - INFO - 当前使用第2个通关作业,当前尝试次数:0
2024-11-27 12:27:29,469 - log - INFO - 进入主页面失败,重新开始
2024-11-27 12:27:30,830 - log - INFO - 当前使用第2个通关作业,当前尝试次数:0
2024-11-27 12:28:06,104 - log - INFO - 进入主页面失败,重新开始
2024-11-27 12:28:07,473 - log - INFO - 当前使用第2个通关作业,当前尝试次数:0
2024-11-27 12:28:42,653 - log - INFO - 进入主页面失败,重新开始
2024-11-27 12:28:44,017 - log - INFO - 当前使用第2个通关作业,当前尝试次数:0
2024-11-27 12:29:19,458 - log - INFO - 进入主页面失败,重新开始
2024-11-27 12:29:20,818 - log - INFO - 当前使用第2个通关作业,当前尝试次数:0
2024-11-27 12:29:56,278 - log - INFO - 进入主页面失败,重新开始
2024-11-27 12:29:57,654 - log - INFO - 当前使用第2个通关作业,当前尝试次数:0
2024-11-27 12:30:32,858 - log - INFO - 进入主页面失败,重新开始
2024-11-27 12:30:34,193 - log - INFO - 当前使用第2个通关作业,当前尝试次数:0
2024-11-27 12:31:09,246 - log - INFO - 进入主页面失败,重新开始
2024-11-27 12:31:10,615 - log - INFO - 当前使用第2个通关作业,当前尝试次数:0
2024-11-27 12:32:03,049 - log - INFO - 进入主页面失败,重新开始
2024-11-27 12:32:04,408 - log - INFO - 当前使用第2个通关作业,当前尝试次数:0
2024-11-27 12:32:39,593 - log - INFO - 进入主页面失败,重新开始
2024-11-27 12:32:40,942 - log - INFO - 当前使用第2个通关作业,当前尝试次数:0
2024-11-27 12:33:15,960 - log - INFO - 进入主页面失败,重新开始
2024-11-27 12:33:17,315 - log - INFO - 当前使用第2个通关作业,当前尝试次数:0
2024-11-27 12:33:52,562 - log - INFO - 进入主页面失败,重新开始
2024-11-27 12:33:53,903 - log - INFO - 当前使用第2个通关作业,当前尝试次数:0
2024-11-27 12:34:29,003 - log - INFO - 进入主页面失败,重新开始
2024-11-27 12:34:30,353 - log - INFO - 当前使用第2个通关作业,当前尝试次数:0
2024-11-27 12:35:05,694 - log - INFO - 进入主页面失败,重新开始
2024-11-27 12:35:07,072 - log - INFO - 当前使用第2个通关作业,当前尝试次数:0
2024-11-27 12:35:42,176 - log - INFO - 进入主页面失败,重新开始
2024-11-27 12:35:43,617 - log - INFO - 当前使用第2个通关作业,当前尝试次数:0
2024-11-27 12:36:18,510 - log - INFO - 进入主页面失败,重新开始
2024-11-27 12:36:19,874 - log - INFO - 当前使用第2个通关作业,当前尝试次数:0
2024-11-27 12:36:55,304 - log - INFO - 进入主页面失败,重新开始
2024-11-27 12:36:56,661 - log - INFO - 当前使用第2个通关作业,当前尝试次数:0
2024-11-27 12:37:31,902 - log - INFO - 进入主页面失败,重新开始
2024-11-27 12:37:33,252 - log - INFO - 当前使用第2个通关作业,当前尝试次数:0
2024-11-27 12:38:35,517 - log - INFO - 进入主页面失败,重新开始
2024-11-27 12:38:36,872 - log - INFO - 当前使用第2个通关作业,当前尝试次数:0
2024-11-27 12:39:12,072 - log - INFO - 进入主页面失败,重新开始
2024-11-27 12:39:13,428 - log - INFO - 当前使用第2个通关作业,当前尝试次数:0
2024-11-27 12:39:48,648 - log - INFO - 进入主页面失败,重新开始
2024-11-27 12:39:49,998 - log - INFO - 当前使用第2个通关作业,当前尝试次数:0
2024-11-27 12:40:25,080 - log - INFO - 进入主页面失败,重新开始
2024-11-27 12:40:26,433 - log - INFO - 当前使用第2个通关作业,当前尝试次数:0
2024-11-27 12:41:01,664 - log - INFO - 进入主页面失败,重新开始
2024-11-27 12:41:03,023 - log - INFO - 当前使用第2个通关作业,当前尝试次数:0
2024-11-27 12:41:38,234 - log - INFO - 进入主页面失败,重新开始
2024-11-27 12:41:39,616 - log - INFO - 当前使用第2个通关作业,当前尝试次数:0
2024-11-27 12:42:14,840 - log - INFO - 进入主页面失败,重新开始
2024-11-27 12:42:16,190 - log - INFO - 当前使用第2个通关作业,当前尝试次数:0
2024-11-27 12:42:51,394 - log - INFO - 进入主页面失败,重新开始
2024-11-27 12:42:52,749 - log - INFO - 当前使用第2个通关作业,当前尝试次数:0
2024-11-27 12:43:27,986 - log - INFO - 进入主页面失败,重新开始
2024-11-27 12:43:29,342 - log - INFO - 当前使用第2个通关作业,当前尝试次数:0
2024-11-27 12:44:04,580 - log - INFO - 进入主页面失败,重新开始
2024-11-27 12:44:05,941 - log - INFO - 当前使用第2个通关作业,当前尝试次数:0
2024-11-27 12:44:55,388 - log - INFO - 进入主页面失败,重新开始
2024-11-27 12:44:56,760 - log - INFO - 当前使用第2个通关作业,当前尝试次数:0
2024-11-27 12:45:31,788 - log - INFO - 进入主页面失败,重新开始
2024-11-27 12:45:33,153 - log - INFO - 当前使用第2个通关作业,当前尝试次数:0
2024-11-27 12:46:08,321 - log - INFO - 进入主页面失败,重新开始
2024-11-27 12:46:09,683 - log - INFO - 当前使用第2个通关作业,当前尝试次数:0
2024-11-27 12:46:44,754 - log - INFO - 进入主页面失败,重新开始
2024-11-27 12:46:46,117 - log - INFO - 当前使用第2个通关作业,当前尝试次数:0
2024-11-27 12:47:21,367 - log - INFO - 进入主页面失败,重新开始
2024-11-27 12:47:22,727 - log - INFO - 当前使用第2个通关作业,当前尝试次数:0
2024-11-27 12:47:57,879 - log - INFO - 进入主页面失败,重新开始
2024-11-27 12:47:59,241 - log - INFO - 当前使用第2个通关作业,当前尝试次数:0
2024-11-27 12:48:34,278 - log - INFO - 进入主页面失败,重新开始
2024-11-27 12:48:35,634 - log - INFO - 当前使用第2个通关作业,当前尝试次数:0
2024-11-27 12:49:10,909 - log - INFO - 进入主页面失败,重新开始
2024-11-27 12:49:12,273 - log - INFO - 当前使用第2个通关作业,当前尝试次数:0
2024-11-27 12:49:47,513 - log - INFO - 进入主页面失败,重新开始
2024-11-27 12:49:48,904 - log - INFO - 当前使用第2个通关作业,当前尝试次数:0
2024-11-27 12:50:23,860 - log - INFO - 进入主页面失败,重新开始
2024-11-27 12:50:25,220 - log - INFO - 当前使用第2个通关作业,当前尝试次数:0
2024-11-27 12:51:31,827 - log - INFO - 进入主页面失败,重新开始
2024-11-27 12:51:33,182 - log - INFO - 当前使用第2个通关作业,当前尝试次数:0
2024-11-27 12:52:08,393 - log - INFO - 进入主页面失败,重新开始
2024-11-27 12:52:09,747 - log - INFO - 当前使用第2个通关作业,当前尝试次数:0
2024-11-27 12:52:44,804 - log - INFO - 进入主页面失败,重新开始
2024-11-27 12:52:46,160 - log - INFO - 当前使用第2个通关作业,当前尝试次数:0
2024-11-27 12:53:21,236 - log - INFO - 进入主页面失败,重新开始
2024-11-27 12:53:22,611 - log - INFO - 当前使用第2个通关作业,当前尝试次数:0
2024-11-27 12:53:57,783 - log - INFO - 进入主页面失败,重新开始
2024-11-27 12:53:59,144 - log - INFO - 当前使用第2个通关作业,当前尝试次数:0
2024-11-27 12:54:34,374 - log - INFO - 进入主页面失败,重新开始
2024-11-27 12:54:35,726 - log - INFO - 当前使用第2个通关作业,当前尝试次数:0
2024-11-27 12:55:10,956 - log - INFO - 进入主页面失败,重新开始
2024-11-27 12:55:12,344 - log - INFO - 当前使用第2个通关作业,当前尝试次数:0
2024-11-27 12:55:47,553 - log - INFO - 进入主页面失败,重新开始
2024-11-27 12:55:48,915 - log - INFO - 当前使用第2个通关作业,当前尝试次数:0
2024-11-27 12:56:24,116 - log - INFO - 进入主页面失败,重新开始
2024-11-27 12:56:25,476 - log - INFO - 当前使用第2个通关作业,当前尝试次数:0
2024-11-27 12:57:00,730 - log - INFO - 进入主页面失败,重新开始
2024-11-27 12:57:02,075 - log - INFO - 当前使用第2个通关作业,当前尝试次数:0
2024-11-27 12:57:51,496 - log - INFO - 进入主页面失败,重新开始
2024-11-27 12:57:52,849 - log - INFO - 当前使用第2个通关作业,当前尝试次数:0
2024-11-27 12:58:27,888 - log - INFO - 进入主页面失败,重新开始
2024-11-27 12:58:29,245 - log - INFO - 当前使用第2个通关作业,当前尝试次数:0
2024-11-27 12:59:04,321 - log - INFO - 进入主页面失败,重新开始
2024-11-27 12:59:05,682 - log - INFO - 当前使用第2个通关作业,当前尝试次数:0
2024-11-27 12:59:40,868 - log - INFO - 进入主页面失败,重新开始
2024-11-27 12:59:42,226 - log - INFO - 当前使用第2个通关作业,当前尝试次数:0
2024-11-27 13:00:17,306 - log - INFO - 进入主页面失败,重新开始
2024-11-27 13:00:18,661 - log - INFO - 当前使用第2个通关作业,当前尝试次数:0
2024-11-27 13:00:53,865 - log - INFO - 进入主页面失败,重新开始
2024-11-27 13:00:55,226 - log - INFO - 当前使用第2个通关作业,当前尝试次数:0
2024-11-27 13:01:30,438 - log - INFO - 进入主页面失败,重新开始
2024-11-27 13:01:31,809 - log - INFO - 当前使用第2个通关作业,当前尝试次数:0
2024-11-27 13:02:07,015 - log - INFO - 进入主页面失败,重新开始
2024-11-27 13:02:08,379 - log - INFO - 当前使用第2个通关作业,当前尝试次数:0
2024-11-27 13:02:43,259 - log - INFO - 进入主页面失败,重新开始
2024-11-27 13:02:44,614 - log - INFO - 当前使用第2个通关作业,当前尝试次数:0
2024-11-27 13:03:19,801 - log - INFO - 进入主页面失败,重新开始
2024-11-27 13:03:21,148 - log - INFO - 当前使用第2个通关作业,当前尝试次数:0
2024-11-27 13:04:10,598 - log - INFO - 进入主页面失败,重新开始
2024-11-27 13:04:11,950 - log - INFO - 当前使用第2个通关作业,当前尝试次数:0
2024-11-27 13:04:47,185 - log - INFO - 进入主页面失败,重新开始
2024-11-27 13:04:48,563 - log - INFO - 当前使用第2个通关作业,当前尝试次数:0
2024-11-27 13:05:23,768 - log - INFO - 进入主页面失败,重新开始
2024-11-27 13:05:25,147 - log - INFO - 当前使用第2个通关作业,当前尝试次数:0
2024-11-27 13:06:00,336 - log - INFO - 进入主页面失败,重新开始
2024-11-27 13:06:01,702 - log - INFO - 当前使用第2个通关作业,当前尝试次数:0
2024-11-27 13:06:36,767 - log - INFO - 进入主页面失败,重新开始
2024-11-27 13:06:38,128 - log - INFO - 当前使用第2个通关作业,当前尝试次数:0
2024-11-27 13:07:13,364 - log - INFO - 进入主页面失败,重新开始
2024-11-27 13:07:14,743 - log - INFO - 当前使用第2个通关作业,当前尝试次数:0
2024-11-27 13:07:49,763 - log - INFO - 进入主页面失败,重新开始
2024-11-27 13:07:51,121 - log - INFO - 当前使用第2个通关作业,当前尝试次数:0
2024-11-27 13:08:26,296 - log - INFO - 进入主页面失败,重新开始
2024-11-27 13:08:27,660 - log - INFO - 当前使用第2个通关作业,当前尝试次数:0
2024-11-27 13:09:02,898 - log - INFO - 进入主页面失败,重新开始
2024-11-27 13:09:04,253 - log - INFO - 当前使用第2个通关作业,当前尝试次数:0
2024-11-27 13:09:39,319 - log - INFO - 进入主页面失败,重新开始
2024-11-27 13:09:40,686 - log - INFO - 当前使用第2个通关作业,当前尝试次数:0
2024-11-27 13:10:27,475 - log - INFO - 进入主页面失败,重新开始
2024-11-27 13:10:28,838 - log - INFO - 当前使用第2个通关作业,当前尝试次数:0
2024-11-27 13:11:04,106 - log - INFO - 进入主页面失败,重新开始
2024-11-27 13:11:05,468 - log - INFO - 当前使用第2个通关作业,当前尝试次数:0
2024-11-27 13:11:40,678 - log - INFO - 进入主页面失败,重新开始
2024-11-27 13:11:42,042 - log - INFO - 当前使用第2个通关作业,当前尝试次数:0
2024-11-27 13:12:17,063 - log - INFO - 进入主页面失败,重新开始
2024-11-27 13:12:18,420 - log - INFO - 当前使用第2个通关作业,当前尝试次数:0
2024-11-27 13:12:53,637 - log - INFO - 进入主页面失败,重新开始
2024-11-27 13:12:54,992 - log - INFO - 当前使用第2个通关作业,当前尝试次数:0
2024-11-27 13:13:30,222 - log - INFO - 进入主页面失败,重新开始
2024-11-27 13:13:31,584 - log - INFO - 当前使用第2个通关作业,当前尝试次数:0
2024-11-27 13:14:06,779 - log - INFO - 进入主页面失败,重新开始
2024-11-27 13:14:08,134 - log - INFO - 当前使用第2个通关作业,当前尝试次数:0
2024-11-27 13:14:43,182 - log - INFO - 进入主页面失败,重新开始
2024-11-27 13:14:44,542 - log - INFO - 当前使用第2个通关作业,当前尝试次数:0
2024-11-27 13:15:19,606 - log - INFO - 进入主页面失败,重新开始
2024-11-27 13:15:20,954 - log - INFO - 当前使用第2个通关作业,当前尝试次数:0
2024-11-27 13:15:56,167 - log - INFO - 进入主页面失败,重新开始
2024-11-27 13:15:57,529 - log - INFO - 当前使用第2个通关作业,当前尝试次数:0
2024-11-27 13:16:44,354 - log - INFO - 进入主页面失败,重新开始
2024-11-27 13:16:45,730 - log - INFO - 当前使用第2个通关作业,当前尝试次数:0
2024-11-27 13:17:20,952 - log - INFO - 进入主页面失败,重新开始
2024-11-27 13:17:22,318 - log - INFO - 当前使用第2个通关作业,当前尝试次数:0
2024-11-27 13:17:57,521 - log - INFO - 进入主页面失败,重新开始
2024-11-27 13:17:58,875 - log - INFO - 当前使用第2个通关作业,当前尝试次数:0
2024-11-27 13:18:34,105 - log - INFO - 进入主页面失败,重新开始
2024-11-27 13:18:35,460 - log - INFO - 当前使用第2个通关作业,当前尝试次数:0
2024-11-27 13:19:10,760 - log - INFO - 进入主页面失败,重新开始
2024-11-27 13:19:12,141 - log - INFO - 当前使用第2个通关作业,当前尝试次数:0
2024-11-27 13:19:47,297 - log - INFO - 进入主页面失败,重新开始
2024-11-27 13:19:48,651 - log - INFO - 当前使用第2个通关作业,当前尝试次数:0
2024-11-27 13:20:23,882 - log - INFO - 进入主页面失败,重新开始
2024-11-27 13:20:25,233 - log - INFO - 当前使用第2个通关作业,当前尝试次数:0
2024-11-27 13:21:00,466 - log - INFO - 进入主页面失败,重新开始
2024-11-27 13:21:01,838 - log - INFO - 当前使用第2个通关作业,当前尝试次数:0
2024-11-27 13:21:37,267 - log - INFO - 进入主页面失败,重新开始
2024-11-27 13:21:38,616 - log - INFO - 当前使用第2个通关作业,当前尝试次数:0
2024-11-27 13:22:13,640 - log - INFO - 进入主页面失败,重新开始
2024-11-27 13:22:14,998 - log - INFO - 当前使用第2个通关作业,当前尝试次数:0
2024-11-27 13:23:04,828 - log - INFO - 进入主页面失败,重新开始
2024-11-27 13:23:06,199 - log - INFO - 当前使用第2个通关作业,当前尝试次数:0
2024-11-27 13:23:41,442 - log - INFO - 进入主页面失败,重新开始
2024-11-27 13:23:42,821 - log - INFO - 当前使用第2个通关作业,当前尝试次数:0
2024-11-27 13:23:47,045 - log - INFO - 进入主页面失败,重新开始
