2024-11-26 22:54:26,178 - log - INFO - 开始全英雄定向金抽卡模式
2024-11-26 22:54:26,178 - log - INFO - 时间窗口期  小时：1-5 分钟: 58-3
2024-11-27 01:00:00,000 - log - INFO - ================================时间符合:1:0
2024-11-27 01:00:00,000 - log - INFO - 当前次数限制:39,当前已抽次数:0
2024-11-27 01:00:13,702 - log - INFO - 进入主页面
2024-11-27 01:00:33,876 - log - INFO - 主页面跳转+调整时间完成
2024-11-27 01:00:49,159 - log - INFO - 开始普池抽卡
2024-11-27 01:01:02,274 - log - INFO - 普池抽卡颜色:GREEN
2024-11-27 01:01:02,274 - log - INFO - 普池抽卡颜色:GREEN,重新开始
2024-11-27 01:01:02,274 - log - INFO - ================================时间符合:1:1
2024-11-27 01:01:02,274 - log - INFO - 当前次数限制:39,当前已抽次数:1
2024-11-27 01:01:16,059 - log - INFO - 进入主页面
2024-11-27 01:01:30,267 - log - INFO - 主页面跳转+调整时间完成
2024-11-27 01:01:45,526 - log - INFO - 开始普池抽卡
2024-11-27 01:01:58,621 - log - INFO - 普池抽卡颜色:GREEN
2024-11-27 01:01:58,621 - log - INFO - 普池抽卡颜色:GREEN,重新开始
2024-11-27 01:01:58,621 - log - INFO - ================================时间符合:1:1
2024-11-27 01:01:58,621 - log - INFO - 当前次数限制:39,当前已抽次数:2
2024-11-27 01:02:12,446 - log - INFO - 进入主页面
2024-11-27 01:02:25,071 - log - INFO - 主页面跳转+调整时间失败
2024-11-27 01:02:25,072 - log - INFO - ================================时间符合:1:2
2024-11-27 01:02:25,072 - log - INFO - 当前次数限制:39,当前已抽次数:2
2024-11-27 01:03:12,268 - log - INFO - 进入主页面
2024-11-27 01:03:23,042 - log - INFO - 主页面跳转+调整时间完成
2024-11-27 01:03:38,288 - log - INFO - 开始普池抽卡
2024-11-27 01:03:51,415 - log - INFO - 普池抽卡颜色:BLUE
2024-11-27 01:03:51,916 - log - INFO - 开始普池抽卡
2024-11-27 01:04:09,483 - log - INFO - 普池抽卡颜色:PURPLE
2024-11-27 01:04:09,984 - log - INFO - 开始普池抽卡
2024-11-27 01:04:27,395 - log - INFO - 普池抽卡颜色:GREEN
2024-11-27 01:04:27,396 - log - INFO - 普池抽卡颜色:GREEN,重新开始
2024-11-27 01:58:00,000 - log - INFO - ================================时间符合:1:58
2024-11-27 01:58:00,000 - log - INFO - 当前次数限制:39,当前已抽次数:5
2024-11-27 01:58:20,008 - log - INFO - 进入主页面
2024-11-27 01:58:29,149 - log - INFO - 主页面跳转+调整时间完成
2024-11-27 01:58:44,244 - log - INFO - 开始普池抽卡
2024-11-27 01:58:57,369 - log - INFO - 普池抽卡颜色:GREEN
2024-11-27 01:58:57,369 - log - INFO - 普池抽卡颜色:GREEN,重新开始
2024-11-27 01:58:57,369 - log - INFO - ================================时间符合:1:58
2024-11-27 01:58:57,369 - log - INFO - 当前次数限制:39,当前已抽次数:6
2024-11-27 01:59:11,206 - log - INFO - 进入主页面
2024-11-27 01:59:21,960 - log - INFO - 主页面跳转+调整时间完成
2024-11-27 01:59:40,619 - log - INFO - 开始普池抽卡
2024-11-27 01:59:53,820 - log - INFO - 普池抽卡颜色:PURPLE
2024-11-27 01:59:54,321 - log - INFO - 开始普池抽卡
2024-11-27 02:00:11,912 - log - INFO - 普池抽卡颜色:GREEN
2024-11-27 02:00:11,912 - log - INFO - 普池抽卡颜色:GREEN,重新开始
2024-11-27 02:00:11,912 - log - INFO - ================================时间符合:2:0
2024-11-27 02:00:11,912 - log - INFO - 当前次数限制:39,当前已抽次数:8
2024-11-27 02:00:25,418 - log - INFO - 进入主页面
2024-11-27 02:00:35,554 - log - INFO - 主页面跳转+调整时间完成
2024-11-27 02:00:50,782 - log - INFO - 开始普池抽卡
2024-11-27 02:01:04,016 - log - INFO - 普池抽卡颜色:PURPLE
2024-11-27 02:01:04,517 - log - INFO - 开始普池抽卡
2024-11-27 02:01:22,340 - log - INFO - 普池抽卡颜色:GREEN
2024-11-27 02:01:22,340 - log - INFO - 普池抽卡颜色:GREEN,重新开始
2024-11-27 02:01:22,340 - log - INFO - ================================时间符合:2:1
2024-11-27 02:01:22,340 - log - INFO - 当前次数限制:39,当前已抽次数:10
2024-11-27 02:01:36,164 - log - INFO - 进入主页面
2024-11-27 02:01:46,937 - log - INFO - 主页面跳转+调整时间完成
2024-11-27 02:02:01,968 - log - INFO - 开始普池抽卡
2024-11-27 02:02:15,138 - log - INFO - 普池抽卡颜色:BLUE
2024-11-27 02:02:15,639 - log - INFO - 开始普池抽卡
2024-11-27 02:02:33,078 - log - INFO - 普池抽卡颜色:GREEN
2024-11-27 02:02:33,078 - log - INFO - 普池抽卡颜色:GREEN,重新开始
2024-11-27 02:02:33,078 - log - INFO - ================================时间符合:2:2
2024-11-27 02:02:33,078 - log - INFO - 当前次数限制:39,当前已抽次数:12
2024-11-27 02:02:46,561 - log - INFO - 进入主页面
2024-11-27 02:02:56,672 - log - INFO - 主页面跳转+调整时间完成
2024-11-27 02:03:11,950 - log - INFO - 开始普池抽卡
2024-11-27 02:03:25,180 - log - INFO - 普池抽卡颜色:PURPLE
2024-11-27 02:03:25,681 - log - INFO - 开始普池抽卡
2024-11-27 02:03:43,273 - log - INFO - 普池抽卡颜色:GREEN
2024-11-27 02:03:43,274 - log - INFO - 普池抽卡颜色:GREEN,重新开始
2024-11-27 02:03:43,274 - log - INFO - ================================时间符合:2:3
2024-11-27 02:03:43,274 - log - INFO - 当前次数限制:39,当前已抽次数:14
2024-11-27 02:03:56,863 - log - INFO - 进入主页面
2024-11-27 02:04:07,459 - log - INFO - 主页面跳转+调整时间完成
2024-11-27 02:04:22,716 - log - INFO - 开始普池抽卡
2024-11-27 02:04:35,827 - log - INFO - 普池抽卡颜色:GREEN
2024-11-27 02:04:35,828 - log - INFO - 普池抽卡颜色:GREEN,重新开始
2024-11-27 02:58:00,000 - log - INFO - ================================时间符合:2:58
2024-11-27 02:58:00,001 - log - INFO - 当前次数限制:39,当前已抽次数:15
2024-11-27 02:58:41,499 - log - INFO - 进入主页面
2024-11-27 02:58:52,397 - log - INFO - 主页面跳转+调整时间完成
2024-11-27 02:59:07,287 - log - INFO - 开始普池抽卡
2024-11-27 02:59:20,382 - log - INFO - 普池抽卡颜色:GREEN
2024-11-27 02:59:20,382 - log - INFO - 普池抽卡颜色:GREEN,重新开始
2024-11-27 02:59:20,382 - log - INFO - ================================时间符合:2:59
2024-11-27 02:59:20,382 - log - INFO - 当前次数限制:39,当前已抽次数:16
2024-11-27 02:59:34,028 - log - INFO - 进入主页面
2024-11-27 02:59:44,403 - log - INFO - 主页面跳转+调整时间完成
2024-11-27 02:59:59,661 - log - INFO - 开始普池抽卡
2024-11-27 03:00:12,788 - log - INFO - 普池抽卡颜色:GREEN
2024-11-27 03:00:12,789 - log - INFO - 普池抽卡颜色:GREEN,重新开始
2024-11-27 03:00:12,789 - log - INFO - ================================时间符合:3:0
2024-11-27 03:00:12,789 - log - INFO - 当前次数限制:39,当前已抽次数:17
2024-11-27 03:00:26,842 - log - INFO - 进入主页面
2024-11-27 03:00:36,595 - log - INFO - 主页面跳转+调整时间完成
2024-11-27 03:00:52,006 - log - INFO - 开始普池抽卡
2024-11-27 03:01:05,205 - log - INFO - 普池抽卡颜色:PURPLE
2024-11-27 03:01:05,706 - log - INFO - 开始普池抽卡
2024-11-27 03:01:23,563 - log - INFO - 普池抽卡颜色:GREEN
2024-11-27 03:01:23,564 - log - INFO - 普池抽卡颜色:GREEN,重新开始
2024-11-27 03:01:23,564 - log - INFO - ================================时间符合:3:1
2024-11-27 03:01:23,564 - log - INFO - 当前次数限制:39,当前已抽次数:19
2024-11-27 03:01:37,396 - log - INFO - 进入主页面
2024-11-27 03:01:51,771 - log - INFO - 主页面跳转+调整时间完成
2024-11-27 03:02:07,012 - log - INFO - 开始普池抽卡
2024-11-27 03:02:20,120 - log - INFO - 普池抽卡颜色:GREEN
2024-11-27 03:02:20,121 - log - INFO - 普池抽卡颜色:GREEN,重新开始
2024-11-27 03:02:20,121 - log - INFO - ================================时间符合:3:2
2024-11-27 03:02:20,121 - log - INFO - 当前次数限制:39,当前已抽次数:20
2024-11-27 03:02:33,969 - log - INFO - 进入主页面
2024-11-27 03:02:43,339 - log - INFO - 主页面跳转+调整时间完成
2024-11-27 03:02:58,606 - log - INFO - 开始普池抽卡
2024-11-27 03:03:11,843 - log - INFO - 普池抽卡颜色:PURPLE
2024-11-27 03:03:12,344 - log - INFO - 开始普池抽卡
2024-11-27 03:03:30,122 - log - INFO - 普池抽卡颜色:GREEN
2024-11-27 03:03:30,122 - log - INFO - 普池抽卡颜色:GREEN,重新开始
2024-11-27 03:03:30,122 - log - INFO - ================================时间符合:3:3
2024-11-27 03:03:30,122 - log - INFO - 当前次数限制:39,当前已抽次数:22
2024-11-27 03:03:43,756 - log - INFO - 进入主页面
2024-11-27 03:03:53,742 - log - INFO - 主页面跳转+调整时间完成
2024-11-27 03:04:12,616 - log - INFO - 开始普池抽卡
2024-11-27 03:04:25,695 - log - INFO - 普池抽卡颜色:GREEN
2024-11-27 03:04:25,695 - log - INFO - 普池抽卡颜色:GREEN,重新开始
2024-11-27 03:58:00,000 - log - INFO - ================================时间符合:3:58
2024-11-27 03:58:00,000 - log - INFO - 当前次数限制:39,当前已抽次数:23
2024-11-27 03:58:17,076 - log - INFO - 进入主页面
2024-11-27 03:58:31,497 - log - INFO - 主页面跳转+调整时间完成
2024-11-27 03:58:50,161 - log - INFO - 开始普池抽卡
2024-11-27 03:59:03,248 - log - INFO - 普池抽卡颜色:GREEN
2024-11-27 03:59:03,248 - log - INFO - 普池抽卡颜色:GREEN,重新开始
2024-11-27 03:59:03,250 - log - INFO - ================================时间符合:3:59
2024-11-27 03:59:03,250 - log - INFO - 当前次数限制:39,当前已抽次数:24
2024-11-27 03:59:16,882 - log - INFO - 进入主页面
2024-11-27 03:59:26,463 - log - INFO - 主页面跳转+调整时间完成
2024-11-27 03:59:45,326 - log - INFO - 开始普池抽卡
2024-11-27 03:59:58,432 - log - INFO - 普池抽卡颜色:GREEN
2024-11-27 03:59:58,433 - log - INFO - 普池抽卡颜色:GREEN,重新开始
2024-11-27 03:59:58,433 - log - INFO - ================================时间符合:3:59
2024-11-27 03:59:58,433 - log - INFO - 当前次数限制:39,当前已抽次数:25
2024-11-27 04:00:12,044 - log - INFO - 进入主页面
2024-11-27 04:00:21,012 - log - INFO - 主页面跳转+调整时间完成
2024-11-27 04:00:36,304 - log - INFO - 开始普池抽卡
2024-11-27 04:00:49,416 - log - INFO - 普池抽卡颜色:GREEN
2024-11-27 04:00:49,416 - log - INFO - 普池抽卡颜色:GREEN,重新开始
2024-11-27 04:00:49,416 - log - INFO - ================================时间符合:4:0
2024-11-27 04:00:49,416 - log - INFO - 当前次数限制:39,当前已抽次数:26
2024-11-27 04:01:03,255 - log - INFO - 进入主页面
2024-11-27 04:01:14,002 - log - INFO - 主页面跳转+调整时间完成
2024-11-27 04:01:28,690 - log - INFO - 开始普池抽卡
2024-11-27 04:01:41,786 - log - INFO - 普池抽卡颜色:GREEN
2024-11-27 04:01:41,786 - log - INFO - 普池抽卡颜色:GREEN,重新开始
2024-11-27 04:01:41,786 - log - INFO - ================================时间符合:4:1
2024-11-27 04:01:41,786 - log - INFO - 当前次数限制:39,当前已抽次数:27
2024-11-27 04:01:55,253 - log - INFO - 进入主页面
2024-11-27 04:02:05,416 - log - INFO - 主页面跳转+调整时间完成
2024-11-27 04:02:20,684 - log - INFO - 开始普池抽卡
2024-11-27 04:02:33,845 - log - INFO - 普池抽卡颜色:PURPLE
2024-11-27 04:02:34,345 - log - INFO - 开始普池抽卡
2024-11-27 04:02:51,784 - log - INFO - 普池抽卡颜色:GREEN
2024-11-27 04:02:51,784 - log - INFO - 普池抽卡颜色:GREEN,重新开始
2024-11-27 04:02:51,784 - log - INFO - ================================时间符合:4:2
2024-11-27 04:02:51,784 - log - INFO - 当前次数限制:39,当前已抽次数:29
2024-11-27 04:03:05,626 - log - INFO - 进入主页面
2024-11-27 04:03:16,388 - log - INFO - 主页面跳转+调整时间完成
2024-11-27 04:03:31,236 - log - INFO - 开始普池抽卡
2024-11-27 04:03:44,341 - log - INFO - 普池抽卡颜色:BLUE
2024-11-27 04:03:44,842 - log - INFO - 开始普池抽卡
2024-11-27 04:04:02,638 - log - INFO - 普池抽卡颜色:PURPLE
2024-11-27 04:04:03,139 - log - INFO - 开始普池抽卡
2024-11-27 04:04:21,150 - log - INFO - 普池抽卡颜色:BLUE
2024-11-27 04:04:21,651 - log - INFO - 开始普池抽卡
2024-11-27 04:04:39,437 - log - INFO - 普池抽卡颜色:PURPLE
2024-11-27 04:04:39,938 - log - INFO - 开始普池抽卡
2024-11-27 04:04:57,762 - log - INFO - 普池抽卡颜色:PURPLE
2024-11-27 04:04:58,263 - log - INFO - 开始普池抽卡
2024-11-27 04:05:16,037 - log - INFO - 普池抽卡颜色:PURPLE
2024-11-27 04:05:16,538 - log - INFO - 开始普池抽卡
2024-11-27 04:05:34,170 - log - INFO - 普池抽卡颜色:GREEN
2024-11-27 04:05:34,170 - log - INFO - 普池抽卡颜色:GREEN,重新开始
2024-11-27 04:58:00,000 - log - INFO - ================================时间符合:4:58
2024-11-27 04:58:00,000 - log - INFO - 当前次数限制:39,当前已抽次数:36
2024-11-27 04:58:39,217 - log - INFO - 进入主页面失败,重新开始
2024-11-27 04:58:39,220 - log - INFO - ================================时间符合:4:58
2024-11-27 04:58:39,220 - log - INFO - 当前次数限制:39,当前已抽次数:36
2024-11-27 04:59:05,129 - log - INFO - 进入主页面
2024-11-27 04:59:15,329 - log - INFO - 主页面跳转+调整时间完成
2024-11-27 04:59:30,347 - log - INFO - 开始普池抽卡
2024-11-27 04:59:43,596 - log - INFO - 普池抽卡颜色:PURPLE
2024-11-27 04:59:44,097 - log - INFO - 开始普池抽卡
2024-11-27 05:00:01,687 - log - INFO - 普池抽卡颜色:GREEN
2024-11-27 05:00:01,687 - log - INFO - 普池抽卡颜色:GREEN,重新开始
2024-11-27 05:00:01,687 - log - INFO - ================================时间符合:5:0
2024-11-27 05:00:01,687 - log - INFO - 当前次数限制:39,当前已抽次数:38
2024-11-27 05:00:15,521 - log - INFO - 进入主页面
2024-11-27 05:00:26,490 - log - INFO - 主页面跳转+调整时间完成
2024-11-27 05:00:41,380 - log - INFO - 开始普池抽卡
2024-11-27 05:00:54,506 - log - INFO - 普池抽卡颜色:GOLD
2024-11-27 05:00:55,006 - log - INFO - 开始普池抽卡
2024-11-27 05:01:12,733 - log - INFO - 普池抽卡颜色:PURPLE
2024-11-27 05:01:13,234 - log - INFO - 开始普池抽卡
2024-11-27 05:01:30,867 - log - INFO - 普池抽卡颜色:GREEN
2024-11-27 05:01:30,868 - log - INFO - 普池抽卡颜色:GREEN,重新开始
2024-11-27 05:01:30,868 - log - INFO - ================================时间符合:5:1
2024-11-27 05:01:30,868 - log - INFO - 当前次数限制:39,当前已抽次数:41
2024-11-27 05:01:30,868 - log - INFO - 抽卡统计:
2024-11-27 05:01:30,868 - log - INFO - 全英雄卡池金卡概率:1/41=0.02
2024-11-27 05:01:30,868 - log - INFO - 全英雄卡池紫卡概率:13/41=0.32
