2024-11-17 00:55:24,447 - log - INFO - 开始神魔抽卡模式
2024-11-17 00:55:24,455 - log - INFO - 时间窗口期  小时：1-6 分钟: 58-3
2024-11-17 01:00:00,543 - log - INFO - ================================时间符合:1:0
2024-11-17 01:00:00,543 - log - INFO - 当前库存数 白票:89, 红票:25, 水晶球:51
2024-11-17 01:00:03,049 - log - INFO - 进入主页面
2024-11-17 01:00:13,870 - log - INFO - 主页面跳转+调整时间完成
2024-11-17 01:00:25,722 - log - INFO - 开始普池第一抽
2024-11-17 01:00:37,461 - log - INFO - 普池第一抽颜色:PURPLE
2024-11-17 01:00:37,461 - log - INFO - 普池进入第二抽
2024-11-17 01:00:43,791 - log - INFO - 普池第二抽颜色:GREEN
2024-11-17 01:00:43,792 - log - INFO - 普池第二抽绿色,重新开始
2024-11-17 01:00:43,792 - log - INFO - ================================时间符合:1:0
2024-11-17 01:00:43,792 - log - INFO - 当前库存数 白票:87, 红票:25, 水晶球:51
2024-11-17 01:00:57,695 - log - INFO - 进入主页面
2024-11-17 01:01:08,045 - log - INFO - 主页面跳转+调整时间完成
2024-11-17 01:01:19,909 - log - INFO - 开始普池第一抽
2024-11-17 01:01:31,395 - log - INFO - 普池第一抽颜色:GREEN
2024-11-17 01:01:31,396 - log - INFO - 普池第一抽绿色,重新开始
2024-11-17 01:01:31,396 - log - INFO - ================================时间符合:1:1
2024-11-17 01:01:31,396 - log - INFO - 当前库存数 白票:86, 红票:25, 水晶球:51
2024-11-17 01:01:45,464 - log - INFO - 进入主页面
2024-11-17 01:01:55,399 - log - INFO - 主页面跳转+调整时间完成
2024-11-17 01:02:07,089 - log - INFO - 开始普池第一抽
2024-11-17 01:02:18,702 - log - INFO - 普池第一抽颜色:BLUE
2024-11-17 01:02:18,702 - log - INFO - 普池进入第二抽
2024-11-17 01:02:25,041 - log - INFO - 普池第二抽颜色:PURPLE
2024-11-17 01:02:25,041 - log - INFO - 进入史诗页面
2024-11-17 01:02:34,544 - log - INFO - 开始史诗第一抽
2024-11-17 01:02:46,210 - log - INFO - 史诗第一抽颜色:PURPLE
2024-11-17 01:02:46,211 - log - INFO - 进入神魔模式，开始史诗第二抽
2024-11-17 01:02:52,723 - log - INFO - 史诗第二抽颜色:PURPLE
2024-11-17 01:02:52,723 - log - INFO - 史诗第二抽蓝紫金，跳转神魔十连
2024-11-17 01:03:04,850 - log - INFO - 开始神魔十连
2024-11-17 01:03:13,157 - log - INFO - 截图保存
2024-11-17 01:03:13,447 - log - INFO - ================================时间符合:1:3
2024-11-17 01:03:13,447 - log - INFO - 当前库存数 白票:84, 红票:23, 水晶球:41
2024-11-17 01:03:30,024 - log - INFO - 进入主页面
2024-11-17 01:03:40,191 - log - INFO - 主页面跳转+调整时间完成
2024-11-17 01:03:52,054 - log - INFO - 开始普池第一抽
2024-11-17 01:04:03,573 - log - INFO - 普池第一抽颜色:GREEN
2024-11-17 01:04:03,573 - log - INFO - 普池第一抽绿色,重新开始
2024-11-17 01:58:00,765 - log - INFO - ================================时间符合:1:58
2024-11-17 01:58:00,765 - log - INFO - 当前库存数 白票:83, 红票:23, 水晶球:41
2024-11-17 01:58:26,748 - log - INFO - 进入主页面
2024-11-17 01:58:36,964 - log - INFO - 主页面跳转+调整时间完成
2024-11-17 01:58:48,832 - log - INFO - 开始普池第一抽
2024-11-17 01:59:00,381 - log - INFO - 普池第一抽颜色:BLUE
2024-11-17 01:59:00,381 - log - INFO - 普池进入第二抽
2024-11-17 01:59:13,893 - log - INFO - 普池第二抽颜色:UNKNOWN
2024-11-17 01:59:13,893 - log - INFO - ================================时间符合:1:59
2024-11-17 01:59:13,893 - log - INFO - 当前库存数 白票:81, 红票:23, 水晶球:41
2024-11-17 01:59:27,939 - log - INFO - 进入主页面
2024-11-17 01:59:37,889 - log - INFO - 主页面跳转+调整时间完成
2024-11-17 01:59:49,597 - log - INFO - 开始普池第一抽
2024-11-17 02:00:01,065 - log - INFO - 普池第一抽颜色:GREEN
2024-11-17 02:00:01,065 - log - INFO - 普池第一抽绿色,重新开始
2024-11-17 02:00:01,065 - log - INFO - ================================时间符合:2:0
2024-11-17 02:00:01,065 - log - INFO - 当前库存数 白票:80, 红票:23, 水晶球:41
2024-11-17 02:00:14,920 - log - INFO - 进入主页面
2024-11-17 02:00:24,124 - log - INFO - 主页面跳转+调整时间完成
2024-11-17 02:00:35,985 - log - INFO - 开始普池第一抽
2024-11-17 02:00:47,579 - log - INFO - 普池第一抽颜色:BLUE
2024-11-17 02:00:47,580 - log - INFO - 普池进入第二抽
2024-11-17 02:00:53,843 - log - INFO - 普池第二抽颜色:BLUE
2024-11-17 02:00:53,843 - log - INFO - 进入史诗页面
2024-11-17 02:01:03,272 - log - INFO - 开始史诗第一抽
2024-11-17 02:01:14,805 - log - INFO - 史诗第一抽颜色:BLUE
2024-11-17 02:01:14,806 - log - INFO - 进入神魔模式，开始史诗第二抽
2024-11-17 02:01:21,018 - log - INFO - 史诗第二抽颜色:GREEN
2024-11-17 02:01:21,019 - log - INFO - 史诗第二抽绿色,重新开始
2024-11-17 02:01:21,020 - log - INFO - ================================时间符合:2:1
2024-11-17 02:01:21,023 - log - INFO - 当前库存数 白票:78, 红票:21, 水晶球:41
2024-11-17 02:01:34,905 - log - INFO - 进入主页面
2024-11-17 02:01:45,906 - log - INFO - 主页面跳转+调整时间完成
2024-11-17 02:01:57,757 - log - INFO - 开始普池第一抽
2024-11-17 02:02:09,325 - log - INFO - 普池第一抽颜色:GREEN
2024-11-17 02:02:09,325 - log - INFO - 普池第一抽绿色,重新开始
2024-11-17 02:02:09,325 - log - INFO - ================================时间符合:2:2
2024-11-17 02:02:09,325 - log - INFO - 当前库存数 白票:77, 红票:21, 水晶球:41
2024-11-17 02:02:23,099 - log - INFO - 进入主页面
2024-11-17 02:02:33,466 - log - INFO - 主页面跳转+调整时间完成
2024-11-17 02:02:45,144 - log - INFO - 开始普池第一抽
2024-11-17 02:02:56,625 - log - INFO - 普池第一抽颜色:GREEN
2024-11-17 02:02:56,625 - log - INFO - 普池第一抽绿色,重新开始
2024-11-17 02:02:56,625 - log - INFO - ================================时间符合:2:2
2024-11-17 02:02:56,626 - log - INFO - 当前库存数 白票:76, 红票:21, 水晶球:41
2024-11-17 02:03:10,630 - log - INFO - 进入主页面
2024-11-17 02:03:20,457 - log - INFO - 主页面跳转+调整时间完成
2024-11-17 02:03:32,332 - log - INFO - 开始普池第一抽
2024-11-17 02:03:43,921 - log - INFO - 普池第一抽颜色:GREEN
2024-11-17 02:03:43,922 - log - INFO - 普池第一抽绿色,重新开始
2024-11-17 02:03:43,922 - log - INFO - ================================时间符合:2:3
2024-11-17 02:03:43,922 - log - INFO - 当前库存数 白票:75, 红票:21, 水晶球:41
2024-11-17 02:03:57,867 - log - INFO - 进入主页面
2024-11-17 02:04:07,235 - log - INFO - 主页面跳转+调整时间完成
2024-11-17 02:04:18,924 - log - INFO - 开始普池第一抽
2024-11-17 02:04:30,479 - log - INFO - 普池第一抽颜色:BLUE
2024-11-17 02:04:30,479 - log - INFO - 普池进入第二抽
2024-11-17 02:04:36,849 - log - INFO - 普池第二抽颜色:GREEN
2024-11-17 02:04:36,849 - log - INFO - 普池第二抽绿色,重新开始
2024-11-17 02:58:00,067 - log - INFO - ================================时间符合:2:58
2024-11-17 02:58:00,067 - log - INFO - 当前库存数 白票:73, 红票:21, 水晶球:41
2024-11-17 02:58:29,806 - log - INFO - 进入主页面
2024-11-17 02:58:40,216 - log - INFO - 主页面跳转+调整时间完成
2024-11-17 02:58:54,661 - log - INFO - 开始普池第一抽
2024-11-17 02:59:06,256 - log - INFO - 普池第一抽颜色:GREEN
2024-11-17 02:59:06,256 - log - INFO - 普池第一抽绿色,重新开始
2024-11-17 02:59:06,256 - log - INFO - ================================时间符合:2:59
2024-11-17 02:59:06,256 - log - INFO - 当前库存数 白票:72, 红票:21, 水晶球:41
2024-11-17 02:59:20,022 - log - INFO - 进入主页面
2024-11-17 02:59:29,962 - log - INFO - 主页面跳转+调整时间完成
2024-11-17 02:59:41,630 - log - INFO - 开始普池第一抽
2024-11-17 02:59:53,336 - log - INFO - 普池第一抽颜色:PURPLE
2024-11-17 02:59:53,336 - log - INFO - 普池进入第二抽
2024-11-17 02:59:59,752 - log - INFO - 普池第二抽颜色:GREEN
2024-11-17 02:59:59,752 - log - INFO - 普池第二抽绿色,重新开始
2024-11-17 02:59:59,752 - log - INFO - ================================时间符合:2:59
2024-11-17 02:59:59,753 - log - INFO - 当前库存数 白票:70, 红票:21, 水晶球:41
2024-11-17 03:00:13,760 - log - INFO - 进入主页面
2024-11-17 03:00:27,136 - log - INFO - 主页面跳转+调整时间完成
2024-11-17 03:00:38,833 - log - INFO - 开始普池第一抽
2024-11-17 03:00:50,432 - log - INFO - 普池第一抽颜色:GREEN
2024-11-17 03:00:50,432 - log - INFO - 普池第一抽绿色,重新开始
2024-11-17 03:00:50,432 - log - INFO - ================================时间符合:3:0
2024-11-17 03:00:50,433 - log - INFO - 当前库存数 白票:69, 红票:21, 水晶球:41
2024-11-17 03:01:04,339 - log - INFO - 进入主页面
2024-11-17 03:01:15,355 - log - INFO - 主页面跳转+调整时间完成
2024-11-17 03:01:27,250 - log - INFO - 开始普池第一抽
2024-11-17 03:01:38,916 - log - INFO - 普池第一抽颜色:BLUE
2024-11-17 03:01:38,916 - log - INFO - 普池进入第二抽
2024-11-17 03:01:45,303 - log - INFO - 普池第二抽颜色:BLUE
2024-11-17 03:01:45,303 - log - INFO - 进入史诗页面
2024-11-17 03:01:54,712 - log - INFO - 开始史诗第一抽
2024-11-17 03:02:06,236 - log - INFO - 史诗第一抽颜色:BLUE
2024-11-17 03:02:06,236 - log - INFO - 进入神魔模式，开始史诗第二抽
2024-11-17 03:02:12,431 - log - INFO - 史诗第二抽颜色:GREEN
2024-11-17 03:02:12,431 - log - INFO - 史诗第二抽绿色,重新开始
2024-11-17 03:02:12,431 - log - INFO - ================================时间符合:3:2
2024-11-17 03:02:12,431 - log - INFO - 当前库存数 白票:67, 红票:19, 水晶球:41
2024-11-17 03:02:26,108 - log - INFO - 进入主页面
2024-11-17 03:02:36,316 - log - INFO - 主页面跳转+调整时间完成
2024-11-17 03:02:48,000 - log - INFO - 开始普池第一抽
2024-11-17 03:02:59,621 - log - INFO - 普池第一抽颜色:GREEN
2024-11-17 03:02:59,622 - log - INFO - 普池第一抽绿色,重新开始
2024-11-17 03:02:59,622 - log - INFO - ================================时间符合:3:2
2024-11-17 03:02:59,622 - log - INFO - 当前库存数 白票:66, 红票:19, 水晶球:41
2024-11-17 03:03:13,491 - log - INFO - 进入主页面
2024-11-17 03:03:23,095 - log - INFO - 主页面跳转+调整时间完成
2024-11-17 03:03:34,798 - log - INFO - 开始普池第一抽
2024-11-17 03:03:46,261 - log - INFO - 普池第一抽颜色:GREEN
2024-11-17 03:03:46,261 - log - INFO - 普池第一抽绿色,重新开始
2024-11-17 03:03:46,261 - log - INFO - ================================时间符合:3:3
2024-11-17 03:03:46,261 - log - INFO - 当前库存数 白票:65, 红票:19, 水晶球:41
2024-11-17 03:04:00,125 - log - INFO - 进入主页面
2024-11-17 03:04:09,275 - log - INFO - 主页面跳转+调整时间完成
2024-11-17 03:04:20,958 - log - INFO - 开始普池第一抽
2024-11-17 03:04:32,542 - log - INFO - 普池第一抽颜色:GREEN
2024-11-17 03:04:32,542 - log - INFO - 普池第一抽绿色,重新开始
2024-11-17 03:58:00,761 - log - INFO - ================================时间符合:3:58
2024-11-17 03:58:00,761 - log - INFO - 当前库存数 白票:64, 红票:19, 水晶球:41
2024-11-17 03:58:35,265 - log - INFO - 进入主页面
2024-11-17 03:58:45,042 - log - INFO - 主页面跳转+调整时间完成
2024-11-17 03:58:56,716 - log - INFO - 开始普池第一抽
2024-11-17 03:59:08,191 - log - INFO - 普池第一抽颜色:GREEN
2024-11-17 03:59:08,192 - log - INFO - 普池第一抽绿色,重新开始
2024-11-17 03:59:08,192 - log - INFO - ================================时间符合:3:59
2024-11-17 03:59:08,192 - log - INFO - 当前库存数 白票:63, 红票:19, 水晶球:41
2024-11-17 03:59:22,235 - log - INFO - 进入主页面
2024-11-17 03:59:35,643 - log - INFO - 主页面跳转+调整时间完成
2024-11-17 03:59:47,311 - log - INFO - 开始普池第一抽
2024-11-17 03:59:58,785 - log - INFO - 普池第一抽颜色:GREEN
2024-11-17 03:59:58,787 - log - INFO - 普池第一抽绿色,重新开始
2024-11-17 03:59:58,787 - log - INFO - ================================时间符合:3:59
2024-11-17 03:59:58,787 - log - INFO - 当前库存数 白票:62, 红票:19, 水晶球:41
2024-11-17 04:00:12,606 - log - INFO - 进入主页面
2024-11-17 04:00:23,421 - log - INFO - 主页面跳转+调整时间完成
2024-11-17 04:00:35,074 - log - INFO - 开始普池第一抽
2024-11-17 04:00:46,829 - log - INFO - 普池第一抽颜色:PURPLE
2024-11-17 04:00:46,830 - log - INFO - 普池进入第二抽
2024-11-17 04:00:53,128 - log - INFO - 普池第二抽颜色:GREEN
2024-11-17 04:00:53,128 - log - INFO - 普池第二抽绿色,重新开始
2024-11-17 04:00:53,128 - log - INFO - ================================时间符合:4:0
2024-11-17 04:00:53,128 - log - INFO - 当前库存数 白票:60, 红票:19, 水晶球:41
2024-11-17 04:01:06,808 - log - INFO - 进入主页面
2024-11-17 04:01:16,979 - log - INFO - 主页面跳转+调整时间完成
2024-11-17 04:01:28,872 - log - INFO - 开始普池第一抽
2024-11-17 04:01:40,361 - log - INFO - 普池第一抽颜色:GREEN
2024-11-17 04:01:40,361 - log - INFO - 普池第一抽绿色,重新开始
2024-11-17 04:01:40,361 - log - INFO - ================================时间符合:4:1
2024-11-17 04:01:40,362 - log - INFO - 当前库存数 白票:59, 红票:19, 水晶球:41
2024-11-17 04:01:54,171 - log - INFO - 进入主页面
2024-11-17 04:02:03,778 - log - INFO - 主页面跳转+调整时间完成
2024-11-17 04:02:15,453 - log - INFO - 开始普池第一抽
2024-11-17 04:02:26,968 - log - INFO - 普池第一抽颜色:GREEN
2024-11-17 04:02:26,968 - log - INFO - 普池第一抽绿色,重新开始
2024-11-17 04:02:26,968 - log - INFO - ================================时间符合:4:2
2024-11-17 04:02:26,968 - log - INFO - 当前库存数 白票:58, 红票:19, 水晶球:41
2024-11-17 04:02:40,961 - log - INFO - 进入主页面
2024-11-17 04:02:50,153 - log - INFO - 主页面跳转+调整时间完成
2024-11-17 04:03:02,042 - log - INFO - 开始普池第一抽
2024-11-17 04:03:13,723 - log - INFO - 普池第一抽颜色:GREEN
2024-11-17 04:03:13,723 - log - INFO - 普池第一抽绿色,重新开始
2024-11-17 04:03:13,723 - log - INFO - ================================时间符合:4:3
2024-11-17 04:03:13,723 - log - INFO - 当前库存数 白票:57, 红票:19, 水晶球:41
2024-11-17 04:03:27,765 - log - INFO - 进入主页面
2024-11-17 04:03:38,766 - log - INFO - 主页面跳转+调整时间完成
2024-11-17 04:03:50,611 - log - INFO - 开始普池第一抽
2024-11-17 04:04:02,212 - log - INFO - 普池第一抽颜色:BLUE
2024-11-17 04:04:02,213 - log - INFO - 普池进入第二抽
2024-11-17 04:04:08,562 - log - INFO - 普池第二抽颜色:BLUE
2024-11-17 04:04:08,562 - log - INFO - 进入史诗页面
2024-11-17 04:04:17,922 - log - INFO - 开始史诗第一抽
2024-11-17 04:04:29,411 - log - INFO - 史诗第一抽颜色:GREEN
2024-11-17 04:04:29,412 - log - INFO - 史诗第一抽绿色,重新开始
2024-11-17 04:58:00,618 - log - INFO - ================================时间符合:4:58
2024-11-17 04:58:00,618 - log - INFO - 当前库存数 白票:55, 红票:18, 水晶球:41
2024-11-17 04:58:09,721 - log - INFO - 进入主页面
2024-11-17 04:58:20,531 - log - INFO - 主页面跳转+调整时间完成
2024-11-17 04:58:32,181 - log - INFO - 开始普池第一抽
2024-11-17 04:58:44,036 - log - INFO - 普池第一抽颜色:PURPLE
2024-11-17 04:58:44,036 - log - INFO - 普池进入第二抽
2024-11-17 04:58:50,534 - log - INFO - 普池第二抽颜色:PURPLE
2024-11-17 04:58:50,534 - log - INFO - 进入史诗页面
2024-11-17 04:58:59,903 - log - INFO - 开始史诗第一抽
2024-11-17 04:59:11,369 - log - INFO - 史诗第一抽颜色:GREEN
2024-11-17 04:59:11,369 - log - INFO - 史诗第一抽绿色,重新开始
2024-11-17 04:59:11,370 - log - INFO - ================================时间符合:4:59
2024-11-17 04:59:11,370 - log - INFO - 当前库存数 白票:53, 红票:17, 水晶球:41
2024-11-17 04:59:24,906 - log - INFO - 进入主页面
2024-11-17 04:59:34,870 - log - INFO - 主页面跳转+调整时间完成
2024-11-17 04:59:46,539 - log - INFO - 开始普池第一抽
2024-11-17 04:59:58,132 - log - INFO - 普池第一抽颜色:GREEN
2024-11-17 04:59:58,132 - log - INFO - 普池第一抽绿色,重新开始
2024-11-17 04:59:58,132 - log - INFO - ================================时间符合:4:59
2024-11-17 04:59:58,133 - log - INFO - 当前库存数 白票:52, 红票:17, 水晶球:41
2024-11-17 05:00:11,873 - log - INFO - 进入主页面
2024-11-17 05:00:21,467 - log - INFO - 主页面跳转+调整时间完成
2024-11-17 05:00:33,131 - log - INFO - 开始普池第一抽
2024-11-17 05:00:44,893 - log - INFO - 普池第一抽颜色:PURPLE
2024-11-17 05:00:44,893 - log - INFO - 普池进入第二抽
2024-11-17 05:00:51,155 - log - INFO - 普池第二抽颜色:BLUE
2024-11-17 05:00:51,155 - log - INFO - 进入史诗页面
2024-11-17 05:01:00,404 - log - INFO - 开始史诗第一抽
2024-11-17 05:01:11,951 - log - INFO - 史诗第一抽颜色:BLUE
2024-11-17 05:01:11,951 - log - INFO - 进入神魔模式，开始史诗第二抽
2024-11-17 05:01:18,246 - log - INFO - 史诗第二抽颜色:BLUE
2024-11-17 05:01:18,246 - log - INFO - 史诗第二抽蓝紫金，跳转神魔十连
2024-11-17 05:01:30,304 - log - INFO - 开始神魔十连
2024-11-17 05:01:38,581 - log - INFO - 截图保存
2024-11-17 05:01:39,181 - log - INFO - ================================时间符合:5:1
2024-11-17 05:01:39,183 - log - INFO - 当前库存数 白票:50, 红票:15, 水晶球:31
2024-11-17 05:02:11,603 - log - INFO - 进入主页面失败,重新开始
2024-11-17 05:02:11,603 - log - INFO - ================================时间符合:5:2
2024-11-17 05:02:11,603 - log - INFO - 当前库存数 白票:50, 红票:15, 水晶球:31
2024-11-17 05:02:44,201 - log - INFO - 进入主页面失败,重新开始
2024-11-17 05:02:44,202 - log - INFO - ================================时间符合:5:2
2024-11-17 05:02:44,202 - log - INFO - 当前库存数 白票:50, 红票:15, 水晶球:31
2024-11-17 05:03:16,594 - log - INFO - 进入主页面失败,重新开始
2024-11-17 05:03:16,595 - log - INFO - ================================时间符合:5:3
2024-11-17 05:03:16,595 - log - INFO - 当前库存数 白票:50, 红票:15, 水晶球:31
2024-11-17 05:03:49,192 - log - INFO - 进入主页面失败,重新开始
2024-11-17 05:03:49,192 - log - INFO - ================================时间符合:5:3
2024-11-17 05:03:49,192 - log - INFO - 当前库存数 白票:50, 红票:15, 水晶球:31
2024-11-17 05:04:21,771 - log - INFO - 进入主页面失败,重新开始
2024-11-17 05:58:00,994 - log - INFO - ================================时间符合:5:58
2024-11-17 05:58:00,994 - log - INFO - 当前库存数 白票:50, 红票:15, 水晶球:31
2024-11-17 05:58:48,935 - log - INFO - 进入主页面失败,重新开始
2024-11-17 05:58:48,935 - log - INFO - ================================时间符合:5:58
2024-11-17 05:58:48,935 - log - INFO - 当前库存数 白票:50, 红票:15, 水晶球:31
2024-11-17 05:59:21,361 - log - INFO - 进入主页面失败,重新开始
2024-11-17 05:59:21,361 - log - INFO - ================================时间符合:5:59
2024-11-17 05:59:21,361 - log - INFO - 当前库存数 白票:50, 红票:15, 水晶球:31
2024-11-17 05:59:53,710 - log - INFO - 进入主页面失败,重新开始
2024-11-17 05:59:53,710 - log - INFO - ================================时间符合:5:59
2024-11-17 05:59:53,710 - log - INFO - 当前库存数 白票:50, 红票:15, 水晶球:31
2024-11-17 06:00:25,908 - log - INFO - 进入主页面失败,重新开始
2024-11-17 06:00:25,909 - log - INFO - ================================时间符合:6:0
2024-11-17 06:00:25,909 - log - INFO - 当前库存数 白票:50, 红票:15, 水晶球:31
2024-11-17 06:00:58,534 - log - INFO - 进入主页面失败,重新开始
2024-11-17 06:00:58,534 - log - INFO - ================================时间符合:6:0
2024-11-17 06:00:58,534 - log - INFO - 当前库存数 白票:50, 红票:15, 水晶球:31
2024-11-17 06:01:30,905 - log - INFO - 进入主页面失败,重新开始
2024-11-17 06:01:30,905 - log - INFO - ================================时间符合:6:1
2024-11-17 06:01:30,905 - log - INFO - 当前库存数 白票:50, 红票:15, 水晶球:31
2024-11-17 06:02:03,276 - log - INFO - 进入主页面失败,重新开始
2024-11-17 06:02:03,276 - log - INFO - ================================时间符合:6:2
2024-11-17 06:02:03,276 - log - INFO - 当前库存数 白票:50, 红票:15, 水晶球:31
2024-11-17 06:02:35,856 - log - INFO - 进入主页面失败,重新开始
2024-11-17 06:02:35,856 - log - INFO - ================================时间符合:6:2
2024-11-17 06:02:35,856 - log - INFO - 当前库存数 白票:50, 红票:15, 水晶球:31
2024-11-17 06:03:08,479 - log - INFO - 进入主页面失败,重新开始
2024-11-17 06:03:08,479 - log - INFO - ================================时间符合:6:3
2024-11-17 06:03:08,479 - log - INFO - 当前库存数 白票:50, 红票:15, 水晶球:31
2024-11-17 06:03:40,694 - log - INFO - 进入主页面失败,重新开始
2024-11-17 06:03:40,694 - log - INFO - ================================时间符合:6:3
2024-11-17 06:03:40,694 - log - INFO - 当前库存数 白票:50, 红票:15, 水晶球:31
2024-11-17 06:04:13,060 - log - INFO - 进入主页面失败,重新开始
2024-11-17 06:58:00,268 - log - INFO - ================================时间符合:6:58
2024-11-17 06:58:00,268 - log - INFO - 当前库存数 白票:50, 红票:15, 水晶球:31
2024-11-17 06:58:39,598 - log - INFO - 进入主页面失败,重新开始
2024-11-17 06:58:39,600 - log - INFO - ================================时间符合:6:58
2024-11-17 06:58:39,600 - log - INFO - 当前库存数 白票:50, 红票:15, 水晶球:31
2024-11-17 06:59:11,988 - log - INFO - 进入主页面失败,重新开始
2024-11-17 06:59:11,988 - log - INFO - ================================时间符合:6:59
2024-11-17 06:59:11,988 - log - INFO - 当前库存数 白票:50, 红票:15, 水晶球:31
2024-11-17 06:59:44,219 - log - INFO - 进入主页面失败,重新开始
2024-11-17 06:59:44,219 - log - INFO - ================================时间符合:6:59
2024-11-17 06:59:44,219 - log - INFO - 当前库存数 白票:50, 红票:15, 水晶球:31
2024-11-17 07:00:16,408 - log - INFO - 进入主页面失败,重新开始
2024-11-17 08:00:23,825 - log - INFO - 抽卡统计:
2024-11-17 08:00:23,825 - log - INFO - 总金卡概率:0/49=0.00
2024-11-17 08:00:23,825 - log - INFO - 总紫卡概率:9/49=0.18
2024-11-17 08:00:23,825 - log - INFO - 全英雄卡池金卡概率:0/39=0.00
2024-11-17 08:00:23,825 - log - INFO - 全英雄卡池紫卡概率:7/39=0.18
2024-11-17 08:00:23,825 - log - INFO - 史诗卡池金卡概率:0/10=0.00
2024-11-17 08:00:23,825 - log - INFO - 史诗卡池紫卡概率:2/10=0.20
