2024-11-16 23:33:05,042 - log - INFO - 开始史诗抽卡模式
2024-11-16 23:33:05,051 - log - INFO - 时间窗口期  小时：2-50 分钟: 1-300
2024-11-16 23:33:05,051 - log - INFO - ================================时间符合:23:33
2024-11-16 23:33:05,051 - log - INFO - 当前库存数 白票:60, 红票:30, 水晶球:40
2024-11-16 23:33:07,542 - log - INFO - 进入主页面
2024-11-16 23:33:19,056 - log - INFO - 主页面跳转+调整时间失败
2024-11-16 23:33:19,056 - log - INFO - ================================时间符合:23:33
2024-11-16 23:33:19,056 - log - INFO - 当前库存数 白票:60, 红票:30, 水晶球:40
2024-11-16 23:33:31,178 - log - INFO - 进入主页面
2024-11-16 23:33:44,917 - log - INFO - 主页面跳转+调整时间完成
2024-11-16 23:33:59,390 - log - INFO - 开始普池第一抽
2024-11-16 23:34:27,836 - log - INFO - 普池第一抽颜色:GREEN
2024-11-16 23:34:27,836 - log - INFO - 普池第一抽绿色,重新开始
2024-11-16 23:34:27,837 - log - INFO - ================================时间符合:23:34
2024-11-16 23:34:27,837 - log - INFO - 当前库存数 白票:59, 红票:30, 水晶球:40
2024-11-16 23:34:41,553 - log - INFO - 进入主页面
2024-11-16 23:34:51,279 - log - INFO - 主页面跳转+调整时间完成
2024-11-16 23:35:05,769 - log - INFO - 开始普池第一抽
2024-11-16 23:35:32,422 - log - INFO - 普池第一抽颜色:GREEN
2024-11-16 23:35:32,422 - log - INFO - 普池第一抽绿色,重新开始
2024-11-16 23:35:32,422 - log - INFO - ================================时间符合:23:35
2024-11-16 23:35:32,422 - log - INFO - 当前库存数 白票:58, 红票:30, 水晶球:40
2024-11-16 23:38:30,153 - log - INFO - ================================时间符合:23:38
2024-11-16 23:38:30,153 - log - INFO - 当前库存数 白票:58, 红票:30, 水晶球:40
2024-11-16 23:38:32,516 - log - INFO - 进入主页面
2024-11-16 23:38:42,797 - log - INFO - 主页面跳转+调整时间完成
2024-11-16 23:38:57,116 - log - INFO - 开始普池第一抽
2024-11-16 23:39:26,573 - log - INFO - 普池第一抽颜色:PURPLE
2024-11-16 23:39:26,573 - log - INFO - 普池进入第二抽
2024-11-16 23:39:33,380 - log - INFO - 普池第二抽颜色:GREEN
2024-11-16 23:39:33,380 - log - INFO - 普池第二抽绿色,重新开始
2024-11-16 23:39:33,380 - log - INFO - ================================时间符合:23:39
2024-11-16 23:39:33,380 - log - INFO - 当前库存数 白票:56, 红票:30, 水晶球:40
2024-11-16 23:39:47,465 - log - INFO - 进入主页面
2024-11-16 23:40:05,178 - log - INFO - 主页面跳转+调整时间完成
2024-11-16 23:40:19,299 - log - INFO - 开始普池第一抽
2024-11-16 23:40:45,752 - log - INFO - 普池第一抽颜色:GREEN
2024-11-16 23:40:45,753 - log - INFO - 普池第一抽绿色,重新开始
2024-11-16 23:40:45,753 - log - INFO - ================================时间符合:23:40
2024-11-16 23:40:45,754 - log - INFO - 当前库存数 白票:55, 红票:30, 水晶球:40
2024-11-16 23:40:59,584 - log - INFO - 进入主页面
2024-11-16 23:41:09,777 - log - INFO - 主页面跳转+调整时间完成
2024-11-16 23:41:24,096 - log - INFO - 开始普池第一抽
2024-11-16 23:41:50,934 - log - INFO - 普池第一抽颜色:GREEN
2024-11-16 23:41:50,935 - log - INFO - 普池第一抽绿色,重新开始
2024-11-16 23:41:50,935 - log - INFO - ================================时间符合:23:41
2024-11-16 23:41:50,935 - log - INFO - 当前库存数 白票:54, 红票:30, 水晶球:40
2024-11-16 23:42:04,954 - log - INFO - 进入主页面
2024-11-16 23:42:19,141 - log - INFO - 主页面跳转+调整时间完成
2024-11-16 23:42:30,863 - log - INFO - 开始普池第一抽
2024-11-16 23:42:57,497 - log - INFO - 普池第一抽颜色:GREEN
2024-11-16 23:42:57,497 - log - INFO - 普池第一抽绿色,重新开始
2024-11-16 23:42:57,497 - log - INFO - ================================时间符合:23:42
2024-11-16 23:42:57,497 - log - INFO - 当前库存数 白票:53, 红票:30, 水晶球:40
2024-11-16 23:43:11,253 - log - INFO - 进入主页面
2024-11-16 23:43:21,527 - log - INFO - 主页面跳转+调整时间完成
2024-11-16 23:43:33,388 - log - INFO - 开始普池第一抽
2024-11-16 23:44:00,301 - log - INFO - 普池第一抽颜色:GREEN
2024-11-16 23:44:00,301 - log - INFO - 普池第一抽绿色,重新开始
2024-11-16 23:44:00,301 - log - INFO - ================================时间符合:23:44
2024-11-16 23:44:00,301 - log - INFO - 当前库存数 白票:52, 红票:30, 水晶球:40
2024-11-16 23:44:14,378 - log - INFO - 进入主页面
2024-11-16 23:44:24,099 - log - INFO - 主页面跳转+调整时间完成
2024-11-16 23:44:38,428 - log - INFO - 开始普池第一抽
2024-11-16 23:45:07,465 - log - INFO - 普池第一抽颜色:GREEN
2024-11-16 23:45:07,465 - log - INFO - 普池第一抽绿色,重新开始
2024-11-16 23:45:07,465 - log - INFO - ================================时间符合:23:45
2024-11-16 23:45:07,465 - log - INFO - 当前库存数 白票:51, 红票:30, 水晶球:40
2024-11-16 23:45:21,345 - log - INFO - 进入主页面
2024-11-16 23:45:31,651 - log - INFO - 主页面跳转+调整时间完成
2024-11-16 23:45:45,989 - log - INFO - 开始普池第一抽
2024-11-16 23:46:15,037 - log - INFO - 普池第一抽颜色:GREEN
2024-11-16 23:46:15,037 - log - INFO - 普池第一抽绿色,重新开始
2024-11-16 23:46:15,038 - log - INFO - ================================时间符合:23:46
2024-11-16 23:46:15,038 - log - INFO - 当前库存数 白票:50, 红票:30, 水晶球:40
2024-11-16 23:46:28,900 - log - INFO - 进入主页面
2024-11-16 23:46:38,862 - log - INFO - 主页面跳转+调整时间完成
2024-11-16 23:46:50,788 - log - INFO - 开始普池第一抽
2024-11-16 23:47:19,870 - log - INFO - 普池第一抽颜色:PURPLE
2024-11-16 23:47:19,871 - log - INFO - 普池进入第二抽
2024-11-16 23:47:26,661 - log - INFO - 普池第二抽颜色:PURPLE
2024-11-16 23:47:26,661 - log - INFO - 进入史诗页面
2024-11-16 23:47:36,083 - log - INFO - 开始史诗第一抽
2024-11-16 23:47:47,539 - log - INFO - 史诗第一抽颜色:GREEN
2024-11-16 23:47:47,539 - log - INFO - 史诗第一抽绿色,重新开始
2024-11-16 23:47:47,540 - log - INFO - ================================时间符合:23:47
2024-11-16 23:47:47,540 - log - INFO - 当前库存数 白票:48, 红票:29, 水晶球:40
2024-11-16 23:47:58,753 - log - INFO - 进入主页面失败,重新开始
2024-11-16 23:47:58,753 - log - INFO - 抽卡统计:
 总金卡概率:0.00
2024-11-16 23:47:58,753 - log - INFO - 总紫卡概率:0.23
2024-11-16 23:47:58,753 - log - INFO - 全英雄卡池金卡概率:0.00
2024-11-16 23:47:58,753 - log - INFO - 全英雄卡池紫卡概率:0.25
2024-11-16 23:47:58,753 - log - INFO - 史诗卡池金卡概率:0.00
2024-11-16 23:47:58,753 - log - INFO - 史诗卡池紫卡概率:0.00
