2024-11-16 18:10:10,212 - log - INFO - 开始史诗抽卡模式
2024-11-16 18:10:10,290 - log - INFO - 时间窗口期  小时：2-50 分钟: 1-300
2024-11-16 18:10:10,290 - log - INFO - ================================时间符合:18:10
2024-11-16 18:10:10,290 - log - INFO - 当前库存数 白票:60, 红票:30, 水晶球:40
2024-11-16 18:10:12,904 - log - INFO - 进入主页面
2024-11-16 18:10:23,256 - log - INFO - 主页面跳转+调整时间完成
2024-11-16 18:10:37,523 - log - INFO - 开始普池第一抽
2024-11-16 18:10:49,029 - log - INFO - 普池第一抽颜色:GREEN
2024-11-16 18:10:49,029 - log - INFO - 普池第一抽绿色,重新开始
2024-11-16 18:10:49,030 - log - INFO - ================================时间符合:18:10
2024-11-16 18:10:49,030 - log - INFO - 当前库存数 白票:59, 红票:30, 水晶球:40
2024-11-16 18:11:02,738 - log - INFO - 进入主页面
2024-11-16 18:11:12,625 - log - INFO - 主页面跳转+调整时间完成
2024-11-16 18:11:24,514 - log - INFO - 开始普池第一抽
2024-11-16 18:11:36,157 - log - INFO - 普池第一抽颜色:GREEN
2024-11-16 18:11:36,158 - log - INFO - 普池第一抽绿色,重新开始
2024-11-16 18:11:36,158 - log - INFO - ================================时间符合:18:11
2024-11-16 18:11:36,158 - log - INFO - 当前库存数 白票:58, 红票:30, 水晶球:40
2024-11-16 18:11:49,902 - log - INFO - 进入主页面
2024-11-16 18:11:59,038 - log - INFO - 主页面跳转+调整时间完成
2024-11-16 18:12:10,699 - log - INFO - 开始普池第一抽
2024-11-16 18:12:22,213 - log - INFO - 普池第一抽颜色:BLUE
2024-11-16 18:12:22,213 - log - INFO - 普池进入第二抽
2024-11-16 18:12:28,531 - log - INFO - 普池第二抽颜色:GREEN
2024-11-16 18:12:28,531 - log - INFO - 普池第二抽绿色,重新开始
2024-11-16 18:12:28,531 - log - INFO - ================================时间符合:18:12
2024-11-16 18:12:28,531 - log - INFO - 当前库存数 白票:56, 红票:30, 水晶球:40
2024-11-16 18:12:42,279 - log - INFO - 进入主页面
2024-11-16 18:12:53,210 - log - INFO - 主页面跳转+调整时间完成
2024-11-16 18:13:04,723 - log - INFO - 开始普池第一抽
2024-11-16 18:13:16,280 - log - INFO - 普池第一抽颜色:GREEN
2024-11-16 18:13:16,280 - log - INFO - 普池第一抽绿色,重新开始
2024-11-16 18:13:16,280 - log - INFO - ================================时间符合:18:13
2024-11-16 18:13:16,281 - log - INFO - 当前库存数 白票:55, 红票:30, 水晶球:40
2024-11-16 18:13:30,023 - log - INFO - 进入主页面
2024-11-16 18:13:40,020 - log - INFO - 主页面跳转+调整时间完成
2024-11-16 18:13:51,691 - log - INFO - 开始普池第一抽
2024-11-16 18:14:17,949 - log - INFO - 普池第一抽颜色:GREEN
2024-11-16 18:14:17,949 - log - INFO - 普池第一抽绿色,重新开始
