2024-11-21 14:34:11,548 - log - INFO - 开始神魔抽卡模式
2024-11-21 14:34:11,557 - log - INFO - 时间窗口期  小时：1-50 分钟: 1-300
2024-11-21 14:34:11,557 - log - INFO - ================================时间符合:14:34
2024-11-21 14:34:11,557 - log - INFO - 当前库存数 白票:60, 红票:30, 水晶球:40
2024-11-21 14:34:15,010 - log - INFO - 进入主页面
2024-11-21 14:34:24,570 - log - INFO - 主页面跳转+调整时间完成
2024-11-21 14:34:40,246 - log - INFO - 开始普池第一抽
2024-11-21 14:35:14,565 - log - INFO - 普池第一抽颜色:GREEN
2024-11-21 14:35:14,565 - log - INFO - 普池第一抽绿色,重新开始
2024-11-21 14:35:14,565 - log - INFO - ================================时间符合:14:35
2024-11-21 14:35:14,565 - log - INFO - 当前库存数 白票:59, 红票:30, 水晶球:40
2024-11-21 14:35:26,999 - log - INFO - 进入主页面
2024-11-21 14:35:36,957 - log - INFO - 主页面跳转+调整时间完成
2024-11-21 14:35:52,406 - log - INFO - 开始普池第一抽
2024-11-21 14:37:57,794 - log - INFO - 普池第一抽颜色:GREEN
2024-11-21 14:37:57,794 - log - INFO - 普池第一抽绿色,重新开始
2024-11-21 14:37:57,794 - log - INFO - ================================时间符合:14:37
2024-11-21 14:37:57,794 - log - INFO - 当前库存数 白票:58, 红票:30, 水晶球:40
2024-11-21 14:38:13,747 - log - INFO - 进入主页面
2024-11-21 14:38:24,277 - log - INFO - 主页面跳转+调整时间完成
2024-11-21 14:38:36,535 - log - INFO - 开始普池第一抽
2024-11-21 14:40:39,980 - log - INFO - 普池第一抽失败，重新开始
