2024-11-25 09:26:15,813 - log - INFO - 开始史诗抽卡模式
2024-11-25 09:26:15,874 - log - INFO - 时间窗口期  小时：1-5 分钟: 58-3
2024-11-25 09:26:21,444 - log - INFO - 开始自动挂机模式
2024-11-25 09:26:30,556 - log - INFO - 进入准备战斗页面
2024-11-25 09:27:40,101 - log - INFO - 进入准备战斗页面
2024-11-25 09:28:43,912 - log - INFO - 进入准备战斗页面
2024-11-25 09:29:59,126 - log - INFO - 进入准备战斗页面
2024-11-25 09:31:20,417 - log - INFO - 进入准备战斗页面
2024-11-25 09:32:02,983 - log - INFO - 进入准备战斗页面
2024-11-25 09:32:49,180 - log - INFO - 进入准备战斗页面
2024-11-25 09:33:28,978 - log - INFO - 进入准备战斗页面
2024-11-25 09:34:36,987 - log - INFO - 进入准备战斗页面
2024-11-25 09:35:43,305 - log - INFO - 进入准备战斗页面
2024-11-25 09:36:53,457 - log - INFO - 进入准备战斗页面
2024-11-25 09:38:04,446 - log - INFO - 进入准备战斗页面
2024-11-25 09:39:01,570 - log - INFO - 进入准备战斗页面
2024-11-25 09:40:00,456 - log - INFO - 进入准备战斗页面
2024-11-25 09:40:58,759 - log - INFO - 进入准备战斗页面
2024-11-25 09:42:04,344 - log - INFO - 进入准备战斗页面
2024-11-25 09:43:13,124 - log - INFO - 进入准备战斗页面
2024-11-25 09:44:22,361 - log - INFO - 进入准备战斗页面
2024-11-25 09:45:27,713 - log - INFO - 进入准备战斗页面
2024-11-25 09:46:49,504 - log - INFO - 进入准备战斗页面
2024-11-25 09:47:51,689 - log - INFO - 进入准备战斗页面
2024-11-25 09:48:58,276 - log - INFO - 进入准备战斗页面
2024-11-25 09:50:19,847 - log - INFO - 进入准备战斗页面
2024-11-25 09:51:01,476 - log - INFO - 进入准备战斗页面
2024-11-25 09:52:06,825 - log - INFO - 进入准备战斗页面
2024-11-25 09:53:20,843 - log - INFO - 进入准备战斗页面
2024-11-25 09:54:33,945 - log - INFO - 进入准备战斗页面
2024-11-25 09:55:40,975 - log - INFO - 进入准备战斗页面
2024-11-25 09:56:54,539 - log - INFO - 进入准备战斗页面
2024-11-25 09:58:06,740 - log - INFO - 进入准备战斗页面
2024-11-25 09:59:15,666 - log - INFO - 进入准备战斗页面
2024-11-25 10:00:30,534 - log - INFO - 进入准备战斗页面
2024-11-25 10:02:05,930 - log - INFO - 进入准备战斗页面
2024-11-25 10:02:44,501 - log - INFO - 进入准备战斗页面
2024-11-25 10:03:25,705 - log - INFO - 进入准备战斗页面
2024-11-25 10:04:06,434 - log - INFO - 进入准备战斗页面
2024-11-25 10:04:43,256 - log - INFO - 进入准备战斗页面
2024-11-25 10:05:21,482 - log - INFO - 进入准备战斗页面
2024-11-25 10:05:59,263 - log - INFO - 进入准备战斗页面
2024-11-25 10:06:37,224 - log - INFO - 进入准备战斗页面
2024-11-25 10:07:15,237 - log - INFO - 进入准备战斗页面
2024-11-25 10:07:51,820 - log - INFO - 进入准备战斗页面
2024-11-25 10:08:28,154 - log - INFO - 进入准备战斗页面
2024-11-25 10:09:18,139 - log - INFO - 进入抄作业页面失败,重新开始
2024-11-25 10:09:36,215 - log - INFO - 进入准备战斗页面
2024-11-25 10:10:24,322 - log - INFO - 进入抄作业页面失败,重新开始
2024-11-25 10:10:42,300 - log - INFO - 进入准备战斗页面
2024-11-25 10:11:26,481 - log - INFO - 进入准备战斗页面
2024-11-25 10:12:11,263 - log - INFO - 进入抄作业页面失败,重新开始
2024-11-25 10:12:15,572 - log - INFO - 进入主页面失败,重新开始
