2024-11-21 23:38:45,119 - log - INFO - 开始全英雄定向金抽卡模式
2024-11-21 23:38:45,119 - log - INFO - 时间窗口期  小时：1-50 分钟: 1-300
2024-11-21 23:38:45,149 - log - INFO - ================================时间符合:23:38
2024-11-21 23:38:45,151 - log - INFO - 当前次数限制:60,当前已抽次数:0
2024-11-21 23:38:50,231 - log - INFO - 进入主页面
2024-11-21 23:39:04,138 - log - INFO - 开始普池抽卡
2024-11-21 23:39:37,667 - log - INFO - 普池第抽卡失败，重新开始
2024-11-21 23:39:37,667 - log - INFO - 开始普池抽卡
2024-11-21 23:39:58,723 - log - INFO - 普池第抽卡失败，重新开始
2024-11-21 23:39:58,723 - log - INFO - 开始普池抽卡
2024-11-21 23:39:59,422 - log - INFO - 普池第抽卡失败，重新开始
2024-11-21 23:39:59,422 - log - INFO - 开始普池抽卡
2024-11-21 23:40:00,093 - log - INFO - 普池第抽卡失败，重新开始
2024-11-21 23:40:00,093 - log - INFO - 开始普池抽卡
2024-11-21 23:40:00,808 - log - INFO - 普池第抽卡失败，重新开始
2024-11-21 23:40:00,808 - log - INFO - 开始普池抽卡
2024-11-21 23:40:01,519 - log - INFO - 普池第抽卡失败，重新开始
2024-11-21 23:40:01,519 - log - INFO - 开始普池抽卡
2024-11-21 23:40:02,205 - log - INFO - 普池第抽卡失败，重新开始
2024-11-21 23:40:02,207 - log - INFO - 开始普池抽卡
2024-11-21 23:40:02,906 - log - INFO - 普池第抽卡失败，重新开始
2024-11-21 23:40:02,906 - log - INFO - 开始普池抽卡
2024-11-21 23:40:03,691 - log - INFO - 普池第抽卡失败，重新开始
2024-11-21 23:40:03,691 - log - INFO - 开始普池抽卡
2024-11-21 23:40:04,387 - log - INFO - 普池第抽卡失败，重新开始
2024-11-21 23:40:04,389 - log - INFO - 开始普池抽卡
2024-11-21 23:40:05,089 - log - INFO - 普池第抽卡失败，重新开始
2024-11-21 23:40:05,091 - log - INFO - 开始普池抽卡
2024-11-21 23:40:05,774 - log - INFO - 普池第抽卡失败，重新开始
2024-11-21 23:40:05,775 - log - INFO - 开始普池抽卡
2024-11-21 23:40:06,476 - log - INFO - 普池第抽卡失败，重新开始
2024-11-21 23:40:06,476 - log - INFO - 开始普池抽卡
2024-11-21 23:40:07,166 - log - INFO - 普池第抽卡失败，重新开始
2024-11-21 23:40:07,166 - log - INFO - 开始普池抽卡
2024-11-21 23:40:07,845 - log - INFO - 普池第抽卡失败，重新开始
2024-11-21 23:40:07,845 - log - INFO - 开始普池抽卡
