2024-11-21 15:58:36,280 - log - INFO - 开始神魔抽卡模式
2024-11-21 15:58:36,289 - log - INFO - 时间窗口期  小时：2-50 分钟: 1-300
2024-11-21 15:58:36,289 - log - INFO - ================================时间符合:15:58
2024-11-21 15:58:36,289 - log - INFO - 当前库存数 白票:60, 红票:30, 水晶球:40
2024-11-21 15:58:48,636 - log - INFO - 进入主页面
2024-11-21 15:59:02,553 - log - INFO - 主页面跳转+调整时间完成
2024-11-21 15:59:14,594 - log - INFO - 开始普池第一抽
2024-11-21 15:59:25,897 - log - INFO - 普池第一抽颜色:GREEN
2024-11-21 15:59:25,897 - log - INFO - 普池第一抽绿色,重新开始
2024-11-21 15:59:25,897 - log - INFO - ================================时间符合:15:59
2024-11-21 15:59:25,897 - log - INFO - 当前库存数 白票:59, 红票:30, 水晶球:40
2024-11-21 15:59:38,009 - log - INFO - 进入主页面
2024-11-21 15:59:47,937 - log - INFO - 主页面跳转+调整时间完成
2024-11-21 16:00:00,013 - log - INFO - 开始普池第一抽
2024-11-21 16:00:11,317 - log - INFO - 普池第一抽颜色:PURPLE
2024-11-21 16:00:11,317 - log - INFO - 普池进入第二抽
2024-11-21 16:00:11,317 - log - INFO - 开始普池第二抽
2024-11-21 16:00:30,712 - log - INFO - 普池第二抽颜色:PURPLE
2024-11-21 16:00:30,712 - log - INFO - 进入史诗页面
2024-11-21 16:00:38,541 - log - INFO - 开始史诗第一抽
2024-11-21 16:00:49,678 - log - INFO - 史诗第一抽颜色:BLUE
2024-11-21 16:00:49,678 - log - INFO - 进入神魔模式，开始史诗第二抽
2024-11-21 16:01:07,664 - log - INFO - 史诗第二抽颜色:GREEN
2024-11-21 16:01:07,664 - log - INFO - 史诗第二抽绿色,重新开始
2024-11-21 16:01:07,664 - log - INFO - ================================时间符合:16:1
2024-11-21 16:01:07,665 - log - INFO - 当前库存数 白票:57, 红票:28, 水晶球:40
2024-11-21 16:01:16,230 - log - INFO - 进入主页面失败,重新开始
2024-11-21 16:01:16,231 - log - INFO - 抽卡统计:
2024-11-21 16:01:16,231 - log - INFO - 总金卡概率:0/5=0.00
2024-11-21 16:01:16,231 - log - INFO - 总紫卡概率:2/5=0.40
2024-11-21 16:01:16,231 - log - INFO - 全英雄卡池金卡概率:0/3=0.00
2024-11-21 16:01:16,231 - log - INFO - 全英雄卡池紫卡概率:2/3=0.67
2024-11-21 16:01:16,231 - log - INFO - 史诗卡池金卡概率:0/2=0.00
2024-11-21 16:01:16,231 - log - INFO - 史诗卡池紫卡概率:0/2=0.00
