2024-11-16 23:22:26,686 - log - INFO - 开始史诗抽卡模式
2024-11-16 23:22:26,695 - log - INFO - 时间窗口期  小时：2-50 分钟: 1-300
2024-11-16 23:22:26,696 - log - INFO - ================================时间符合:23:22
2024-11-16 23:22:26,696 - log - INFO - 当前库存数 白票:60, 红票:30, 水晶球:40
2024-11-16 23:22:29,246 - log - INFO - 进入主页面
2024-11-16 23:22:45,517 - log - INFO - 主页面跳转+调整时间完成
2024-11-16 23:23:00,025 - log - INFO - 开始普池第一抽
2024-11-16 23:23:11,701 - log - INFO - 普池第一抽颜色:GREEN
2024-11-16 23:23:11,701 - log - INFO - 普池第一抽绿色,重新开始
2024-11-16 23:23:11,701 - log - INFO - ================================时间符合:23:23
2024-11-16 23:23:11,701 - log - INFO - 当前库存数 白票:59, 红票:30, 水晶球:40
2024-11-16 23:23:25,868 - log - INFO - 进入主页面
2024-11-16 23:23:36,927 - log - INFO - 主页面跳转+调整时间完成
2024-11-16 23:23:51,430 - log - INFO - 开始普池第一抽
2024-11-16 23:24:03,095 - log - INFO - 普池第一抽颜色:GREEN
2024-11-16 23:24:03,095 - log - INFO - 普池第一抽绿色,重新开始
2024-11-16 23:24:03,095 - log - INFO - ================================时间符合:23:24
2024-11-16 23:24:03,095 - log - INFO - 当前库存数 白票:58, 红票:30, 水晶球:40
2024-11-16 23:24:16,950 - log - INFO - 进入主页面
2024-11-16 23:24:27,280 - log - INFO - 主页面跳转+调整时间完成
2024-11-16 23:24:41,537 - log - INFO - 开始普池第一抽
2024-11-16 23:24:53,103 - log - INFO - 普池第一抽颜色:GREEN
2024-11-16 23:24:53,103 - log - INFO - 普池第一抽绿色,重新开始
2024-11-16 23:24:53,104 - log - INFO - ================================时间符合:23:24
2024-11-16 23:24:53,104 - log - INFO - 当前库存数 白票:57, 红票:30, 水晶球:40
2024-11-16 23:25:06,898 - log - INFO - 进入主页面
2024-11-16 23:25:23,456 - log - INFO - 主页面跳转+调整时间完成
2024-11-16 23:25:37,730 - log - INFO - 开始普池第一抽
2024-11-16 23:25:49,221 - log - INFO - 普池第一抽颜色:BLUE
2024-11-16 23:25:49,221 - log - INFO - 普池进入第二抽
2024-11-16 23:25:55,466 - log - INFO - 普池第二抽颜色:GREEN
2024-11-16 23:25:55,466 - log - INFO - 普池第二抽绿色,重新开始
2024-11-16 23:25:55,466 - log - INFO - ================================时间符合:23:25
2024-11-16 23:25:55,466 - log - INFO - 当前库存数 白票:55, 红票:30, 水晶球:40
2024-11-16 23:26:09,251 - log - INFO - 进入主页面
2024-11-16 23:26:21,635 - log - INFO - 主页面跳转+调整时间完成
2024-11-16 23:26:33,113 - log - INFO - 开始普池第一抽
2024-11-16 23:26:44,594 - log - INFO - 普池第一抽颜色:GREEN
2024-11-16 23:26:44,595 - log - INFO - 普池第一抽绿色,重新开始
2024-11-16 23:26:44,595 - log - INFO - ================================时间符合:23:26
2024-11-16 23:26:44,595 - log - INFO - 当前库存数 白票:54, 红票:30, 水晶球:40
2024-11-16 23:26:58,481 - log - INFO - 进入主页面
2024-11-16 23:27:09,396 - log - INFO - 主页面跳转+调整时间完成
2024-11-16 23:27:20,916 - log - INFO - 开始普池第一抽
2024-11-16 23:27:32,344 - log - INFO - 普池第一抽颜色:GREEN
2024-11-16 23:27:32,344 - log - INFO - 普池第一抽绿色,重新开始
2024-11-16 23:27:32,344 - log - INFO - ================================时间符合:23:27
2024-11-16 23:27:32,344 - log - INFO - 当前库存数 白票:53, 红票:30, 水晶球:40
2024-11-16 23:27:46,044 - log - INFO - 进入主页面
2024-11-16 23:27:59,605 - log - INFO - 主页面跳转+调整时间完成
2024-11-16 23:28:13,854 - log - INFO - 开始普池第一抽
2024-11-16 23:28:42,092 - log - INFO - 普池第一抽颜色:BLUE
2024-11-16 23:28:42,092 - log - INFO - 普池进入第二抽
2024-11-16 23:28:48,837 - log - INFO - 普池第二抽颜色:GREEN
2024-11-16 23:28:48,837 - log - INFO - 普池第二抽绿色,重新开始
2024-11-16 23:28:48,837 - log - INFO - ================================时间符合:23:28
2024-11-16 23:28:48,838 - log - INFO - 当前库存数 白票:51, 红票:30, 水晶球:40
2024-11-16 23:29:02,827 - log - INFO - 进入主页面
2024-11-16 23:29:13,587 - log - INFO - 主页面跳转+调整时间完成
2024-11-16 23:29:27,631 - log - INFO - 开始普池第一抽
2024-11-16 23:29:56,015 - log - INFO - 普池第一抽颜色:PURPLE
2024-11-16 23:29:56,015 - log - INFO - 普池进入第二抽
2024-11-16 23:30:02,831 - log - INFO - 普池第二抽颜色:GREEN
2024-11-16 23:30:02,831 - log - INFO - 普池第二抽绿色,重新开始
2024-11-16 23:30:02,831 - log - INFO - ================================时间符合:23:30
2024-11-16 23:30:02,831 - log - INFO - 当前库存数 白票:49, 红票:30, 水晶球:40
2024-11-16 23:30:16,436 - log - INFO - 进入主页面
2024-11-16 23:30:26,753 - log - INFO - 主页面跳转+调整时间完成
2024-11-16 23:30:41,019 - log - INFO - 开始普池第一抽
2024-11-16 23:31:07,489 - log - INFO - 普池第一抽颜色:GREEN
2024-11-16 23:31:07,489 - log - INFO - 普池第一抽绿色,重新开始
2024-11-16 23:31:07,489 - log - INFO - ================================时间符合:23:31
2024-11-16 23:31:07,489 - log - INFO - 当前库存数 白票:48, 红票:30, 水晶球:40
2024-11-16 23:31:21,183 - log - INFO - 进入主页面
2024-11-16 23:31:36,325 - log - INFO - 主页面跳转+调整时间完成
2024-11-16 23:31:50,605 - log - INFO - 开始普池第一抽
2024-11-16 23:32:17,077 - log - INFO - 普池第一抽颜色:GREEN
2024-11-16 23:32:17,077 - log - INFO - 普池第一抽绿色,重新开始
2024-11-16 23:32:17,077 - log - INFO - 十次没有进入史诗，暂停
