2024-11-16 22:20:59,330 - log - INFO - 开始史诗抽卡模式
2024-11-16 22:20:59,338 - log - INFO - 时间窗口期  小时：2-50 分钟: 1-300
2024-11-16 22:20:59,338 - log - INFO - ================================时间符合:22:20
2024-11-16 22:20:59,338 - log - INFO - 当前库存数 白票:60, 红票:30, 水晶球:40
2024-11-16 22:21:25,424 - log - INFO - 进入主页面失败,重新开始
2024-11-16 22:21:25,424 - log - INFO - ================================时间符合:22:21
2024-11-16 22:21:25,424 - log - INFO - 当前库存数 白票:60, 红票:30, 水晶球:40
2024-11-16 22:21:45,028 - log - INFO - 进入主页面
2024-11-16 22:21:56,078 - log - INFO - 主页面跳转+调整时间完成
2024-11-16 22:22:07,995 - log - INFO - 开始普池第一抽
2024-11-16 22:22:34,663 - log - INFO - 普池第一抽颜色:GREEN
2024-11-16 22:22:34,663 - log - INFO - 普池第一抽绿色,重新开始
2024-11-16 22:22:34,663 - log - INFO - ================================时间符合:22:22
2024-11-16 22:22:34,663 - log - INFO - 当前库存数 白票:59, 红票:30, 水晶球:40
2024-11-16 22:22:48,560 - log - INFO - 进入主页面
2024-11-16 22:23:11,869 - log - INFO - 主页面跳转+调整时间完成
2024-11-16 22:23:23,779 - log - INFO - 开始普池第一抽
2024-11-16 22:23:50,000 - log - INFO - 普池第一抽颜色:BLUE
2024-11-16 22:23:50,001 - log - INFO - 普池进入第二抽
2024-11-16 22:23:56,687 - log - INFO - 普池第二抽颜色:PURPLE
2024-11-16 22:23:56,687 - log - INFO - 进入史诗页面
2024-11-16 22:24:06,076 - log - INFO - 开始史诗第一抽
2024-11-16 22:24:17,734 - log - INFO - 史诗第一抽颜色:GREEN
