2024-11-26 09:41:16,092 - log - INFO - 开始自动挂机模式
2024-11-26 09:41:17,089 - log - INFO - 当前使用第1个通关作业,当前尝试次数:0
2024-11-26 09:41:17,089 - log - INFO - 进入准备战斗页面
2024-11-26 09:41:56,453 - log - INFO - 当前使用第1个通关作业,当前尝试次数:1
2024-11-26 09:41:56,453 - log - INFO - 进入准备战斗页面
2024-11-26 09:42:57,420 - log - INFO - 当前使用第1个通关作业,当前尝试次数:0
2024-11-26 09:42:57,420 - log - INFO - 进入准备战斗页面
2024-11-26 09:43:51,188 - log - INFO - 当前使用第1个通关作业,当前尝试次数:1
2024-11-26 09:43:51,188 - log - INFO - 进入准备战斗页面
2024-11-26 09:44:33,193 - log - INFO - 当前使用第1个通关作业,当前尝试次数:2
2024-11-26 09:44:33,193 - log - INFO - 进入准备战斗页面
2024-11-26 09:45:15,220 - log - INFO - 当前使用第1个通关作业,当前尝试次数:3
2024-11-26 09:45:15,220 - log - INFO - 进入准备战斗页面
2024-11-26 09:46:06,771 - log - INFO - 当前使用第1个通关作业,当前尝试次数:4
2024-11-26 09:46:06,771 - log - INFO - 进入准备战斗页面
2024-11-26 09:46:52,358 - log - INFO - 当前使用第1个通关作业,当前尝试次数:5
2024-11-26 09:46:52,358 - log - INFO - 进入准备战斗页面
2024-11-26 09:47:38,288 - log - INFO - 当前使用第1个通关作业,当前尝试次数:6
2024-11-26 09:47:38,289 - log - INFO - 进入准备战斗页面
2024-11-26 09:48:25,747 - log - INFO - 当前使用第1个通关作业,当前尝试次数:7
2024-11-26 09:48:25,747 - log - INFO - 进入准备战斗页面
2024-11-26 09:49:19,513 - log - INFO - 当前使用第1个通关作业,当前尝试次数:8
2024-11-26 09:49:19,513 - log - INFO - 进入准备战斗页面
2024-11-26 09:50:10,483 - log - INFO - 当前使用第1个通关作业,当前尝试次数:9
2024-11-26 09:50:10,483 - log - INFO - 进入准备战斗页面
2024-11-26 09:51:14,317 - log - INFO - 当前使用第1个通关作业,当前尝试次数:0
2024-11-26 09:51:14,317 - log - INFO - 进入准备战斗页面
2024-11-26 09:52:26,814 - log - INFO - 当前使用第1个通关作业,当前尝试次数:0
2024-11-26 09:52:26,814 - log - INFO - 进入准备战斗页面
2024-11-26 09:53:09,988 - log - INFO - 进入抄作业页面失败,重新开始
2024-11-26 09:53:11,033 - log - INFO - 当前使用第1个通关作业,当前尝试次数:0
2024-11-26 09:53:42,380 - log - INFO - 进入主页面失败,重新开始
2024-11-26 09:53:43,417 - log - INFO - 当前使用第1个通关作业,当前尝试次数:0
2024-11-26 09:54:14,780 - log - INFO - 进入主页面失败,重新开始
2024-11-26 09:54:15,811 - log - INFO - 当前使用第1个通关作业,当前尝试次数:0
2024-11-26 09:54:47,148 - log - INFO - 进入主页面失败,重新开始
2024-11-26 09:54:48,182 - log - INFO - 当前使用第1个通关作业,当前尝试次数:0
2024-11-26 09:55:21,334 - log - INFO - 进入主页面失败,重新开始
2024-11-26 09:55:22,374 - log - INFO - 当前使用第1个通关作业,当前尝试次数:0
2024-11-26 09:55:53,723 - log - INFO - 进入主页面失败,重新开始
2024-11-26 09:55:54,768 - log - INFO - 当前使用第1个通关作业,当前尝试次数:0
2024-11-26 09:56:26,119 - log - INFO - 进入主页面失败,重新开始
2024-11-26 09:56:27,167 - log - INFO - 当前使用第1个通关作业,当前尝试次数:0
2024-11-26 09:56:59,108 - log - INFO - 进入主页面失败,重新开始
2024-11-26 09:57:00,138 - log - INFO - 当前使用第1个通关作业,当前尝试次数:0
2024-11-26 09:57:31,492 - log - INFO - 进入主页面失败,重新开始
2024-11-26 09:57:32,508 - log - INFO - 当前使用第1个通关作业,当前尝试次数:0
2024-11-26 09:58:03,899 - log - INFO - 进入主页面失败,重新开始
2024-11-26 09:58:04,939 - log - INFO - 当前使用第1个通关作业,当前尝试次数:0
2024-11-26 09:58:36,473 - log - INFO - 进入主页面失败,重新开始
2024-11-26 09:58:37,521 - log - INFO - 当前使用第1个通关作业,当前尝试次数:0
2024-11-26 09:59:09,981 - log - INFO - 进入主页面失败,重新开始
2024-11-26 09:59:11,071 - log - INFO - 当前使用第1个通关作业,当前尝试次数:0
2024-11-26 10:00:06,863 - log - INFO - 进入主页面失败,重新开始
2024-11-26 10:00:07,904 - log - INFO - 当前使用第1个通关作业,当前尝试次数:0
2024-11-26 10:00:39,240 - log - INFO - 进入主页面失败,重新开始
2024-11-26 10:00:40,290 - log - INFO - 当前使用第1个通关作业,当前尝试次数:0
2024-11-26 10:01:11,845 - log - INFO - 进入主页面失败,重新开始
2024-11-26 10:01:12,877 - log - INFO - 当前使用第1个通关作业,当前尝试次数:0
2024-11-26 10:01:44,199 - log - INFO - 进入主页面失败,重新开始
2024-11-26 10:01:45,216 - log - INFO - 当前使用第1个通关作业,当前尝试次数:0
2024-11-26 10:02:16,617 - log - INFO - 进入主页面失败,重新开始
2024-11-26 10:02:17,654 - log - INFO - 当前使用第1个通关作业,当前尝试次数:0
2024-11-26 10:02:49,008 - log - INFO - 进入主页面失败,重新开始
2024-11-26 10:02:50,052 - log - INFO - 当前使用第1个通关作业,当前尝试次数:0
2024-11-26 10:03:21,386 - log - INFO - 进入主页面失败,重新开始
2024-11-26 10:03:22,436 - log - INFO - 当前使用第1个通关作业,当前尝试次数:0
2024-11-26 10:03:53,785 - log - INFO - 进入主页面失败,重新开始
2024-11-26 10:03:54,822 - log - INFO - 当前使用第1个通关作业,当前尝试次数:0
2024-11-26 10:04:26,162 - log - INFO - 进入主页面失败,重新开始
2024-11-26 10:04:27,185 - log - INFO - 当前使用第1个通关作业,当前尝试次数:0
2024-11-26 10:04:58,554 - log - INFO - 进入主页面失败,重新开始
2024-11-26 10:04:59,587 - log - INFO - 当前使用第1个通关作业,当前尝试次数:0
2024-11-26 10:05:30,947 - log - INFO - 进入主页面失败,重新开始
2024-11-26 10:05:31,993 - log - INFO - 当前使用第1个通关作业,当前尝试次数:0
2024-11-26 10:06:04,935 - log - INFO - 进入主页面失败,重新开始
2024-11-26 10:06:05,549 - log - INFO - 当前使用第1个通关作业,当前尝试次数:0
2024-11-26 10:06:40,293 - log - INFO - 进入主页面失败,重新开始
2024-11-26 10:06:41,320 - log - INFO - 当前使用第1个通关作业,当前尝试次数:0
2024-11-26 10:07:12,709 - log - INFO - 进入主页面失败,重新开始
2024-11-26 10:07:13,725 - log - INFO - 当前使用第1个通关作业,当前尝试次数:0
2024-11-26 10:07:45,112 - log - INFO - 进入主页面失败,重新开始
2024-11-26 10:07:46,139 - log - INFO - 当前使用第1个通关作业,当前尝试次数:0
2024-11-26 10:08:17,511 - log - INFO - 进入主页面失败,重新开始
2024-11-26 10:08:18,545 - log - INFO - 当前使用第1个通关作业,当前尝试次数:0
2024-11-26 10:08:49,880 - log - INFO - 进入主页面失败,重新开始
2024-11-26 10:08:50,923 - log - INFO - 当前使用第1个通关作业,当前尝试次数:0
2024-11-26 10:09:22,253 - log - INFO - 进入主页面失败,重新开始
2024-11-26 10:09:23,296 - log - INFO - 当前使用第1个通关作业,当前尝试次数:0
2024-11-26 10:09:54,837 - log - INFO - 进入主页面失败,重新开始
2024-11-26 10:09:55,853 - log - INFO - 当前使用第1个通关作业,当前尝试次数:0
2024-11-26 10:10:27,265 - log - INFO - 进入主页面失败,重新开始
2024-11-26 10:10:28,287 - log - INFO - 当前使用第1个通关作业,当前尝试次数:0
2024-11-26 10:10:59,644 - log - INFO - 进入主页面失败,重新开始
2024-11-26 10:11:00,687 - log - INFO - 当前使用第1个通关作业,当前尝试次数:0
2024-11-26 10:11:32,321 - log - INFO - 进入主页面失败,重新开始
2024-11-26 10:11:33,348 - log - INFO - 当前使用第1个通关作业,当前尝试次数:0
