2024-11-14 12:05:23,771 - log - INFO - 开始神魔抽卡模式
2024-11-14 12:05:23,771 - log - INFO - 时间窗口期  小时：2-50 分钟: 1-300
2024-11-14 12:05:23,771 - log - INFO - ================================时间符合:12:5
2024-11-14 12:05:23,772 - log - INFO - 当前库存数 白票:60, 红票:30, 水晶球:40
2024-11-14 12:05:25,670 - log - INFO - 进入主页面
2024-11-14 12:05:29,485 - log - INFO - 主页面跳转+调整时间完成
2024-11-14 12:05:50,613 - log - INFO - 开始普池第一抽
2024-11-14 12:06:12,662 - log - INFO - 普池第一抽颜色:GREEN
2024-11-14 12:06:12,662 - log - INFO - 普池第一抽绿色,重新开始
2024-11-14 12:06:12,662 - log - INFO - ================================时间符合:12:6
2024-11-14 12:06:12,662 - log - INFO - 当前库存数 白票:59, 红票:30, 水晶球:40
2024-11-14 12:06:24,307 - log - INFO - 进入主页面
2024-11-14 12:06:28,050 - log - INFO - 主页面跳转+调整时间完成
2024-11-14 12:06:49,239 - log - INFO - 开始普池第一抽
2024-11-14 12:07:09,851 - log - INFO - 普池第一抽颜色:GREEN
2024-11-14 12:07:09,851 - log - INFO - 普池第一抽绿色,重新开始
2024-11-14 12:07:09,851 - log - INFO - ================================时间符合:12:7
2024-11-14 12:07:09,851 - log - INFO - 当前库存数 白票:58, 红票:30, 水晶球:40
2024-11-14 12:07:21,483 - log - INFO - 进入主页面
2024-11-14 12:07:32,327 - log - INFO - 主页面跳转+调整时间完成
2024-11-14 12:07:43,467 - log - INFO - 开始普池第一抽
2024-11-14 12:08:05,510 - log - INFO - 普池第一抽颜色:PURPLE
2024-11-14 12:08:05,510 - log - INFO - 普池进入第二抽
2024-11-14 12:08:11,586 - log - INFO - 普池第二抽颜色:GREEN
2024-11-14 12:08:11,586 - log - INFO - 普池第二抽绿色,重新开始
2024-11-14 12:08:11,587 - log - INFO - ================================时间符合:12:8
2024-11-14 12:08:11,589 - log - INFO - 当前库存数 白票:56, 红票:30, 水晶球:40
2024-11-14 12:08:23,309 - log - INFO - 进入主页面
2024-11-14 12:08:27,123 - log - INFO - 主页面跳转+调整时间完成
2024-11-14 12:08:47,940 - log - INFO - 开始普池第一抽
2024-11-14 12:09:09,898 - log - INFO - 普池第一抽颜色:GREEN
2024-11-14 12:09:09,899 - log - INFO - 普池第一抽绿色,重新开始
2024-11-14 12:09:09,899 - log - INFO - ================================时间符合:12:9
2024-11-14 12:09:09,899 - log - INFO - 当前库存数 白票:55, 红票:30, 水晶球:40
2024-11-14 12:09:21,485 - log - INFO - 进入主页面
2024-11-14 12:09:30,265 - log - INFO - 主页面跳转+调整时间完成
2024-11-14 12:09:41,442 - log - INFO - 开始普池第一抽
2024-11-14 12:10:01,990 - log - INFO - 普池第一抽颜色:GREEN
2024-11-14 12:10:01,990 - log - INFO - 普池第一抽绿色,重新开始
2024-11-14 12:10:01,990 - log - INFO - ================================时间符合:12:10
2024-11-14 12:10:01,991 - log - INFO - 当前库存数 白票:54, 红票:30, 水晶球:40
2024-11-14 12:10:13,615 - log - INFO - 进入主页面
2024-11-14 12:10:23,266 - log - INFO - 主页面跳转+调整时间完成
2024-11-14 12:10:34,624 - log - INFO - 开始普池第一抽
2024-11-14 12:10:55,042 - log - INFO - 普池第一抽颜色:GREEN
2024-11-14 12:10:55,043 - log - INFO - 普池第一抽绿色,重新开始
2024-11-14 12:10:55,043 - log - INFO - ================================时间符合:12:10
2024-11-14 12:10:55,045 - log - INFO - 当前库存数 白票:53, 红票:30, 水晶球:40
2024-11-14 12:11:06,892 - log - INFO - 进入主页面
2024-11-14 12:11:14,635 - log - INFO - 主页面跳转+调整时间完成
2024-11-14 12:11:25,728 - log - INFO - 开始普池第一抽
2024-11-14 12:11:47,595 - log - INFO - 普池第一抽颜色:BLUE
2024-11-14 12:11:47,595 - log - INFO - 普池进入第二抽
2024-11-14 12:11:53,610 - log - INFO - 普池第二抽颜色:GREEN
2024-11-14 12:11:53,610 - log - INFO - 普池第二抽绿色,重新开始
2024-11-14 12:11:53,610 - log - INFO - ================================时间符合:12:11
2024-11-14 12:11:53,610 - log - INFO - 当前库存数 白票:51, 红票:30, 水晶球:40
2024-11-14 12:12:05,388 - log - INFO - 进入主页面
2024-11-14 12:12:14,134 - log - INFO - 主页面跳转+调整时间完成
2024-11-14 12:12:34,803 - log - INFO - 开始普池第一抽
2024-11-14 12:12:55,364 - log - INFO - 普池第一抽颜色:GREEN
2024-11-14 12:12:55,364 - log - INFO - 普池第一抽绿色,重新开始
2024-11-14 12:12:55,366 - log - INFO - ================================时间符合:12:12
2024-11-14 12:12:55,366 - log - INFO - 当前库存数 白票:50, 红票:30, 水晶球:40
2024-11-14 12:13:06,972 - log - INFO - 进入主页面
