2024-11-22 00:23:42,878 - log - INFO - 开始全英雄定向金抽卡模式
2024-11-22 00:23:42,878 - log - INFO - 时间窗口期  小时：1-5 分钟: 58-3
2024-11-22 01:00:00,000 - log - INFO - ================================时间符合:1:0
2024-11-22 01:00:00,002 - log - INFO - 当前次数限制:60,当前已抽次数:0
2024-11-22 01:00:26,102 - log - INFO - 进入主页面失败,重新开始
2024-11-22 01:00:26,102 - log - INFO - ================================时间符合:1:0
2024-11-22 01:00:26,102 - log - INFO - 当前次数限制:60,当前已抽次数:0
2024-11-22 01:00:33,684 - log - INFO - 进入主页面
2024-11-22 01:00:43,885 - log - INFO - 主页面跳转+调整时间失败
2024-11-22 01:00:43,885 - log - INFO - ================================时间符合:1:0
2024-11-22 01:00:43,885 - log - INFO - 当前次数限制:60,当前已抽次数:0
2024-11-22 01:01:01,724 - log - INFO - 进入主页面
2024-11-22 01:01:12,150 - log - INFO - 主页面跳转+调整时间失败
2024-11-22 01:01:12,150 - log - INFO - ================================时间符合:1:1
2024-11-22 01:01:12,150 - log - INFO - 当前次数限制:60,当前已抽次数:0
2024-11-22 01:01:29,838 - log - INFO - 进入主页面
2024-11-22 01:01:40,261 - log - INFO - 主页面跳转+调整时间失败
2024-11-22 01:01:40,261 - log - INFO - ================================时间符合:1:1
2024-11-22 01:01:40,261 - log - INFO - 当前次数限制:60,当前已抽次数:0
2024-11-22 01:01:58,065 - log - INFO - 进入主页面
2024-11-22 01:02:08,229 - log - INFO - 主页面跳转+调整时间失败
2024-11-22 01:02:08,229 - log - INFO - ================================时间符合:1:2
2024-11-22 01:02:08,232 - log - INFO - 当前次数限制:60,当前已抽次数:0
2024-11-22 01:02:26,051 - log - INFO - 进入主页面
2024-11-22 01:02:36,399 - log - INFO - 主页面跳转+调整时间失败
2024-11-22 01:02:36,399 - log - INFO - ================================时间符合:1:2
2024-11-22 01:02:36,399 - log - INFO - 当前次数限制:60,当前已抽次数:0
2024-11-22 01:02:54,000 - log - INFO - 进入主页面
2024-11-22 01:03:04,191 - log - INFO - 主页面跳转+调整时间失败
2024-11-22 01:03:04,191 - log - INFO - ================================时间符合:1:3
2024-11-22 01:03:04,191 - log - INFO - 当前次数限制:60,当前已抽次数:0
2024-11-22 01:03:21,824 - log - INFO - 进入主页面
2024-11-22 01:03:32,106 - log - INFO - 主页面跳转+调整时间失败
2024-11-22 01:03:32,106 - log - INFO - ================================时间符合:1:3
2024-11-22 01:03:32,106 - log - INFO - 当前次数限制:60,当前已抽次数:0
2024-11-22 01:03:49,812 - log - INFO - 进入主页面
2024-11-22 01:03:59,982 - log - INFO - 主页面跳转+调整时间失败
2024-11-22 01:03:59,982 - log - INFO - ================================时间符合:1:3
2024-11-22 01:03:59,982 - log - INFO - 当前次数限制:60,当前已抽次数:0
2024-11-22 01:04:17,797 - log - INFO - 进入主页面
2024-11-22 01:04:28,074 - log - INFO - 主页面跳转+调整时间失败
2024-11-22 01:58:00,000 - log - INFO - ================================时间符合:1:58
2024-11-22 01:58:00,000 - log - INFO - 当前次数限制:60,当前已抽次数:0
2024-11-22 01:58:05,924 - log - INFO - 进入主页面
2024-11-22 01:58:15,464 - log - INFO - 主页面跳转+调整时间完成
2024-11-22 01:59:11,612 - log - INFO - 普池模式，调整心愿单失败，重新开始
2024-11-22 01:59:11,612 - log - INFO - ================================时间符合:1:59
2024-11-22 01:59:11,612 - log - INFO - 当前次数限制:60,当前已抽次数:0
2024-11-22 01:59:36,618 - log - INFO - 进入主页面
2024-11-22 01:59:47,460 - log - INFO - 主页面跳转+调整时间完成
2024-11-22 02:00:40,277 - log - INFO - 普池模式，调整心愿单失败，重新开始
2024-11-22 02:00:40,277 - log - INFO - ================================时间符合:2:0
2024-11-22 02:00:40,277 - log - INFO - 当前次数限制:60,当前已抽次数:0
2024-11-22 02:01:05,245 - log - INFO - 进入主页面
2024-11-22 02:01:15,439 - log - INFO - 主页面跳转+调整时间完成
2024-11-22 02:02:02,925 - log - INFO - 普池模式，调整心愿单失败，重新开始
2024-11-22 02:02:02,925 - log - INFO - ================================时间符合:2:2
2024-11-22 02:02:02,925 - log - INFO - 当前次数限制:60,当前已抽次数:0
2024-11-22 02:02:28,247 - log - INFO - 进入主页面
2024-11-22 02:02:38,796 - log - INFO - 主页面跳转+调整时间完成
2024-11-22 02:03:23,693 - log - INFO - 普池模式，调整心愿单失败，重新开始
2024-11-22 02:03:23,694 - log - INFO - ================================时间符合:2:3
2024-11-22 02:03:23,694 - log - INFO - 当前次数限制:60,当前已抽次数:0
2024-11-22 02:03:49,391 - log - INFO - 进入主页面
2024-11-22 02:03:59,582 - log - INFO - 主页面跳转+调整时间完成
2024-11-22 02:04:44,074 - log - INFO - 普池模式，调整心愿单失败，重新开始
2024-11-22 02:58:00,000 - log - INFO - ================================时间符合:2:58
2024-11-22 02:58:00,000 - log - INFO - 当前次数限制:60,当前已抽次数:0
2024-11-22 02:58:28,511 - log - INFO - 进入主页面
2024-11-22 02:58:54,942 - log - INFO - 主页面跳转+调整时间失败
2024-11-22 02:58:54,942 - log - INFO - ================================时间符合:2:58
2024-11-22 02:58:54,943 - log - INFO - 当前次数限制:60,当前已抽次数:0
2024-11-22 02:59:13,615 - log - INFO - 进入主页面
2024-11-22 02:59:38,261 - log - INFO - 主页面跳转+调整时间失败
2024-11-22 02:59:38,261 - log - INFO - ================================时间符合:2:59
2024-11-22 02:59:38,261 - log - INFO - 当前次数限制:60,当前已抽次数:0
2024-11-22 02:59:56,160 - log - INFO - 进入主页面
2024-11-22 03:00:25,952 - log - INFO - 主页面跳转+调整时间失败
2024-11-22 03:00:25,952 - log - INFO - ================================时间符合:3:0
2024-11-22 03:00:25,952 - log - INFO - 当前次数限制:60,当前已抽次数:0
2024-11-22 03:00:29,515 - log - INFO - 进入主页面
2024-11-22 03:00:56,902 - log - INFO - 主页面跳转+调整时间失败
2024-11-22 03:00:56,902 - log - INFO - ================================时间符合:3:0
2024-11-22 03:00:56,902 - log - INFO - 当前次数限制:60,当前已抽次数:0
2024-11-22 03:01:00,521 - log - INFO - 进入主页面
2024-11-22 03:01:28,816 - log - INFO - 主页面跳转+调整时间失败
2024-11-22 03:01:28,816 - log - INFO - ================================时间符合:3:1
2024-11-22 03:01:28,817 - log - INFO - 当前次数限制:60,当前已抽次数:0
2024-11-22 03:01:32,241 - log - INFO - 进入主页面
2024-11-22 03:01:57,628 - log - INFO - 主页面跳转+调整时间失败
2024-11-22 03:01:57,628 - log - INFO - ================================时间符合:3:1
2024-11-22 03:01:57,628 - log - INFO - 当前次数限制:60,当前已抽次数:0
2024-11-22 03:02:15,482 - log - INFO - 进入主页面
2024-11-22 03:02:45,747 - log - INFO - 主页面跳转+调整时间失败
2024-11-22 03:02:45,747 - log - INFO - ================================时间符合:3:2
2024-11-22 03:02:45,747 - log - INFO - 当前次数限制:60,当前已抽次数:0
2024-11-22 03:02:49,081 - log - INFO - 进入主页面
2024-11-22 03:03:19,399 - log - INFO - 主页面跳转+调整时间失败
2024-11-22 03:03:19,399 - log - INFO - ================================时间符合:3:3
2024-11-22 03:03:19,400 - log - INFO - 当前次数限制:60,当前已抽次数:0
2024-11-22 03:03:23,051 - log - INFO - 进入主页面
2024-11-22 03:03:53,153 - log - INFO - 主页面跳转+调整时间失败
2024-11-22 03:03:53,153 - log - INFO - ================================时间符合:3:3
2024-11-22 03:03:53,153 - log - INFO - 当前次数限制:60,当前已抽次数:0
2024-11-22 03:03:56,585 - log - INFO - 进入主页面
2024-11-22 03:04:24,650 - log - INFO - 主页面跳转+调整时间失败
2024-11-22 03:58:00,000 - log - INFO - ================================时间符合:3:58
2024-11-22 03:58:00,000 - log - INFO - 当前次数限制:60,当前已抽次数:0
2024-11-22 03:58:11,512 - log - INFO - 进入主页面
2024-11-22 03:58:37,792 - log - INFO - 主页面跳转+调整时间失败
2024-11-22 03:58:37,792 - log - INFO - ================================时间符合:3:58
2024-11-22 03:58:37,792 - log - INFO - 当前次数限制:60,当前已抽次数:0
2024-11-22 03:58:41,233 - log - INFO - 进入主页面
2024-11-22 03:59:08,917 - log - INFO - 主页面跳转+调整时间失败
2024-11-22 03:59:08,917 - log - INFO - ================================时间符合:3:59
2024-11-22 03:59:08,917 - log - INFO - 当前次数限制:60,当前已抽次数:0
2024-11-22 03:59:27,307 - log - INFO - 进入主页面
2024-11-22 03:59:54,463 - log - INFO - 主页面跳转+调整时间失败
2024-11-22 03:59:54,465 - log - INFO - ================================时间符合:3:59
2024-11-22 03:59:54,465 - log - INFO - 当前次数限制:60,当前已抽次数:0
2024-11-22 03:59:57,659 - log - INFO - 进入主页面
2024-11-22 04:00:27,103 - log - INFO - 主页面跳转+调整时间失败
2024-11-22 04:00:27,103 - log - INFO - ================================时间符合:4:0
2024-11-22 04:00:27,103 - log - INFO - 当前次数限制:60,当前已抽次数:0
2024-11-22 04:00:30,437 - log - INFO - 进入主页面
2024-11-22 04:00:58,800 - log - INFO - 主页面跳转+调整时间失败
2024-11-22 04:00:58,801 - log - INFO - ================================时间符合:4:0
2024-11-22 04:00:58,801 - log - INFO - 当前次数限制:60,当前已抽次数:0
2024-11-22 04:01:02,117 - log - INFO - 进入主页面
2024-11-22 04:01:31,896 - log - INFO - 主页面跳转+调整时间失败
2024-11-22 04:01:31,896 - log - INFO - ================================时间符合:4:1
2024-11-22 04:01:31,896 - log - INFO - 当前次数限制:60,当前已抽次数:0
2024-11-22 04:01:35,219 - log - INFO - 进入主页面
2024-11-22 04:02:04,668 - log - INFO - 主页面跳转+调整时间失败
2024-11-22 04:02:04,668 - log - INFO - ================================时间符合:4:2
2024-11-22 04:02:04,668 - log - INFO - 当前次数限制:60,当前已抽次数:0
2024-11-22 04:02:08,024 - log - INFO - 进入主页面
2024-11-22 04:02:37,684 - log - INFO - 主页面跳转+调整时间失败
2024-11-22 04:02:37,685 - log - INFO - ================================时间符合:4:2
2024-11-22 04:02:37,685 - log - INFO - 当前次数限制:60,当前已抽次数:0
2024-11-22 04:02:41,077 - log - INFO - 进入主页面
2024-11-22 04:03:11,306 - log - INFO - 主页面跳转+调整时间失败
2024-11-22 04:03:11,306 - log - INFO - ================================时间符合:4:3
2024-11-22 04:03:11,306 - log - INFO - 当前次数限制:60,当前已抽次数:0
2024-11-22 04:03:14,733 - log - INFO - 进入主页面
2024-11-22 04:03:44,794 - log - INFO - 主页面跳转+调整时间失败
2024-11-22 04:03:44,794 - log - INFO - ================================时间符合:4:3
2024-11-22 04:03:44,794 - log - INFO - 当前次数限制:60,当前已抽次数:0
2024-11-22 04:03:48,062 - log - INFO - 进入主页面
2024-11-22 04:04:18,433 - log - INFO - 主页面跳转+调整时间失败
2024-11-22 04:58:00,000 - log - INFO - ================================时间符合:4:58
2024-11-22 04:58:00,000 - log - INFO - 当前次数限制:60,当前已抽次数:0
2024-11-22 04:58:07,518 - log - INFO - 进入主页面
2024-11-22 04:58:34,188 - log - INFO - 主页面跳转+调整时间失败
2024-11-22 04:58:34,188 - log - INFO - ================================时间符合:4:58
2024-11-22 04:58:34,188 - log - INFO - 当前次数限制:60,当前已抽次数:0
2024-11-22 04:58:37,528 - log - INFO - 进入主页面
2024-11-22 04:59:07,361 - log - INFO - 主页面跳转+调整时间失败
2024-11-22 04:59:07,362 - log - INFO - ================================时间符合:4:59
2024-11-22 04:59:07,363 - log - INFO - 当前次数限制:60,当前已抽次数:0
2024-11-22 04:59:10,526 - log - INFO - 进入主页面
2024-11-22 04:59:40,798 - log - INFO - 主页面跳转+调整时间失败
2024-11-22 04:59:40,798 - log - INFO - ================================时间符合:4:59
2024-11-22 04:59:40,798 - log - INFO - 当前次数限制:60,当前已抽次数:0
2024-11-22 04:59:44,192 - log - INFO - 进入主页面
2024-11-22 05:00:14,139 - log - INFO - 主页面跳转+调整时间失败
2024-11-22 05:00:14,139 - log - INFO - ================================时间符合:5:0
2024-11-22 05:00:14,139 - log - INFO - 当前次数限制:60,当前已抽次数:0
2024-11-22 05:00:17,556 - log - INFO - 进入主页面
2024-11-22 05:00:47,584 - log - INFO - 主页面跳转+调整时间失败
2024-11-22 05:00:47,585 - log - INFO - ================================时间符合:5:0
2024-11-22 05:00:47,587 - log - INFO - 当前次数限制:60,当前已抽次数:0
2024-11-22 05:00:51,064 - log - INFO - 进入主页面
2024-11-22 05:01:21,253 - log - INFO - 主页面跳转+调整时间失败
2024-11-22 05:01:21,253 - log - INFO - ================================时间符合:5:1
2024-11-22 05:01:21,254 - log - INFO - 当前次数限制:60,当前已抽次数:0
2024-11-22 05:01:24,577 - log - INFO - 进入主页面
2024-11-22 05:01:52,905 - log - INFO - 主页面跳转+调整时间失败
2024-11-22 05:01:52,905 - log - INFO - ================================时间符合:5:1
2024-11-22 05:01:52,906 - log - INFO - 当前次数限制:60,当前已抽次数:0
2024-11-22 05:01:56,390 - log - INFO - 进入主页面
2024-11-22 05:02:26,461 - log - INFO - 主页面跳转+调整时间失败
2024-11-22 05:02:26,462 - log - INFO - ================================时间符合:5:2
2024-11-22 05:02:26,462 - log - INFO - 当前次数限制:60,当前已抽次数:0
2024-11-22 05:02:29,654 - log - INFO - 进入主页面
2024-11-22 05:02:57,948 - log - INFO - 主页面跳转+调整时间失败
2024-11-22 05:02:57,948 - log - INFO - ================================时间符合:5:2
2024-11-22 05:02:57,949 - log - INFO - 当前次数限制:60,当前已抽次数:0
2024-11-22 05:03:01,398 - log - INFO - 进入主页面
2024-11-22 05:03:29,516 - log - INFO - 主页面跳转+调整时间失败
2024-11-22 05:03:29,516 - log - INFO - ================================时间符合:5:3
2024-11-22 05:03:29,517 - log - INFO - 当前次数限制:60,当前已抽次数:0
2024-11-22 05:03:32,990 - log - INFO - 进入主页面
2024-11-22 05:04:03,077 - log - INFO - 主页面跳转+调整时间失败
2024-11-22 05:58:00,000 - log - INFO - ================================时间符合:5:58
2024-11-22 05:58:00,000 - log - INFO - 当前次数限制:60,当前已抽次数:0
2024-11-22 05:58:03,823 - log - INFO - 进入主页面
2024-11-22 05:58:33,646 - log - INFO - 主页面跳转+调整时间失败
2024-11-22 05:58:33,646 - log - INFO - ================================时间符合:5:58
2024-11-22 05:58:33,646 - log - INFO - 当前次数限制:60,当前已抽次数:0
2024-11-22 05:58:36,987 - log - INFO - 进入主页面
2024-11-22 05:59:06,901 - log - INFO - 主页面跳转+调整时间失败
2024-11-22 05:59:06,902 - log - INFO - ================================时间符合:5:59
2024-11-22 05:59:06,902 - log - INFO - 当前次数限制:60,当前已抽次数:0
2024-11-22 05:59:10,298 - log - INFO - 进入主页面
2024-11-22 05:59:40,040 - log - INFO - 主页面跳转+调整时间失败
2024-11-22 05:59:40,041 - log - INFO - ================================时间符合:5:59
2024-11-22 05:59:40,041 - log - INFO - 当前次数限制:60,当前已抽次数:0
2024-11-22 05:59:43,322 - log - INFO - 进入主页面
2024-11-22 06:00:13,228 - log - INFO - 主页面跳转+调整时间失败
