2024-11-21 17:21:02,004 - log - INFO - 开始神魔抽卡模式
2024-11-21 17:21:02,012 - log - INFO - 时间窗口期  小时：2-50 分钟: 1-300
2024-11-21 17:21:02,013 - log - INFO - ================================时间符合:17:21
2024-11-21 17:21:02,013 - log - INFO - 当前库存数 白票:60, 红票:30, 水晶球:40
2024-11-21 17:21:05,696 - log - INFO - 进入主页面
2024-11-21 17:21:16,379 - log - INFO - 主页面跳转+调整时间完成
2024-11-21 17:21:34,403 - log - INFO - 开始普池第一抽
2024-11-21 17:22:10,714 - log - INFO - 普池第一抽颜色:BLUE
2024-11-21 17:22:10,714 - log - INFO - 普池进入第二抽
2024-11-21 17:22:10,715 - log - INFO - 开始普池第二抽
2024-11-21 17:22:46,302 - log - INFO - 普池第二抽颜色:BLUE
2024-11-21 17:22:46,303 - log - INFO - 进入史诗页面
2024-11-21 17:22:53,977 - log - INFO - 开始史诗第一抽
2024-11-21 17:23:06,571 - log - INFO - 史诗第一抽颜色:GREEN
2024-11-21 17:23:06,571 - log - INFO - 史诗第一抽绿色,重新开始
2024-11-21 17:23:06,571 - log - INFO - ================================时间符合:17:23
2024-11-21 17:23:06,571 - log - INFO - 当前库存数 白票:58, 红票:29, 水晶球:40
2024-11-21 17:23:18,780 - log - INFO - 进入主页面
2024-11-21 17:23:32,338 - log - INFO - 主页面跳转+调整时间完成
2024-11-21 17:23:47,873 - log - INFO - 开始普池第一抽
2024-11-21 17:24:18,444 - log - INFO - 普池第一抽颜色:GREEN
2024-11-21 17:24:18,444 - log - INFO - 普池第一抽绿色,重新开始
2024-11-21 17:24:18,444 - log - INFO - ================================时间符合:17:24
2024-11-21 17:24:18,445 - log - INFO - 当前库存数 白票:57, 红票:29, 水晶球:40
2024-11-21 17:24:30,740 - log - INFO - 进入主页面
2024-11-21 17:24:41,506 - log - INFO - 主页面跳转+调整时间完成
2024-11-21 17:24:59,465 - log - INFO - 开始普池第一抽
2024-11-21 17:25:36,331 - log - INFO - 普池第一抽颜色:PURPLE
2024-11-21 17:25:36,331 - log - INFO - 普池进入第二抽
2024-11-21 17:25:36,331 - log - INFO - 开始普池第二抽
2024-11-21 17:26:14,340 - log - INFO - 普池第二抽颜色:GREEN
2024-11-21 17:26:14,340 - log - INFO - 普池第二抽绿色,重新开始
2024-11-21 17:26:14,340 - log - INFO - ================================时间符合:17:26
2024-11-21 17:26:14,340 - log - INFO - 当前库存数 白票:55, 红票:29, 水晶球:40
2024-11-21 17:26:30,520 - log - INFO - 进入主页面
2024-11-21 17:26:40,641 - log - INFO - 主页面跳转+调整时间完成
2024-11-21 17:26:52,742 - log - INFO - 开始普池第一抽
2024-11-21 17:27:58,488 - log - INFO - 普池第一抽失败，重新开始
2024-11-21 17:27:58,488 - log - INFO - ================================时间符合:17:27
2024-11-21 17:27:58,488 - log - INFO - 当前库存数 白票:55, 红票:29, 水晶球:40
2024-11-21 17:28:22,660 - log - INFO - 进入主页面失败,重新开始
2024-11-21 17:28:22,660 - log - INFO - ================================时间符合:17:28
2024-11-21 17:28:22,660 - log - INFO - 当前库存数 白票:55, 红票:29, 水晶球:40
2024-11-21 17:28:46,605 - log - INFO - 进入主页面失败,重新开始
2024-11-21 17:28:46,605 - log - INFO - 抽卡统计:
2024-11-21 17:28:46,606 - log - INFO - 总金卡概率:0/6=0.00
2024-11-21 17:28:46,606 - log - INFO - 总紫卡概率:1/6=0.17
2024-11-21 17:28:46,606 - log - INFO - 全英雄卡池金卡概率:0/5=0.00
2024-11-21 17:28:46,606 - log - INFO - 全英雄卡池紫卡概率:1/5=0.20
2024-11-21 17:28:46,606 - log - INFO - 史诗卡池金卡概率:0/1=0.00
2024-11-21 17:28:46,606 - log - INFO - 史诗卡池紫卡概率:0/1=0.00
