2024-11-15 00:46:44,797 - log - INFO - 开始神魔抽卡模式
2024-11-15 00:46:44,806 - log - INFO - 时间窗口期  小时：2-5 分钟: 58-3
2024-11-15 02:00:00,574 - log - INFO - ================================时间符合:2:0
2024-11-15 02:00:00,578 - log - INFO - 当前库存数 白票:94, 红票:23, 水晶球:51
2024-11-15 02:00:07,854 - log - INFO - 进入主页面
2024-11-15 02:00:17,609 - log - INFO - 主页面跳转+调整时间完成
2024-11-15 02:00:29,756 - log - INFO - 开始普池第一抽
2024-11-15 02:00:41,476 - log - INFO - 普池第一抽颜色:GREEN
2024-11-15 02:00:41,477 - log - INFO - 普池第一抽绿色,重新开始
2024-11-15 02:00:41,477 - log - INFO - ================================时间符合:2:0
2024-11-15 02:00:41,477 - log - INFO - 当前库存数 白票:93, 红票:23, 水晶球:51
2024-11-15 02:00:55,669 - log - INFO - 进入主页面
2024-11-15 02:01:04,787 - log - INFO - 主页面跳转+调整时间完成
2024-11-15 02:01:16,543 - log - INFO - 开始普池第一抽
2024-11-15 02:01:28,466 - log - INFO - 普池第一抽颜色:GREEN
2024-11-15 02:01:28,467 - log - INFO - 普池第一抽绿色,重新开始
2024-11-15 02:01:28,467 - log - INFO - ================================时间符合:2:1
2024-11-15 02:01:28,467 - log - INFO - 当前库存数 白票:92, 红票:23, 水晶球:51
2024-11-15 02:01:42,526 - log - INFO - 进入主页面
2024-11-15 02:01:51,179 - log - INFO - 主页面跳转+调整时间完成
2024-11-15 02:02:02,938 - log - INFO - 开始普池第一抽
2024-11-15 02:02:14,838 - log - INFO - 普池第一抽颜色:GREEN
2024-11-15 02:02:14,838 - log - INFO - 普池第一抽绿色,重新开始
2024-11-15 02:02:14,838 - log - INFO - ================================时间符合:2:2
2024-11-15 02:02:14,838 - log - INFO - 当前库存数 白票:91, 红票:23, 水晶球:51
2024-11-15 02:02:29,048 - log - INFO - 进入主页面
2024-11-15 02:02:37,148 - log - INFO - 主页面跳转+调整时间完成
2024-11-15 02:02:49,098 - log - INFO - 开始普池第一抽
2024-11-15 02:03:00,840 - log - INFO - 普池第一抽颜色:GREEN
2024-11-15 02:03:00,840 - log - INFO - 普池第一抽绿色,重新开始
2024-11-15 02:03:00,840 - log - INFO - ================================时间符合:2:3
2024-11-15 02:03:00,840 - log - INFO - 当前库存数 白票:90, 红票:23, 水晶球:51
2024-11-15 02:03:15,045 - log - INFO - 进入主页面
2024-11-15 02:03:18,886 - log - INFO - 主页面跳转+调整时间完成
2024-11-15 02:03:46,477 - log - INFO - 开始普池第一抽
2024-11-15 02:03:58,325 - log - INFO - 普池第一抽颜色:BLUE
2024-11-15 02:03:58,325 - log - INFO - 普池进入第二抽
2024-11-15 02:04:04,686 - log - INFO - 普池第二抽颜色:GREEN
2024-11-15 02:04:04,686 - log - INFO - 普池第二抽绿色,重新开始
2024-11-15 02:58:00,993 - log - INFO - ================================时间符合:2:58
2024-11-15 02:58:00,993 - log - INFO - 当前库存数 白票:88, 红票:23, 水晶球:51
2024-11-15 02:58:18,199 - log - INFO - 进入主页面
2024-11-15 02:58:28,084 - log - INFO - 主页面跳转+调整时间完成
2024-11-15 02:58:40,015 - log - INFO - 开始普池第一抽
2024-11-15 02:58:51,761 - log - INFO - 普池第一抽颜色:GREEN
2024-11-15 02:58:51,761 - log - INFO - 普池第一抽绿色,重新开始
2024-11-15 02:58:51,763 - log - INFO - ================================时间符合:2:58
2024-11-15 02:58:51,763 - log - INFO - 当前库存数 白票:87, 红票:23, 水晶球:51
2024-11-15 02:59:05,974 - log - INFO - 进入主页面
2024-11-15 02:59:15,266 - log - INFO - 主页面跳转+调整时间完成
2024-11-15 02:59:27,229 - log - INFO - 开始普池第一抽
2024-11-15 02:59:38,964 - log - INFO - 普池第一抽颜色:GREEN
2024-11-15 02:59:38,964 - log - INFO - 普池第一抽绿色,重新开始
2024-11-15 02:59:38,964 - log - INFO - ================================时间符合:2:59
2024-11-15 02:59:38,964 - log - INFO - 当前库存数 白票:86, 红票:23, 水晶球:51
2024-11-15 02:59:53,167 - log - INFO - 进入主页面
2024-11-15 03:00:01,654 - log - INFO - 主页面跳转+调整时间完成
2024-11-15 03:00:13,646 - log - INFO - 开始普池第一抽
2024-11-15 03:00:25,655 - log - INFO - 普池第一抽颜色:PURPLE
2024-11-15 03:00:25,655 - log - INFO - 普池进入第二抽
2024-11-15 03:00:32,396 - log - INFO - 普池第二抽颜色:GREEN
2024-11-15 03:00:32,396 - log - INFO - 普池第二抽绿色,重新开始
2024-11-15 03:00:32,396 - log - INFO - ================================时间符合:3:0
2024-11-15 03:00:32,396 - log - INFO - 当前库存数 白票:84, 红票:23, 水晶球:51
2024-11-15 03:00:46,941 - log - INFO - 进入主页面
2024-11-15 03:00:55,031 - log - INFO - 主页面跳转+调整时间完成
2024-11-15 03:01:06,973 - log - INFO - 开始普池第一抽
2024-11-15 03:01:18,915 - log - INFO - 普池第一抽颜色:GREEN
2024-11-15 03:01:18,916 - log - INFO - 普池第一抽绿色,重新开始
2024-11-15 03:01:18,916 - log - INFO - ================================时间符合:3:1
2024-11-15 03:01:18,916 - log - INFO - 当前库存数 白票:83, 红票:23, 水晶球:51
2024-11-15 03:01:33,126 - log - INFO - 进入主页面
2024-11-15 03:01:43,035 - log - INFO - 主页面跳转+调整时间完成
2024-11-15 03:01:55,174 - log - INFO - 开始普池第一抽
2024-11-15 03:02:06,900 - log - INFO - 普池第一抽颜色:GREEN
2024-11-15 03:02:06,901 - log - INFO - 普池第一抽绿色,重新开始
2024-11-15 03:02:06,901 - log - INFO - 十次没有进入史诗，暂停
2024-11-15 03:58:00,200 - log - INFO - ================================时间符合:3:58
2024-11-15 03:58:00,200 - log - INFO - 当前库存数 白票:82, 红票:23, 水晶球:51
2024-11-15 03:58:26,497 - log - INFO - 进入主页面失败,重新开始
2024-11-15 03:58:26,497 - log - INFO - ================================时间符合:3:58
2024-11-15 03:58:26,497 - log - INFO - 当前库存数 白票:82, 红票:23, 水晶球:51
2024-11-15 03:59:07,250 - log - INFO - 进入主页面
2024-11-15 03:59:15,922 - log - INFO - 主页面跳转+调整时间完成
2024-11-15 03:59:27,855 - log - INFO - 开始普池第一抽
2024-11-15 03:59:39,557 - log - INFO - 普池第一抽颜色:GREEN
2024-11-15 03:59:39,557 - log - INFO - 普池第一抽绿色,重新开始
2024-11-15 03:59:39,558 - log - INFO - ================================时间符合:3:59
2024-11-15 03:59:39,558 - log - INFO - 当前库存数 白票:81, 红票:23, 水晶球:51
2024-11-15 03:59:53,797 - log - INFO - 进入主页面
2024-11-15 04:00:01,906 - log - INFO - 主页面跳转+调整时间完成
2024-11-15 04:00:13,858 - log - INFO - 开始普池第一抽
2024-11-15 04:00:25,572 - log - INFO - 普池第一抽颜色:GREEN
2024-11-15 04:00:25,572 - log - INFO - 普池第一抽绿色,重新开始
2024-11-15 04:00:25,572 - log - INFO - ================================时间符合:4:0
2024-11-15 04:00:25,572 - log - INFO - 当前库存数 白票:80, 红票:23, 水晶球:51
2024-11-15 04:00:39,778 - log - INFO - 进入主页面
2024-11-15 04:00:49,487 - log - INFO - 主页面跳转+调整时间完成
2024-11-15 04:01:01,436 - log - INFO - 开始普池第一抽
2024-11-15 04:01:13,166 - log - INFO - 普池第一抽颜色:GREEN
2024-11-15 04:01:13,166 - log - INFO - 普池第一抽绿色,重新开始
2024-11-15 04:01:13,166 - log - INFO - ================================时间符合:4:1
2024-11-15 04:01:13,167 - log - INFO - 当前库存数 白票:79, 红票:23, 水晶球:51
2024-11-15 04:01:27,385 - log - INFO - 进入主页面
2024-11-15 04:01:36,678 - log - INFO - 主页面跳转+调整时间完成
2024-11-15 04:01:48,632 - log - INFO - 开始普池第一抽
2024-11-15 04:02:00,432 - log - INFO - 普池第一抽颜色:GREEN
2024-11-15 04:02:00,433 - log - INFO - 普池第一抽绿色,重新开始
2024-11-15 04:02:00,433 - log - INFO - ================================时间符合:4:2
2024-11-15 04:02:00,433 - log - INFO - 当前库存数 白票:78, 红票:23, 水晶球:51
2024-11-15 04:02:14,575 - log - INFO - 进入主页面
2024-11-15 04:02:23,257 - log - INFO - 主页面跳转+调整时间完成
2024-11-15 04:02:35,222 - log - INFO - 开始普池第一抽
2024-11-15 04:02:47,199 - log - INFO - 普池第一抽颜色:PURPLE
2024-11-15 04:02:47,199 - log - INFO - 普池进入第二抽
2024-11-15 04:02:53,479 - log - INFO - 普池第二抽颜色:GREEN
2024-11-15 04:02:53,480 - log - INFO - 普池第二抽绿色,重新开始
2024-11-15 04:02:53,480 - log - INFO - ================================时间符合:4:2
2024-11-15 04:02:53,480 - log - INFO - 当前库存数 白票:76, 红票:23, 水晶球:51
2024-11-15 04:03:07,921 - log - INFO - 进入主页面
2024-11-15 04:03:16,026 - log - INFO - 主页面跳转+调整时间完成
2024-11-15 04:03:27,798 - log - INFO - 开始普池第一抽
2024-11-15 04:03:39,780 - log - INFO - 普池第一抽颜色:PURPLE
2024-11-15 04:03:39,780 - log - INFO - 普池进入第二抽
2024-11-15 04:03:46,069 - log - INFO - 普池第二抽颜色:GREEN
2024-11-15 04:03:46,069 - log - INFO - 普池第二抽绿色,重新开始
2024-11-15 04:03:46,070 - log - INFO - ================================时间符合:4:3
2024-11-15 04:03:46,070 - log - INFO - 当前库存数 白票:74, 红票:23, 水晶球:51
2024-11-15 04:04:00,319 - log - INFO - 进入主页面
2024-11-15 04:04:10,030 - log - INFO - 主页面跳转+调整时间完成
2024-11-15 04:04:21,981 - log - INFO - 开始普池第一抽
2024-11-15 04:04:33,669 - log - INFO - 普池第一抽颜色:BLUE
2024-11-15 04:04:33,670 - log - INFO - 普池进入第二抽
2024-11-15 04:04:40,470 - log - INFO - 普池第二抽颜色:GOLD
2024-11-15 04:04:40,470 - log - INFO - 进入史诗页面
2024-11-15 04:04:50,112 - log - INFO - 开始史诗第一抽
2024-11-15 04:05:01,891 - log - INFO - 史诗第一抽颜色:GREEN
2024-11-15 04:05:01,892 - log - INFO - 史诗第一抽绿色,重新开始
2024-11-15 04:58:00,215 - log - INFO - ================================时间符合:4:58
2024-11-15 04:58:00,215 - log - INFO - 当前库存数 白票:72, 红票:22, 水晶球:51
2024-11-15 04:58:20,898 - log - INFO - 进入主页面
2024-11-15 04:58:30,167 - log - INFO - 主页面跳转+调整时间完成
2024-11-15 04:58:41,940 - log - INFO - 开始普池第一抽
2024-11-15 04:58:53,671 - log - INFO - 普池第一抽颜色:GREEN
2024-11-15 04:58:53,671 - log - INFO - 普池第一抽绿色,重新开始
2024-11-15 04:58:53,671 - log - INFO - ================================时间符合:4:58
2024-11-15 04:58:53,671 - log - INFO - 当前库存数 白票:71, 红票:22, 水晶球:51
2024-11-15 04:59:07,909 - log - INFO - 进入主页面
2024-11-15 04:59:16,761 - log - INFO - 主页面跳转+调整时间完成
2024-11-15 04:59:28,713 - log - INFO - 开始普池第一抽
2024-11-15 04:59:40,423 - log - INFO - 普池第一抽颜色:GREEN
2024-11-15 04:59:40,423 - log - INFO - 普池第一抽绿色,重新开始
2024-11-15 04:59:40,423 - log - INFO - ================================时间符合:4:59
2024-11-15 04:59:40,423 - log - INFO - 当前库存数 白票:70, 红票:22, 水晶球:51
2024-11-15 04:59:54,679 - log - INFO - 进入主页面
2024-11-15 05:00:02,758 - log - INFO - 主页面跳转+调整时间完成
2024-11-15 05:00:14,544 - log - INFO - 开始普池第一抽
2024-11-15 05:00:26,351 - log - INFO - 普池第一抽颜色:GREEN
2024-11-15 05:00:26,351 - log - INFO - 普池第一抽绿色,重新开始
2024-11-15 05:00:26,351 - log - INFO - ================================时间符合:5:0
2024-11-15 05:00:26,352 - log - INFO - 当前库存数 白票:69, 红票:22, 水晶球:51
2024-11-15 05:00:40,629 - log - INFO - 进入主页面
2024-11-15 05:00:50,531 - log - INFO - 主页面跳转+调整时间完成
2024-11-15 05:01:02,694 - log - INFO - 开始普池第一抽
2024-11-15 05:01:14,575 - log - INFO - 普池第一抽颜色:BLUE
2024-11-15 05:01:14,578 - log - INFO - 普池进入第二抽
2024-11-15 05:01:21,059 - log - INFO - 普池第二抽颜色:GREEN
2024-11-15 05:01:21,059 - log - INFO - 普池第二抽绿色,重新开始
2024-11-15 05:01:21,059 - log - INFO - ================================时间符合:5:1
2024-11-15 05:01:21,059 - log - INFO - 当前库存数 白票:67, 红票:22, 水晶球:51
2024-11-15 05:01:35,251 - log - INFO - 进入主页面
2024-11-15 05:01:44,519 - log - INFO - 主页面跳转+调整时间完成
2024-11-15 05:01:56,674 - log - INFO - 开始普池第一抽
2024-11-15 05:02:08,660 - log - INFO - 普池第一抽颜色:PURPLE
2024-11-15 05:02:08,661 - log - INFO - 普池进入第二抽
