2024-11-14 17:31:30,545 - log - INFO - 开始神魔抽卡模式
2024-11-14 17:31:30,552 - log - INFO - 时间窗口期  小时：2-50 分钟: 1-300
2024-11-14 17:31:30,552 - log - INFO - ================================时间符合:17:31
2024-11-14 17:31:30,553 - log - INFO - 当前库存数 白票:60, 红票:30, 水晶球:40
2024-11-14 17:31:43,716 - log - INFO - 进入主页面
2024-11-14 17:31:53,328 - log - INFO - 主页面跳转+调整时间完成
2024-11-14 17:32:05,321 - log - INFO - 开始普池第一抽
2024-11-14 17:32:30,215 - log - INFO - 普池第一抽颜色:GREEN
2024-11-14 17:32:30,215 - log - INFO - 普池第一抽绿色,重新开始
2024-11-14 17:32:30,215 - log - INFO - ================================时间符合:17:32
2024-11-14 17:32:30,215 - log - INFO - 当前库存数 白票:59, 红票:30, 水晶球:40
2024-11-14 17:32:44,320 - log - INFO - 进入主页面
2024-11-14 17:32:49,616 - log - INFO - 主页面跳转+调整时间完成
2024-11-14 17:33:27,683 - log - INFO - 开始普池第一抽
2024-11-14 17:33:52,498 - log - INFO - 普池第一抽颜色:GREEN
2024-11-14 17:33:52,498 - log - INFO - 普池第一抽绿色,重新开始
2024-11-14 17:33:52,498 - log - INFO - ================================时间符合:17:33
2024-11-14 17:33:52,498 - log - INFO - 当前库存数 白票:58, 红票:30, 水晶球:40
2024-11-14 17:34:06,679 - log - INFO - 进入主页面
2024-11-14 17:34:10,593 - log - INFO - 主页面跳转+调整时间完成
2024-11-14 17:34:35,677 - log - INFO - 开始普池第一抽
2024-11-14 17:35:00,550 - log - INFO - 普池第一抽颜色:BLUE
2024-11-14 17:35:00,550 - log - INFO - 普池进入第二抽
2024-11-14 17:35:06,788 - log - INFO - 普池第二抽颜色:PURPLE
2024-11-14 17:35:06,788 - log - INFO - 进入史诗页面
2024-11-14 17:35:16,390 - log - INFO - 开始史诗第一抽
2024-11-14 17:35:30,191 - log - INFO - 史诗第一抽颜色:GOLD
2024-11-14 17:35:30,191 - log - INFO - ,神魔模式：史诗第一抽金色,去神魔界面
2024-11-14 17:35:42,240 - log - INFO - 开始神魔十连
2024-11-14 17:35:47,609 - log - INFO - 截图保存
