2024-11-23 00:07:18,837 - log - INFO - 开始全英雄定向金抽卡模式
2024-11-23 00:07:18,837 - log - INFO - 时间窗口期  小时：1-5 分钟: 58-3
2024-11-23 01:00:00,000 - log - INFO - ================================时间符合:1:0
2024-11-23 01:00:00,000 - log - INFO - 当前次数限制:60,当前已抽次数:0
2024-11-23 01:00:35,354 - log - INFO - 进入主页面失败,重新开始
2024-11-23 01:00:35,354 - log - INFO - ================================时间符合:1:0
2024-11-23 01:00:35,354 - log - INFO - 当前次数限制:60,当前已抽次数:0
2024-11-23 01:01:09,615 - log - INFO - 进入主页面失败,重新开始
2024-11-23 01:01:09,616 - log - INFO - ================================时间符合:1:1
2024-11-23 01:01:09,616 - log - INFO - 当前次数限制:60,当前已抽次数:0
2024-11-23 01:01:25,951 - log - INFO - 进入主页面
2024-11-23 01:01:41,218 - log - INFO - 主页面跳转+调整时间完成
2024-11-23 01:02:36,969 - log - INFO - 普池模式，调整心愿单失败，重新开始
2024-11-23 01:02:36,969 - log - INFO - ================================时间符合:1:2
2024-11-23 01:02:36,969 - log - INFO - 当前次数限制:60,当前已抽次数:0
2024-11-23 01:03:09,905 - log - INFO - 进入主页面
2024-11-23 01:03:23,661 - log - INFO - 主页面跳转+调整时间完成
2024-11-23 01:04:08,352 - log - INFO - 普池模式，调整心愿单失败，重新开始
2024-11-23 01:58:00,000 - log - INFO - ================================时间符合:1:58
2024-11-23 01:58:00,000 - log - INFO - 当前次数限制:60,当前已抽次数:0
2024-11-23 01:58:41,432 - log - INFO - 进入主页面
2024-11-23 01:58:51,939 - log - INFO - 主页面跳转+调整时间完成
2024-11-23 01:59:42,188 - log - INFO - 普池模式，调整心愿单失败，重新开始
2024-11-23 01:59:42,188 - log - INFO - ================================时间符合:1:59
2024-11-23 01:59:42,188 - log - INFO - 当前次数限制:60,当前已抽次数:0
2024-11-23 02:00:15,215 - log - INFO - 进入主页面
2024-11-23 02:00:30,232 - log - INFO - 主页面跳转+调整时间完成
2024-11-23 02:01:11,557 - log - INFO - 普池模式，调整心愿单失败，重新开始
2024-11-23 02:01:11,557 - log - INFO - ================================时间符合:2:1
2024-11-23 02:01:11,557 - log - INFO - 当前次数限制:60,当前已抽次数:0
2024-11-23 02:01:44,992 - log - INFO - 进入主页面
2024-11-23 02:01:59,764 - log - INFO - 主页面跳转+调整时间完成
2024-11-23 02:02:47,272 - log - INFO - 普池模式，调整心愿单失败，重新开始
2024-11-23 02:02:47,272 - log - INFO - ================================时间符合:2:2
2024-11-23 02:02:47,272 - log - INFO - 当前次数限制:60,当前已抽次数:0
2024-11-23 02:03:20,392 - log - INFO - 进入主页面
2024-11-23 02:03:31,010 - log - INFO - 主页面跳转+调整时间完成
2024-11-23 02:04:19,286 - log - INFO - 普池模式，调整心愿单失败，重新开始
2024-11-23 02:58:00,000 - log - INFO - ================================时间符合:2:58
2024-11-23 02:58:00,000 - log - INFO - 当前次数限制:60,当前已抽次数:0
2024-11-23 02:58:58,307 - log - INFO - 进入主页面
2024-11-23 02:59:20,738 - log - INFO - 主页面跳转+调整时间失败
2024-11-23 02:59:20,738 - log - INFO - ================================时间符合:2:59
2024-11-23 02:59:20,738 - log - INFO - 当前次数限制:60,当前已抽次数:0
2024-11-23 02:59:44,693 - log - INFO - 进入主页面
2024-11-23 02:59:55,330 - log - INFO - 主页面跳转+调整时间完成
2024-11-23 03:00:42,116 - log - INFO - 普池模式，调整心愿单失败，重新开始
2024-11-23 03:00:42,116 - log - INFO - ================================时间符合:3:0
2024-11-23 03:00:42,116 - log - INFO - 当前次数限制:60,当前已抽次数:0
2024-11-23 03:01:17,877 - log - INFO - 进入主页面
2024-11-23 03:01:42,272 - log - INFO - 主页面跳转+调整时间完成
2024-11-23 03:02:29,303 - log - INFO - 普池模式，调整心愿单失败，重新开始
2024-11-23 03:02:29,303 - log - INFO - ================================时间符合:3:2
2024-11-23 03:02:29,303 - log - INFO - 当前次数限制:60,当前已抽次数:0
2024-11-23 03:03:02,366 - log - INFO - 进入主页面
2024-11-23 03:03:12,638 - log - INFO - 主页面跳转+调整时间完成
2024-11-23 03:03:53,291 - log - INFO - 普池模式，调整心愿单失败，重新开始
2024-11-23 03:03:53,291 - log - INFO - ================================时间符合:3:3
2024-11-23 03:03:53,291 - log - INFO - 当前次数限制:60,当前已抽次数:0
2024-11-23 03:04:26,367 - log - INFO - 进入主页面
2024-11-23 03:04:36,842 - log - INFO - 主页面跳转+调整时间完成
2024-11-23 03:05:24,247 - log - INFO - 普池模式，调整心愿单失败，重新开始
2024-11-23 03:58:00,000 - log - INFO - ================================时间符合:3:58
2024-11-23 03:58:00,000 - log - INFO - 当前次数限制:60,当前已抽次数:0
2024-11-23 03:58:41,158 - log - INFO - 进入主页面
2024-11-23 03:59:01,023 - log - INFO - 主页面跳转+调整时间完成
2024-11-23 03:59:42,494 - log - INFO - 普池模式，调整心愿单失败，重新开始
2024-11-23 03:59:42,494 - log - INFO - ================================时间符合:3:59
2024-11-23 03:59:42,494 - log - INFO - 当前次数限制:60,当前已抽次数:0
2024-11-23 04:00:15,750 - log - INFO - 进入主页面
2024-11-23 04:00:29,474 - log - INFO - 主页面跳转+调整时间完成
2024-11-23 04:01:13,842 - log - INFO - 普池模式，调整心愿单失败，重新开始
2024-11-23 04:01:13,842 - log - INFO - ================================时间符合:4:1
2024-11-23 04:01:13,842 - log - INFO - 当前次数限制:60,当前已抽次数:0
2024-11-23 04:01:47,287 - log - INFO - 进入主页面
2024-11-23 04:02:08,327 - log - INFO - 主页面跳转+调整时间完成
2024-11-23 04:02:57,009 - log - INFO - 普池模式，调整心愿单失败，重新开始
2024-11-23 04:02:57,009 - log - INFO - ================================时间符合:4:2
2024-11-23 04:02:57,009 - log - INFO - 当前次数限制:60,当前已抽次数:0
2024-11-23 04:03:30,112 - log - INFO - 进入主页面
2024-11-23 04:03:41,042 - log - INFO - 主页面跳转+调整时间完成
2024-11-23 04:04:21,925 - log - INFO - 普池模式，调整心愿单失败，重新开始
2024-11-23 04:58:00,000 - log - INFO - ================================时间符合:4:58
2024-11-23 04:58:00,001 - log - INFO - 当前次数限制:60,当前已抽次数:0
2024-11-23 04:58:35,975 - log - INFO - 进入主页面
2024-11-23 04:58:50,872 - log - INFO - 主页面跳转+调整时间完成
2024-11-23 04:59:32,145 - log - INFO - 普池模式，调整心愿单失败，重新开始
2024-11-23 04:59:32,145 - log - INFO - ================================时间符合:4:59
2024-11-23 04:59:32,145 - log - INFO - 当前次数限制:60,当前已抽次数:0
2024-11-23 05:00:05,706 - log - INFO - 进入主页面
2024-11-23 05:00:21,124 - log - INFO - 主页面跳转+调整时间完成
2024-11-23 05:01:11,007 - log - INFO - 普池模式，调整心愿单失败，重新开始
2024-11-23 05:01:11,007 - log - INFO - ================================时间符合:5:1
2024-11-23 05:01:11,007 - log - INFO - 当前次数限制:60,当前已抽次数:0
2024-11-23 05:01:47,132 - log - INFO - 进入主页面
2024-11-23 05:02:01,902 - log - INFO - 主页面跳转+调整时间完成
2024-11-23 05:02:42,943 - log - INFO - 普池模式，调整心愿单失败，重新开始
2024-11-23 05:02:42,943 - log - INFO - ================================时间符合:5:2
2024-11-23 05:02:42,943 - log - INFO - 当前次数限制:60,当前已抽次数:0
2024-11-23 05:03:16,541 - log - INFO - 进入主页面
2024-11-23 05:03:27,347 - log - INFO - 主页面跳转+调整时间完成
2024-11-23 05:04:17,350 - log - INFO - 普池模式，调整心愿单失败，重新开始
2024-11-23 05:58:00,000 - log - INFO - ================================时间符合:5:58
2024-11-23 05:58:00,002 - log - INFO - 当前次数限制:60,当前已抽次数:0
2024-11-23 05:58:38,818 - log - INFO - 进入主页面
2024-11-23 05:58:49,497 - log - INFO - 主页面跳转+调整时间完成
2024-11-23 05:59:30,786 - log - INFO - 普池模式，调整心愿单失败，重新开始
2024-11-23 05:59:30,786 - log - INFO - ================================时间符合:5:59
2024-11-23 05:59:30,786 - log - INFO - 当前次数限制:60,当前已抽次数:0
2024-11-23 06:00:06,811 - log - INFO - 进入主页面
2024-11-23 06:00:17,287 - log - INFO - 主页面跳转+调整时间完成
2024-11-23 06:01:06,881 - log - INFO - 普池模式，调整心愿单失败，重新开始
