2024-11-26 03:06:47,402 - log - INFO - 开始全英雄定向金抽卡模式
2024-11-26 03:06:47,402 - log - INFO - 时间窗口期  小时：1-7 分钟: 58-3
2024-11-26 03:58:00,000 - log - INFO - ================================时间符合:3:58
2024-11-26 03:58:00,000 - log - INFO - 当前次数限制:60,当前已抽次数:0
2024-11-26 03:58:14,193 - log - INFO - 进入主页面
2024-11-26 03:58:25,159 - log - INFO - 主页面跳转+调整时间完成
2024-11-26 03:58:44,217 - log - INFO - 开始普池抽卡
2024-11-26 03:58:57,014 - log - INFO - 普池抽卡颜色:PURPLE
2024-11-26 03:58:57,515 - log - INFO - 开始普池抽卡
2024-11-26 03:59:14,653 - log - INFO - 普池抽卡颜色:PURPLE
2024-11-26 03:59:15,155 - log - INFO - 开始普池抽卡
2024-11-26 03:59:31,958 - log - INFO - 普池抽卡颜色:GREEN
2024-11-26 03:59:31,958 - log - INFO - 普池抽卡颜色:GREEN,重新开始
2024-11-26 03:59:31,958 - log - INFO - ================================时间符合:3:59
2024-11-26 03:59:31,958 - log - INFO - 当前次数限制:60,当前已抽次数:3
2024-11-26 03:59:48,119 - log - INFO - 进入主页面
2024-11-26 04:00:08,917 - log - INFO - 主页面跳转+调整时间完成
2024-11-26 04:00:28,204 - log - INFO - 开始普池抽卡
2024-11-26 04:00:40,917 - log - INFO - 普池抽卡颜色:GREEN
2024-11-26 04:00:40,918 - log - INFO - 普池抽卡颜色:GREEN,重新开始
2024-11-26 04:00:40,918 - log - INFO - ================================时间符合:4:0
2024-11-26 04:00:40,918 - log - INFO - 当前次数限制:60,当前已抽次数:4
2024-11-26 04:00:57,334 - log - INFO - 进入主页面
2024-11-26 04:01:07,278 - log - INFO - 主页面跳转+调整时间完成
2024-11-26 04:01:26,684 - log - INFO - 开始普池抽卡
2024-11-26 04:01:39,525 - log - INFO - 普池抽卡颜色:GREEN
2024-11-26 04:01:39,525 - log - INFO - 普池抽卡颜色:GREEN,重新开始
2024-11-26 04:01:39,525 - log - INFO - ================================时间符合:4:1
2024-11-26 04:01:39,525 - log - INFO - 当前次数限制:60,当前已抽次数:5
2024-11-26 04:01:52,051 - log - INFO - 进入主页面
2024-11-26 04:02:01,293 - log - INFO - 主页面跳转+调整时间完成
2024-11-26 04:02:20,539 - log - INFO - 开始普池抽卡
2024-11-26 04:02:33,344 - log - INFO - 普池抽卡颜色:GREEN
2024-11-26 04:02:33,344 - log - INFO - 普池抽卡颜色:GREEN,重新开始
2024-11-26 04:02:33,344 - log - INFO - ================================时间符合:4:2
2024-11-26 04:02:33,344 - log - INFO - 当前次数限制:60,当前已抽次数:6
2024-11-26 04:02:45,704 - log - INFO - 进入主页面
2024-11-26 04:02:56,681 - log - INFO - 主页面跳转+调整时间完成
2024-11-26 04:03:16,027 - log - INFO - 开始普池抽卡
2024-11-26 04:03:28,686 - log - INFO - 普池抽卡颜色:GREEN
2024-11-26 04:03:28,686 - log - INFO - 普池抽卡颜色:GREEN,重新开始
2024-11-26 04:03:28,687 - log - INFO - ================================时间符合:4:3
2024-11-26 04:03:28,687 - log - INFO - 当前次数限制:60,当前已抽次数:7
2024-11-26 04:03:41,069 - log - INFO - 进入主页面
2024-11-26 04:03:51,439 - log - INFO - 主页面跳转+调整时间完成
2024-11-26 04:04:10,723 - log - INFO - 开始普池抽卡
2024-11-26 04:04:23,436 - log - INFO - 普池抽卡颜色:GREEN
2024-11-26 04:04:23,436 - log - INFO - 普池抽卡颜色:GREEN,重新开始
2024-11-26 04:58:00,000 - log - INFO - ================================时间符合:4:58
2024-11-26 04:58:00,000 - log - INFO - 当前次数限制:60,当前已抽次数:8
2024-11-26 04:58:18,811 - log - INFO - 进入主页面
2024-11-26 04:58:28,994 - log - INFO - 主页面跳转+调整时间完成
2024-11-26 04:58:47,995 - log - INFO - 开始普池抽卡
2024-11-26 04:59:00,612 - log - INFO - 普池抽卡颜色:GREEN
2024-11-26 04:59:00,612 - log - INFO - 普池抽卡颜色:GREEN,重新开始
2024-11-26 04:59:00,612 - log - INFO - ================================时间符合:4:59
2024-11-26 04:59:00,612 - log - INFO - 当前次数限制:60,当前已抽次数:9
2024-11-26 04:59:16,787 - log - INFO - 进入主页面
2024-11-26 04:59:26,610 - log - INFO - 主页面跳转+调整时间完成
2024-11-26 04:59:46,014 - log - INFO - 开始普池抽卡
2024-11-26 04:59:58,793 - log - INFO - 普池抽卡颜色:GREEN
2024-11-26 04:59:58,794 - log - INFO - 普池抽卡颜色:GREEN,重新开始
2024-11-26 04:59:58,794 - log - INFO - ================================时间符合:4:59
2024-11-26 04:59:58,794 - log - INFO - 当前次数限制:60,当前已抽次数:10
2024-11-26 05:00:11,190 - log - INFO - 进入主页面
2024-11-26 05:00:20,359 - log - INFO - 主页面跳转+调整时间完成
2024-11-26 05:00:39,437 - log - INFO - 开始普池抽卡
2024-11-26 05:00:52,198 - log - INFO - 普池抽卡颜色:GOLD
2024-11-26 05:00:52,699 - log - INFO - 开始普池抽卡
2024-11-26 05:01:09,357 - log - INFO - 普池抽卡颜色:GREEN
2024-11-26 05:01:09,358 - log - INFO - 普池抽卡颜色:GREEN,重新开始
2024-11-26 05:01:09,358 - log - INFO - ================================时间符合:5:1
2024-11-26 05:01:09,358 - log - INFO - 当前次数限制:60,当前已抽次数:12
2024-11-26 05:01:28,339 - log - INFO - 进入主页面
2024-11-26 05:01:39,336 - log - INFO - 主页面跳转+调整时间完成
2024-11-26 05:01:58,568 - log - INFO - 开始普池抽卡
2024-11-26 05:02:11,128 - log - INFO - 普池抽卡颜色:GREEN
2024-11-26 05:02:11,128 - log - INFO - 普池抽卡颜色:GREEN,重新开始
2024-11-26 05:02:11,128 - log - INFO - ================================时间符合:5:2
2024-11-26 05:02:11,128 - log - INFO - 当前次数限制:60,当前已抽次数:13
2024-11-26 05:02:27,335 - log - INFO - 进入主页面
2024-11-26 05:02:37,538 - log - INFO - 主页面跳转+调整时间完成
2024-11-26 05:02:56,892 - log - INFO - 开始普池抽卡
2024-11-26 05:03:09,543 - log - INFO - 普池抽卡颜色:GREEN
2024-11-26 05:03:09,543 - log - INFO - 普池抽卡颜色:GREEN,重新开始
2024-11-26 05:03:09,543 - log - INFO - ================================时间符合:5:3
2024-11-26 05:03:09,543 - log - INFO - 当前次数限制:60,当前已抽次数:14
2024-11-26 05:03:25,742 - log - INFO - 进入主页面
2024-11-26 05:03:35,693 - log - INFO - 主页面跳转+调整时间完成
2024-11-26 05:03:55,102 - log - INFO - 开始普池抽卡
2024-11-26 05:04:07,926 - log - INFO - 普池抽卡颜色:BLUE
2024-11-26 05:04:08,427 - log - INFO - 开始普池抽卡
2024-11-26 05:04:24,913 - log - INFO - 普池抽卡颜色:GREEN
2024-11-26 05:04:24,914 - log - INFO - 普池抽卡颜色:GREEN,重新开始
2024-11-26 05:58:00,000 - log - INFO - ================================时间符合:5:58
2024-11-26 05:58:00,000 - log - INFO - 当前次数限制:60,当前已抽次数:16
2024-11-26 05:58:22,754 - log - INFO - 进入主页面
2024-11-26 05:58:33,861 - log - INFO - 主页面跳转+调整时间完成
2024-11-26 05:58:53,080 - log - INFO - 开始普池抽卡
2024-11-26 05:59:05,885 - log - INFO - 普池抽卡颜色:GREEN
2024-11-26 05:59:05,885 - log - INFO - 普池抽卡颜色:GREEN,重新开始
2024-11-26 05:59:05,885 - log - INFO - ================================时间符合:5:59
2024-11-26 05:59:05,885 - log - INFO - 当前次数限制:60,当前已抽次数:17
2024-11-26 05:59:22,084 - log - INFO - 进入主页面
2024-11-26 05:59:32,441 - log - INFO - 主页面跳转+调整时间完成
2024-11-26 05:59:51,783 - log - INFO - 开始普池抽卡
2024-11-26 06:00:04,447 - log - INFO - 普池抽卡颜色:GREEN
2024-11-26 06:00:04,447 - log - INFO - 普池抽卡颜色:GREEN,重新开始
2024-11-26 06:00:04,447 - log - INFO - ================================时间符合:6:0
2024-11-26 06:00:04,447 - log - INFO - 当前次数限制:60,当前已抽次数:18
2024-11-26 06:00:17,084 - log - INFO - 进入主页面
2024-11-26 06:00:26,836 - log - INFO - 主页面跳转+调整时间完成
2024-11-26 06:00:46,075 - log - INFO - 开始普池抽卡
2024-11-26 06:00:58,875 - log - INFO - 普池抽卡颜色:PURPLE
2024-11-26 06:00:59,376 - log - INFO - 开始普池抽卡
2024-11-26 06:01:16,244 - log - INFO - 普池抽卡颜色:GREEN
2024-11-26 06:01:16,244 - log - INFO - 普池抽卡颜色:GREEN,重新开始
2024-11-26 06:01:16,246 - log - INFO - ================================时间符合:6:1
2024-11-26 06:01:16,246 - log - INFO - 当前次数限制:60,当前已抽次数:20
2024-11-26 06:01:32,627 - log - INFO - 进入主页面
2024-11-26 06:01:43,026 - log - INFO - 主页面跳转+调整时间完成
2024-11-26 06:02:02,055 - log - INFO - 开始普池抽卡
2024-11-26 06:02:14,597 - log - INFO - 普池抽卡颜色:GREEN
2024-11-26 06:02:14,597 - log - INFO - 普池抽卡颜色:GREEN,重新开始
2024-11-26 06:02:14,597 - log - INFO - ================================时间符合:6:2
2024-11-26 06:02:14,597 - log - INFO - 当前次数限制:60,当前已抽次数:21
2024-11-26 06:02:27,006 - log - INFO - 进入主页面
2024-11-26 06:02:36,766 - log - INFO - 主页面跳转+调整时间完成
2024-11-26 06:02:56,156 - log - INFO - 开始普池抽卡
2024-11-26 06:03:08,771 - log - INFO - 普池抽卡颜色:GREEN
2024-11-26 06:03:08,771 - log - INFO - 普池抽卡颜色:GREEN,重新开始
2024-11-26 06:03:08,771 - log - INFO - ================================时间符合:6:3
2024-11-26 06:03:08,772 - log - INFO - 当前次数限制:60,当前已抽次数:22
2024-11-26 06:03:25,162 - log - INFO - 进入主页面
2024-11-26 06:03:34,379 - log - INFO - 主页面跳转+调整时间完成
2024-11-26 06:03:53,754 - log - INFO - 开始普池抽卡
2024-11-26 06:04:06,621 - log - INFO - 普池抽卡颜色:PURPLE
2024-11-26 06:04:07,122 - log - INFO - 开始普池抽卡
2024-11-26 06:04:23,940 - log - INFO - 普池抽卡颜色:GREEN
2024-11-26 06:04:23,940 - log - INFO - 普池抽卡颜色:GREEN,重新开始
2024-11-26 06:58:00,000 - log - INFO - ================================时间符合:6:58
2024-11-26 06:58:00,000 - log - INFO - 当前次数限制:60,当前已抽次数:24
2024-11-26 06:58:36,342 - log - INFO - 进入主页面
2024-11-26 06:58:46,327 - log - INFO - 主页面跳转+调整时间完成
2024-11-26 06:59:05,659 - log - INFO - 开始普池抽卡
2024-11-26 06:59:18,304 - log - INFO - 普池抽卡颜色:GREEN
2024-11-26 06:59:18,304 - log - INFO - 普池抽卡颜色:GREEN,重新开始
2024-11-26 06:59:18,304 - log - INFO - ================================时间符合:6:59
2024-11-26 06:59:18,305 - log - INFO - 当前次数限制:60,当前已抽次数:25
2024-11-26 06:59:34,524 - log - INFO - 进入主页面
2024-11-26 06:59:48,471 - log - INFO - 主页面跳转+调整时间完成
2024-11-26 07:00:07,539 - log - INFO - 开始普池抽卡
2024-11-26 07:00:20,334 - log - INFO - 普池抽卡颜色:PURPLE
2024-11-26 07:00:20,837 - log - INFO - 开始普池抽卡
2024-11-26 07:00:37,695 - log - INFO - 普池抽卡颜色:BLUE
2024-11-26 07:00:38,196 - log - INFO - 开始普池抽卡
2024-11-26 07:00:54,899 - log - INFO - 普池抽卡颜色:GREEN
2024-11-26 07:00:54,899 - log - INFO - 普池抽卡颜色:GREEN,重新开始
2024-11-26 07:00:54,899 - log - INFO - ================================时间符合:7:0
2024-11-26 07:00:54,899 - log - INFO - 当前次数限制:60,当前已抽次数:28
2024-11-26 07:01:11,456 - log - INFO - 进入主页面
2024-11-26 07:01:22,465 - log - INFO - 主页面跳转+调整时间完成
2024-11-26 07:01:41,614 - log - INFO - 开始普池抽卡
2024-11-26 07:01:54,268 - log - INFO - 普池抽卡颜色:GREEN
2024-11-26 07:01:54,268 - log - INFO - 普池抽卡颜色:GREEN,重新开始
2024-11-26 07:01:54,268 - log - INFO - ================================时间符合:7:1
2024-11-26 07:01:54,268 - log - INFO - 当前次数限制:60,当前已抽次数:29
2024-11-26 07:02:10,444 - log - INFO - 进入主页面
2024-11-26 07:02:20,852 - log - INFO - 主页面跳转+调整时间完成
2024-11-26 07:02:40,205 - log - INFO - 开始普池抽卡
2024-11-26 07:02:52,825 - log - INFO - 普池抽卡颜色:GREEN
2024-11-26 07:02:52,828 - log - INFO - 普池抽卡颜色:GREEN,重新开始
2024-11-26 07:02:52,828 - log - INFO - ================================时间符合:7:2
2024-11-26 07:02:52,828 - log - INFO - 当前次数限制:60,当前已抽次数:30
2024-11-26 07:03:05,465 - log - INFO - 进入主页面
2024-11-26 07:03:15,406 - log - INFO - 主页面跳转+调整时间完成
2024-11-26 07:03:34,468 - log - INFO - 开始普池抽卡
2024-11-26 07:03:47,230 - log - INFO - 普池抽卡颜色:GREEN
2024-11-26 07:03:47,231 - log - INFO - 普池抽卡颜色:GREEN,重新开始
2024-11-26 07:03:47,231 - log - INFO - ================================时间符合:7:3
2024-11-26 07:03:47,231 - log - INFO - 当前次数限制:60,当前已抽次数:31
2024-11-26 07:03:59,595 - log - INFO - 进入主页面
2024-11-26 07:04:08,785 - log - INFO - 主页面跳转+调整时间完成
2024-11-26 07:04:27,984 - log - INFO - 开始普池抽卡
2024-11-26 07:04:40,599 - log - INFO - 普池抽卡颜色:GREEN
2024-11-26 07:04:40,599 - log - INFO - 普池抽卡颜色:GREEN,重新开始
2024-11-26 07:32:54,386 - log - INFO - 抽卡统计:
2024-11-26 07:32:54,387 - log - INFO - 全英雄卡池金卡概率:1/32=0.03
2024-11-26 07:32:54,387 - log - INFO - 全英雄卡池紫卡概率:5/32=0.16
